{"/home/jafet/projetos/back-end/sd-03-trybeer-11/back-end/app.js": {"path":"/home/jafet/projetos/back-end/sd-03-trybeer-11/back-end/app.js","statementMap":{"0":{"start":{"line":1,"column":13},"end":{"line":1,"column":28}},"1":{"start":{"line":2,"column":19},"end":{"line":2,"column":41}},"2":{"start":{"line":3,"column":16},"end":{"line":3,"column":34}},"3":{"start":{"line":4,"column":13},"end":{"line":4,"column":28}},"4":{"start":{"line":5,"column":53},"end":{"line":5,"column":72}},"5":{"start":{"line":6,"column":28},"end":{"line":6,"column":51}},"6":{"start":{"line":8,"column":12},"end":{"line":8,"column":21}},"7":{"start":{"line":10,"column":0},"end":{"line":10,"column":27}},"8":{"start":{"line":11,"column":0},"end":{"line":11,"column":16}},"9":{"start":{"line":18,"column":0},"end":{"line":18,"column":31}},"10":{"start":{"line":19,"column":0},"end":{"line":19,"column":69}},"11":{"start":{"line":20,"column":0},"end":{"line":20,"column":37}},"12":{"start":{"line":21,"column":0},"end":{"line":21,"column":30}},"13":{"start":{"line":22,"column":0},"end":{"line":22,"column":31}},"14":{"start":{"line":24,"column":0},"end":{"line":24,"column":81}},"15":{"start":{"line":24,"column":28},"end":{"line":24,"column":79}},"16":{"start":{"line":26,"column":0},"end":{"line":26,"column":25}},"17":{"start":{"line":28,"column":0},"end":{"line":28,"column":21}}},"fnMap":{"0":{"name":"(anonymous_0)","decl":{"start":{"line":24,"column":13},"end":{"line":24,"column":14}},"loc":{"start":{"line":24,"column":28},"end":{"line":24,"column":79}},"line":24}},"branchMap":{},"s":{"0":1,"1":1,"2":1,"3":1,"4":1,"5":1,"6":1,"7":1,"8":1,"9":1,"10":1,"11":1,"12":1,"13":1,"14":1,"15":0,"16":1,"17":1},"f":{"0":0},"b":{},"_coverageSchema":"1a1c01bbd47fc00a2c39e90264f33305004495a9","hash":"e7f3255579b886b722209316a2e1ac18574b08ed"}
,"/home/jafet/projetos/back-end/sd-03-trybeer-11/back-end/controllers/index.js": {"path":"/home/jafet/projetos/back-end/sd-03-trybeer-11/back-end/controllers/index.js","statementMap":{"0":{"start":{"line":1,"column":28},"end":{"line":1,"column":49}},"1":{"start":{"line":2,"column":25},"end":{"line":2,"column":43}},"2":{"start":{"line":3,"column":25},"end":{"line":3,"column":43}},"3":{"start":{"line":5,"column":0},"end":{"line":9,"column":2}}},"fnMap":{},"branchMap":{},"s":{"0":1,"1":1,"2":1,"3":1},"f":{},"b":{},"_coverageSchema":"1a1c01bbd47fc00a2c39e90264f33305004495a9","hash":"3a3c27281b5023c8c01c0672d27047a00f581f7e"}
,"/home/jafet/projetos/back-end/sd-03-trybeer-11/back-end/controllers/products.js": {"path":"/home/jafet/projetos/back-end/sd-03-trybeer-11/back-end/controllers/products.js","statementMap":{"0":{"start":{"line":1,"column":15},"end":{"line":1,"column":40}},"1":{"start":{"line":2,"column":29},"end":{"line":2,"column":51}},"2":{"start":{"line":4,"column":15},"end":{"line":11,"column":1}},"3":{"start":{"line":6,"column":21},"end":{"line":6,"column":52}},"4":{"start":{"line":7,"column":4},"end":{"line":9,"column":7}},"5":{"start":{"line":13,"column":0},"end":{"line":15,"column":2}}},"fnMap":{"0":{"name":"(anonymous_0)","decl":{"start":{"line":5,"column":2},"end":{"line":5,"column":3}},"loc":{"start":{"line":5,"column":30},"end":{"line":10,"column":3}},"line":5}},"branchMap":{},"s":{"0":1,"1":1,"2":1,"3":2,"4":2,"5":1},"f":{"0":2},"b":{},"_coverageSchema":"1a1c01bbd47fc00a2c39e90264f33305004495a9","hash":"e100073741d361220cb555eca6a7a5f8a8aa71e5"}
,"/home/jafet/projetos/back-end/sd-03-trybeer-11/back-end/controllers/sales.js": {"path":"/home/jafet/projetos/back-end/sd-03-trybeer-11/back-end/controllers/sales.js","statementMap":{"0":{"start":{"line":1,"column":13},"end":{"line":1,"column":28}},"1":{"start":{"line":2,"column":15},"end":{"line":2,"column":40}},"2":{"start":{"line":3,"column":26},"end":{"line":3,"column":48}},"3":{"start":{"line":5,"column":19},"end":{"line":31,"column":2}},"4":{"start":{"line":6,"column":15},"end":{"line":6,"column":25}},"5":{"start":{"line":7,"column":68},"end":{"line":7,"column":76}},"6":{"start":{"line":9,"column":19},"end":{"line":10,"column":65}},"7":{"start":{"line":12,"column":25},"end":{"line":12,"column":33}},"8":{"start":{"line":14,"column":20},"end":{"line":16,"column":4}},"9":{"start":{"line":18,"column":2},"end":{"line":18,"column":46}},"10":{"start":{"line":18,"column":13},"end":{"line":18,"column":46}},"11":{"start":{"line":20,"column":17},"end":{"line":22,"column":4}},"12":{"start":{"line":24,"column":2},"end":{"line":28,"column":4}},"13":{"start":{"line":26,"column":6},"end":{"line":26,"column":75}},"14":{"start":{"line":30,"column":2},"end":{"line":30,"column":64}},"15":{"start":{"line":33,"column":20},"end":{"line":37,"column":2}},"16":{"start":{"line":34,"column":14},"end":{"line":34,"column":73}},"17":{"start":{"line":35,"column":16},"end":{"line":35,"column":46}},"18":{"start":{"line":36,"column":2},"end":{"line":36,"column":41}},"19":{"start":{"line":39,"column":23},"end":{"line":58,"column":2}},"20":{"start":{"line":40,"column":17},"end":{"line":40,"column":27}},"21":{"start":{"line":42,"column":20},"end":{"line":42,"column":55}},"22":{"start":{"line":44,"column":2},"end":{"line":44,"column":57}},"23":{"start":{"line":44,"column":13},"end":{"line":44,"column":57}},"24":{"start":{"line":46,"column":27},"end":{"line":49,"column":4}},"25":{"start":{"line":51,"column":2},"end":{"line":51,"column":59}},"26":{"start":{"line":51,"column":18},"end":{"line":51,"column":59}},"27":{"start":{"line":53,"column":2},"end":{"line":55,"column":3}},"28":{"start":{"line":54,"column":4},"end":{"line":54,"column":82}},"29":{"start":{"line":57,"column":2},"end":{"line":57,"column":53}},"30":{"start":{"line":60,"column":19},"end":{"line":73,"column":2}},"31":{"start":{"line":61,"column":17},"end":{"line":61,"column":27}},"32":{"start":{"line":62,"column":21},"end":{"line":62,"column":29}},"33":{"start":{"line":64,"column":25},"end":{"line":64,"column":33}},"34":{"start":{"line":66,"column":20},"end":{"line":66,"column":62}},"35":{"start":{"line":68,"column":2},"end":{"line":68,"column":59}},"36":{"start":{"line":68,"column":13},"end":{"line":68,"column":59}},"37":{"start":{"line":70,"column":2},"end":{"line":70,"column":47}},"38":{"start":{"line":72,"column":2},"end":{"line":72,"column":56}},"39":{"start":{"line":75,"column":0},"end":{"line":80,"column":2}}},"fnMap":{"0":{"name":"(anonymous_0)","decl":{"start":{"line":5,"column":26},"end":{"line":5,"column":27}},"loc":{"start":{"line":5,"column":52},"end":{"line":31,"column":1}},"line":5},"1":{"name":"(anonymous_1)","decl":{"start":{"line":25,"column":17},"end":{"line":25,"column":18}},"loc":{"start":{"line":25,"column":58},"end":{"line":27,"column":5}},"line":25},"2":{"name":"(anonymous_2)","decl":{"start":{"line":33,"column":27},"end":{"line":33,"column":28}},"loc":{"start":{"line":33,"column":54},"end":{"line":37,"column":1}},"line":33},"3":{"name":"(anonymous_3)","decl":{"start":{"line":39,"column":30},"end":{"line":39,"column":31}},"loc":{"start":{"line":39,"column":56},"end":{"line":58,"column":1}},"line":39},"4":{"name":"(anonymous_4)","decl":{"start":{"line":60,"column":26},"end":{"line":60,"column":27}},"loc":{"start":{"line":60,"column":52},"end":{"line":73,"column":1}},"line":60}},"branchMap":{"0":{"loc":{"start":{"line":18,"column":2},"end":{"line":18,"column":46}},"type":"if","locations":[{"start":{"line":18,"column":2},"end":{"line":18,"column":46}},{"start":{"line":18,"column":2},"end":{"line":18,"column":46}}],"line":18},"1":{"loc":{"start":{"line":34,"column":14},"end":{"line":34,"column":73}},"type":"cond-expr","locations":[{"start":{"line":34,"column":50},"end":{"line":34,"column":59}},{"start":{"line":34,"column":62},"end":{"line":34,"column":73}}],"line":34},"2":{"loc":{"start":{"line":44,"column":2},"end":{"line":44,"column":57}},"type":"if","locations":[{"start":{"line":44,"column":2},"end":{"line":44,"column":57}},{"start":{"line":44,"column":2},"end":{"line":44,"column":57}}],"line":44},"3":{"loc":{"start":{"line":51,"column":2},"end":{"line":51,"column":59}},"type":"if","locations":[{"start":{"line":51,"column":2},"end":{"line":51,"column":59}},{"start":{"line":51,"column":2},"end":{"line":51,"column":59}}],"line":51},"4":{"loc":{"start":{"line":53,"column":2},"end":{"line":55,"column":3}},"type":"if","locations":[{"start":{"line":53,"column":2},"end":{"line":55,"column":3}},{"start":{"line":53,"column":2},"end":{"line":55,"column":3}}],"line":53},"5":{"loc":{"start":{"line":53,"column":6},"end":{"line":53,"column":70}},"type":"binary-expr","locations":[{"start":{"line":53,"column":6},"end":{"line":53,"column":39}},{"start":{"line":53,"column":43},"end":{"line":53,"column":70}}],"line":53},"6":{"loc":{"start":{"line":68,"column":2},"end":{"line":68,"column":59}},"type":"if","locations":[{"start":{"line":68,"column":2},"end":{"line":68,"column":59}},{"start":{"line":68,"column":2},"end":{"line":68,"column":59}}],"line":68}},"s":{"0":1,"1":1,"2":1,"3":1,"4":5,"5":5,"6":5,"7":5,"8":5,"9":5,"10":4,"11":1,"12":1,"13":1,"14":1,"15":1,"16":3,"17":3,"18":3,"19":1,"20":1,"21":1,"22":1,"23":0,"24":1,"25":1,"26":0,"27":1,"28":0,"29":1,"30":1,"31":1,"32":1,"33":1,"34":1,"35":1,"36":0,"37":1,"38":1,"39":1},"f":{"0":5,"1":1,"2":3,"3":1,"4":1},"b":{"0":[4,1],"1":[0,3],"2":[0,1],"3":[0,1],"4":[0,1],"5":[1,1],"6":[0,1]},"_coverageSchema":"1a1c01bbd47fc00a2c39e90264f33305004495a9","hash":"92a69a6a55656aff3880bec75e39361e54284429"}
,"/home/jafet/projetos/back-end/sd-03-trybeer-11/back-end/controllers/users.js": {"path":"/home/jafet/projetos/back-end/sd-03-trybeer-11/back-end/controllers/users.js","statementMap":{"0":{"start":{"line":1,"column":15},"end":{"line":1,"column":40}},"1":{"start":{"line":2,"column":13},"end":{"line":2,"column":28}},"2":{"start":{"line":4,"column":26},"end":{"line":4,"column":48}},"3":{"start":{"line":6,"column":14},"end":{"line":26,"column":2}},"4":{"start":{"line":7,"column":43},"end":{"line":7,"column":57}},"5":{"start":{"line":9,"column":20},"end":{"line":9,"column":88}},"6":{"start":{"line":11,"column":2},"end":{"line":11,"column":71}},"7":{"start":{"line":11,"column":13},"end":{"line":11,"column":71}},"8":{"start":{"line":13,"column":32},"end":{"line":13,"column":79}},"9":{"start":{"line":15,"column":2},"end":{"line":15,"column":90}},"10":{"start":{"line":15,"column":32},"end":{"line":15,"column":90}},"11":{"start":{"line":17,"column":2},"end":{"line":25,"column":3}},"12":{"start":{"line":18,"column":41},"end":{"line":18,"column":74}},"13":{"start":{"line":20,"column":4},"end":{"line":20,"column":58}},"14":{"start":{"line":20,"column":20},"end":{"line":20,"column":58}},"15":{"start":{"line":22,"column":4},"end":{"line":22,"column":52}},"16":{"start":{"line":24,"column":4},"end":{"line":24,"column":67}},"17":{"start":{"line":28,"column":16},"end":{"line":35,"column":2}},"18":{"start":{"line":29,"column":20},"end":{"line":29,"column":28}},"19":{"start":{"line":31,"column":32},"end":{"line":31,"column":73}},"20":{"start":{"line":33,"column":2},"end":{"line":33,"column":69}},"21":{"start":{"line":33,"column":13},"end":{"line":33,"column":69}},"22":{"start":{"line":34,"column":2},"end":{"line":34,"column":43}},"23":{"start":{"line":37,"column":17},"end":{"line":48,"column":1}},"24":{"start":{"line":38,"column":42},"end":{"line":38,"column":50}},"25":{"start":{"line":40,"column":2},"end":{"line":40,"column":86}},"26":{"start":{"line":40,"column":36},"end":{"line":40,"column":86}},"27":{"start":{"line":42,"column":27},"end":{"line":42,"column":93}},"28":{"start":{"line":44,"column":2},"end":{"line":44,"column":46}},"29":{"start":{"line":44,"column":13},"end":{"line":44,"column":46}},"30":{"start":{"line":46,"column":2},"end":{"line":46,"column":24}},"31":{"start":{"line":47,"column":2},"end":{"line":47,"column":16}},"32":{"start":{"line":50,"column":17},"end":{"line":64,"column":2}},"33":{"start":{"line":51,"column":42},"end":{"line":51,"column":55}},"34":{"start":{"line":53,"column":17},"end":{"line":53,"column":58}},"35":{"start":{"line":55,"column":2},"end":{"line":55,"column":68}},"36":{"start":{"line":55,"column":10},"end":{"line":55,"column":68}},"37":{"start":{"line":57,"column":18},"end":{"line":57,"column":81}},"38":{"start":{"line":59,"column":27},"end":{"line":59,"column":63}},"39":{"start":{"line":61,"column":2},"end":{"line":61,"column":51}},"40":{"start":{"line":61,"column":13},"end":{"line":61,"column":51}},"41":{"start":{"line":63,"column":2},"end":{"line":63,"column":53}},"42":{"start":{"line":66,"column":19},"end":{"line":78,"column":2}},"43":{"start":{"line":67,"column":19},"end":{"line":67,"column":27}},"44":{"start":{"line":68,"column":17},"end":{"line":68,"column":25}},"45":{"start":{"line":70,"column":20},"end":{"line":70,"column":59}},"46":{"start":{"line":72,"column":2},"end":{"line":72,"column":46}},"47":{"start":{"line":72,"column":13},"end":{"line":72,"column":46}},"48":{"start":{"line":73,"column":22},"end":{"line":73,"column":70}},"49":{"start":{"line":75,"column":2},"end":{"line":75,"column":58}},"50":{"start":{"line":75,"column":24},"end":{"line":75,"column":58}},"51":{"start":{"line":77,"column":2},"end":{"line":77,"column":50}},"52":{"start":{"line":80,"column":0},"end":{"line":86,"column":2}}},"fnMap":{"0":{"name":"(anonymous_0)","decl":{"start":{"line":6,"column":21},"end":{"line":6,"column":22}},"loc":{"start":{"line":6,"column":47},"end":{"line":26,"column":1}},"line":6},"1":{"name":"(anonymous_1)","decl":{"start":{"line":28,"column":23},"end":{"line":28,"column":24}},"loc":{"start":{"line":28,"column":49},"end":{"line":35,"column":1}},"line":28},"2":{"name":"(anonymous_2)","decl":{"start":{"line":37,"column":17},"end":{"line":37,"column":18}},"loc":{"start":{"line":37,"column":38},"end":{"line":48,"column":1}},"line":37},"3":{"name":"(anonymous_3)","decl":{"start":{"line":50,"column":24},"end":{"line":50,"column":25}},"loc":{"start":{"line":50,"column":50},"end":{"line":64,"column":1}},"line":50},"4":{"name":"(anonymous_4)","decl":{"start":{"line":66,"column":26},"end":{"line":66,"column":27}},"loc":{"start":{"line":66,"column":52},"end":{"line":78,"column":1}},"line":66}},"branchMap":{"0":{"loc":{"start":{"line":7,"column":43},"end":{"line":7,"column":57}},"type":"binary-expr","locations":[{"start":{"line":7,"column":43},"end":{"line":7,"column":51}},{"start":{"line":7,"column":55},"end":{"line":7,"column":57}}],"line":7},"1":{"loc":{"start":{"line":11,"column":2},"end":{"line":11,"column":71}},"type":"if","locations":[{"start":{"line":11,"column":2},"end":{"line":11,"column":71}},{"start":{"line":11,"column":2},"end":{"line":11,"column":71}}],"line":11},"2":{"loc":{"start":{"line":13,"column":32},"end":{"line":13,"column":79}},"type":"binary-expr","locations":[{"start":{"line":13,"column":32},"end":{"line":13,"column":73}},{"start":{"line":13,"column":77},"end":{"line":13,"column":79}}],"line":13},"3":{"loc":{"start":{"line":15,"column":2},"end":{"line":15,"column":90}},"type":"if","locations":[{"start":{"line":15,"column":2},"end":{"line":15,"column":90}},{"start":{"line":15,"column":2},"end":{"line":15,"column":90}}],"line":15},"4":{"loc":{"start":{"line":20,"column":4},"end":{"line":20,"column":58}},"type":"if","locations":[{"start":{"line":20,"column":4},"end":{"line":20,"column":58}},{"start":{"line":20,"column":4},"end":{"line":20,"column":58}}],"line":20},"5":{"loc":{"start":{"line":33,"column":2},"end":{"line":33,"column":69}},"type":"if","locations":[{"start":{"line":33,"column":2},"end":{"line":33,"column":69}},{"start":{"line":33,"column":2},"end":{"line":33,"column":69}}],"line":33},"6":{"loc":{"start":{"line":40,"column":2},"end":{"line":40,"column":86}},"type":"if","locations":[{"start":{"line":40,"column":2},"end":{"line":40,"column":86}},{"start":{"line":40,"column":2},"end":{"line":40,"column":86}}],"line":40},"7":{"loc":{"start":{"line":40,"column":6},"end":{"line":40,"column":34}},"type":"binary-expr","locations":[{"start":{"line":40,"column":6},"end":{"line":40,"column":12}},{"start":{"line":40,"column":16},"end":{"line":40,"column":21}},{"start":{"line":40,"column":25},"end":{"line":40,"column":34}}],"line":40},"8":{"loc":{"start":{"line":44,"column":2},"end":{"line":44,"column":46}},"type":"if","locations":[{"start":{"line":44,"column":2},"end":{"line":44,"column":46}},{"start":{"line":44,"column":2},"end":{"line":44,"column":46}}],"line":44},"9":{"loc":{"start":{"line":55,"column":2},"end":{"line":55,"column":68}},"type":"if","locations":[{"start":{"line":55,"column":2},"end":{"line":55,"column":68}},{"start":{"line":55,"column":2},"end":{"line":55,"column":68}}],"line":55},"10":{"loc":{"start":{"line":61,"column":2},"end":{"line":61,"column":51}},"type":"if","locations":[{"start":{"line":61,"column":2},"end":{"line":61,"column":51}},{"start":{"line":61,"column":2},"end":{"line":61,"column":51}}],"line":61},"11":{"loc":{"start":{"line":72,"column":2},"end":{"line":72,"column":46}},"type":"if","locations":[{"start":{"line":72,"column":2},"end":{"line":72,"column":46}},{"start":{"line":72,"column":2},"end":{"line":72,"column":46}}],"line":72},"12":{"loc":{"start":{"line":75,"column":2},"end":{"line":75,"column":58}},"type":"if","locations":[{"start":{"line":75,"column":2},"end":{"line":75,"column":58}},{"start":{"line":75,"column":2},"end":{"line":75,"column":58}}],"line":75}},"s":{"0":1,"1":1,"2":1,"3":1,"4":3,"5":3,"6":3,"7":0,"8":3,"9":3,"10":2,"11":1,"12":1,"13":1,"14":0,"15":1,"16":0,"17":1,"18":1,"19":1,"20":1,"21":0,"22":1,"23":1,"24":15,"25":15,"26":1,"27":14,"28":14,"29":5,"30":9,"31":9,"32":1,"33":9,"34":9,"35":9,"36":1,"37":8,"38":8,"39":8,"40":0,"41":8,"42":1,"43":1,"44":1,"45":1,"46":1,"47":0,"48":1,"49":1,"50":0,"51":1,"52":1},"f":{"0":3,"1":1,"2":15,"3":9,"4":1},"b":{"0":[3,0],"1":[0,3],"2":[3,0],"3":[2,1],"4":[0,1],"5":[0,1],"6":[1,14],"7":[15,14,14],"8":[5,9],"9":[1,8],"10":[0,8],"11":[0,1],"12":[0,1]},"_coverageSchema":"1a1c01bbd47fc00a2c39e90264f33305004495a9","hash":"177879bf174d3ff6dea2a063b16425f70cbfa3d1"}
,"/home/jafet/projetos/back-end/sd-03-trybeer-11/back-end/middleware/auth.js": {"path":"/home/jafet/projetos/back-end/sd-03-trybeer-11/back-end/middleware/auth.js","statementMap":{"0":{"start":{"line":1,"column":12},"end":{"line":1,"column":35}},"1":{"start":{"line":2,"column":13},"end":{"line":2,"column":28}},"2":{"start":{"line":3,"column":15},"end":{"line":3,"column":40}},"3":{"start":{"line":5,"column":26},"end":{"line":5,"column":48}},"4":{"start":{"line":7,"column":48},"end":{"line":7,"column":59}},"5":{"start":{"line":9,"column":0},"end":{"line":26,"column":3}},"6":{"start":{"line":9,"column":41},"end":{"line":26,"column":2}},"7":{"start":{"line":10,"column":35},"end":{"line":10,"column":46}},"8":{"start":{"line":12,"column":2},"end":{"line":25,"column":3}},"9":{"start":{"line":13,"column":17},"end":{"line":13,"column":42}},"10":{"start":{"line":15,"column":19},"end":{"line":15,"column":65}},"11":{"start":{"line":17,"column":4},"end":{"line":19,"column":5}},"12":{"start":{"line":18,"column":6},"end":{"line":18,"column":64}},"13":{"start":{"line":21,"column":4},"end":{"line":21,"column":22}},"14":{"start":{"line":22,"column":4},"end":{"line":22,"column":18}},"15":{"start":{"line":24,"column":4},"end":{"line":24,"column":60}}},"fnMap":{"0":{"name":"(anonymous_0)","decl":{"start":{"line":9,"column":17},"end":{"line":9,"column":18}},"loc":{"start":{"line":9,"column":41},"end":{"line":26,"column":2}},"line":9},"1":{"name":"(anonymous_1)","decl":{"start":{"line":9,"column":48},"end":{"line":9,"column":49}},"loc":{"start":{"line":9,"column":75},"end":{"line":26,"column":1}},"line":9}},"branchMap":{"0":{"loc":{"start":{"line":7,"column":8},"end":{"line":7,"column":43}},"type":"default-arg","locations":[{"start":{"line":7,"column":17},"end":{"line":7,"column":43}}],"line":7},"1":{"loc":{"start":{"line":9,"column":18},"end":{"line":9,"column":36}},"type":"default-arg","locations":[{"start":{"line":9,"column":32},"end":{"line":9,"column":36}}],"line":9},"2":{"loc":{"start":{"line":17,"column":4},"end":{"line":19,"column":5}},"type":"if","locations":[{"start":{"line":17,"column":4},"end":{"line":19,"column":5}},{"start":{"line":17,"column":4},"end":{"line":19,"column":5}}],"line":17},"3":{"loc":{"start":{"line":17,"column":8},"end":{"line":17,"column":30}},"type":"binary-expr","locations":[{"start":{"line":17,"column":8},"end":{"line":17,"column":15}},{"start":{"line":17,"column":19},"end":{"line":17,"column":30}}],"line":17}},"s":{"0":1,"1":1,"2":1,"3":1,"4":1,"5":1,"6":7,"7":17,"8":17,"9":17,"10":14,"11":14,"12":0,"13":14,"14":14,"15":3},"f":{"0":7,"1":17},"b":{"0":[1],"1":[0],"2":[0,14],"3":[14,0]},"_coverageSchema":"1a1c01bbd47fc00a2c39e90264f33305004495a9","hash":"b6ce284df841b9b5b95accd97aafd846c7b3f8d7"}
,"/home/jafet/projetos/back-end/sd-03-trybeer-11/back-end/middleware/error.js": {"path":"/home/jafet/projetos/back-end/sd-03-trybeer-11/back-end/middleware/error.js","statementMap":{"0":{"start":{"line":1,"column":13},"end":{"line":1,"column":28}},"1":{"start":{"line":3,"column":0},"end":{"line":21,"column":2}},"2":{"start":{"line":4,"column":2},"end":{"line":10,"column":3}},"3":{"start":{"line":7,"column":8},"end":{"line":7,"column":11}},"4":{"start":{"line":9,"column":4},"end":{"line":9,"column":77}},"5":{"start":{"line":12,"column":2},"end":{"line":12,"column":21}},"6":{"start":{"line":14,"column":2},"end":{"line":20,"column":5}}},"fnMap":{"0":{"name":"(anonymous_0)","decl":{"start":{"line":3,"column":17},"end":{"line":3,"column":18}},"loc":{"start":{"line":3,"column":44},"end":{"line":21,"column":1}},"line":3}},"branchMap":{"0":{"loc":{"start":{"line":4,"column":2},"end":{"line":10,"column":3}},"type":"if","locations":[{"start":{"line":4,"column":2},"end":{"line":10,"column":3}},{"start":{"line":4,"column":2},"end":{"line":10,"column":3}}],"line":4}},"s":{"0":1,"1":1,"2":16,"3":16,"4":16,"5":0,"6":0},"f":{"0":16},"b":{"0":[16,0]},"_coverageSchema":"1a1c01bbd47fc00a2c39e90264f33305004495a9","hash":"d4268d1d488b6b15a703c0a5216bc6a9a89bcc0d"}
,"/home/jafet/projetos/back-end/sd-03-trybeer-11/back-end/middleware/index.js": {"path":"/home/jafet/projetos/back-end/sd-03-trybeer-11/back-end/middleware/index.js","statementMap":{"0":{"start":{"line":1,"column":23},"end":{"line":1,"column":40}},"1":{"start":{"line":2,"column":24},"end":{"line":2,"column":42}},"2":{"start":{"line":4,"column":0},"end":{"line":7,"column":2}}},"fnMap":{},"branchMap":{},"s":{"0":1,"1":1,"2":1},"f":{},"b":{},"_coverageSchema":"1a1c01bbd47fc00a2c39e90264f33305004495a9","hash":"a6848767c8cc281c9d4eb1f200a0a91448ca9ba8"}
,"/home/jafet/projetos/back-end/sd-03-trybeer-11/back-end/models/connection.js": {"path":"/home/jafet/projetos/back-end/sd-03-trybeer-11/back-end/models/connection.js","statementMap":{"0":{"start":{"line":1,"column":0},"end":{"line":1,"column":25}},"1":{"start":{"line":2,"column":15},"end":{"line":2,"column":40}},"2":{"start":{"line":6,"column":87},"end":{"line":6,"column":98}},"3":{"start":{"line":8,"column":0},"end":{"line":26,"column":2}},"4":{"start":{"line":9,"column":2},"end":{"line":9,"column":45}},"5":{"start":{"line":9,"column":14},"end":{"line":9,"column":45}},"6":{"start":{"line":10,"column":2},"end":{"line":25,"column":7}},"7":{"start":{"line":19,"column":6},"end":{"line":19,"column":48}},"8":{"start":{"line":20,"column":6},"end":{"line":20,"column":20}},"9":{"start":{"line":23,"column":6},"end":{"line":23,"column":25}},"10":{"start":{"line":24,"column":6},"end":{"line":24,"column":22}}},"fnMap":{"0":{"name":"(anonymous_0)","decl":{"start":{"line":8,"column":17},"end":{"line":8,"column":18}},"loc":{"start":{"line":8,"column":23},"end":{"line":26,"column":1}},"line":8},"1":{"name":"(anonymous_1)","decl":{"start":{"line":18,"column":10},"end":{"line":18,"column":11}},"loc":{"start":{"line":18,"column":29},"end":{"line":21,"column":5}},"line":18},"2":{"name":"(anonymous_2)","decl":{"start":{"line":22,"column":11},"end":{"line":22,"column":12}},"loc":{"start":{"line":22,"column":20},"end":{"line":25,"column":5}},"line":22}},"branchMap":{"0":{"loc":{"start":{"line":6,"column":46},"end":{"line":6,"column":61}},"type":"default-arg","locations":[{"start":{"line":6,"column":56},"end":{"line":6,"column":61}}],"line":6},"1":{"loc":{"start":{"line":6,"column":63},"end":{"line":6,"column":82}},"type":"default-arg","locations":[{"start":{"line":6,"column":73},"end":{"line":6,"column":82}}],"line":6},"2":{"loc":{"start":{"line":9,"column":2},"end":{"line":9,"column":45}},"type":"if","locations":[{"start":{"line":9,"column":2},"end":{"line":9,"column":45}},{"start":{"line":9,"column":2},"end":{"line":9,"column":45}}],"line":9}},"s":{"0":1,"1":1,"2":1,"3":1,"4":47,"5":46,"6":1,"7":1,"8":1,"9":0,"10":0},"f":{"0":47,"1":1,"2":0},"b":{"0":[0],"1":[0],"2":[46,1]},"_coverageSchema":"1a1c01bbd47fc00a2c39e90264f33305004495a9","hash":"25ad6a8b4dd141052e8b0927ff6716daa2da612a"}
,"/home/jafet/projetos/back-end/sd-03-trybeer-11/back-end/models/connectionPlain.js": {"path":"/home/jafet/projetos/back-end/sd-03-trybeer-11/back-end/models/connectionPlain.js","statementMap":{"0":{"start":{"line":1,"column":0},"end":{"line":1,"column":25}},"1":{"start":{"line":2,"column":15},"end":{"line":2,"column":40}},"2":{"start":{"line":4,"column":66},"end":{"line":4,"column":77}},"3":{"start":{"line":6,"column":0},"end":{"line":17,"column":5}},"4":{"start":{"line":6,"column":23},"end":{"line":17,"column":4}},"5":{"start":{"line":15,"column":4},"end":{"line":15,"column":23}},"6":{"start":{"line":16,"column":4},"end":{"line":16,"column":20}}},"fnMap":{"0":{"name":"(anonymous_0)","decl":{"start":{"line":6,"column":17},"end":{"line":6,"column":18}},"loc":{"start":{"line":6,"column":23},"end":{"line":17,"column":4}},"line":6},"1":{"name":"(anonymous_1)","decl":{"start":{"line":14,"column":9},"end":{"line":14,"column":10}},"loc":{"start":{"line":14,"column":18},"end":{"line":17,"column":3}},"line":14}},"branchMap":{"0":{"loc":{"start":{"line":4,"column":46},"end":{"line":4,"column":61}},"type":"default-arg","locations":[{"start":{"line":4,"column":56},"end":{"line":4,"column":61}}],"line":4}},"s":{"0":1,"1":1,"2":1,"3":1,"4":1,"5":0,"6":0},"f":{"0":1,"1":0},"b":{"0":[0]},"_coverageSchema":"1a1c01bbd47fc00a2c39e90264f33305004495a9","hash":"2d6cdad52878424ee73063ba4884ab373eff67fc"}
,"/home/jafet/projetos/back-end/sd-03-trybeer-11/back-end/models/index.js": {"path":"/home/jafet/projetos/back-end/sd-03-trybeer-11/back-end/models/index.js","statementMap":{"0":{"start":{"line":1,"column":22},"end":{"line":1,"column":43}},"1":{"start":{"line":2,"column":19},"end":{"line":2,"column":37}},"2":{"start":{"line":3,"column":19},"end":{"line":3,"column":37}},"3":{"start":{"line":5,"column":0},"end":{"line":9,"column":2}}},"fnMap":{},"branchMap":{},"s":{"0":1,"1":1,"2":1,"3":1},"f":{},"b":{},"_coverageSchema":"1a1c01bbd47fc00a2c39e90264f33305004495a9","hash":"06efa13184beeaf43f3837f29bd59ed58edf82b7"}
,"/home/jafet/projetos/back-end/sd-03-trybeer-11/back-end/models/products.js": {"path":"/home/jafet/projetos/back-end/sd-03-trybeer-11/back-end/models/products.js","statementMap":{"0":{"start":{"line":1,"column":19},"end":{"line":1,"column":42}},"1":{"start":{"line":3,"column":15},"end":{"line":12,"column":6}},"2":{"start":{"line":3,"column":27},"end":{"line":12,"column":6}},"3":{"start":{"line":4,"column":16},"end":{"line":4,"column":39}},"4":{"start":{"line":5,"column":19},"end":{"line":5,"column":43}},"5":{"start":{"line":6,"column":22},"end":{"line":6,"column":41}},"6":{"start":{"line":7,"column":22},"end":{"line":12,"column":5}},"7":{"start":{"line":7,"column":69},"end":{"line":12,"column":3}},"8":{"start":{"line":14,"column":0},"end":{"line":16,"column":2}}},"fnMap":{"0":{"name":"(anonymous_0)","decl":{"start":{"line":3,"column":15},"end":{"line":3,"column":16}},"loc":{"start":{"line":3,"column":27},"end":{"line":12,"column":6}},"line":3},"1":{"name":"(anonymous_1)","decl":{"start":{"line":4,"column":8},"end":{"line":4,"column":9}},"loc":{"start":{"line":4,"column":16},"end":{"line":4,"column":39}},"line":4},"2":{"name":"(anonymous_2)","decl":{"start":{"line":5,"column":8},"end":{"line":5,"column":9}},"loc":{"start":{"line":5,"column":19},"end":{"line":5,"column":43}},"line":5},"3":{"name":"(anonymous_3)","decl":{"start":{"line":6,"column":8},"end":{"line":6,"column":9}},"loc":{"start":{"line":6,"column":22},"end":{"line":6,"column":41}},"line":6},"4":{"name":"(anonymous_4)","decl":{"start":{"line":7,"column":8},"end":{"line":7,"column":9}},"loc":{"start":{"line":7,"column":22},"end":{"line":12,"column":5}},"line":7},"5":{"name":"(anonymous_5)","decl":{"start":{"line":7,"column":35},"end":{"line":7,"column":36}},"loc":{"start":{"line":7,"column":69},"end":{"line":12,"column":3}},"line":7}},"branchMap":{},"s":{"0":1,"1":1,"2":2,"3":2,"4":2,"5":2,"6":2,"7":22,"8":1},"f":{"0":2,"1":2,"2":2,"3":2,"4":2,"5":22},"b":{},"_coverageSchema":"1a1c01bbd47fc00a2c39e90264f33305004495a9","hash":"2a9cf20a005a787e98447d9b2a2c680a33ed6f9d"}
,"/home/jafet/projetos/back-end/sd-03-trybeer-11/back-end/models/sales.js": {"path":"/home/jafet/projetos/back-end/sd-03-trybeer-11/back-end/models/sales.js","statementMap":{"0":{"start":{"line":1,"column":19},"end":{"line":1,"column":42}},"1":{"start":{"line":2,"column":24},"end":{"line":2,"column":52}},"2":{"start":{"line":4,"column":16},"end":{"line":23,"column":1}},"3":{"start":{"line":7,"column":13},"end":{"line":7,"column":31}},"4":{"start":{"line":8,"column":23},"end":{"line":20,"column":7}},"5":{"start":{"line":12,"column":26},"end":{"line":20,"column":5}},"6":{"start":{"line":22,"column":2},"end":{"line":22,"column":22}},"7":{"start":{"line":25,"column":26},"end":{"line":39,"column":1}},"8":{"start":{"line":26,"column":13},"end":{"line":26,"column":31}},"9":{"start":{"line":27,"column":17},"end":{"line":36,"column":7}},"10":{"start":{"line":31,"column":26},"end":{"line":36,"column":5}},"11":{"start":{"line":38,"column":2},"end":{"line":38,"column":16}},"12":{"start":{"line":41,"column":15},"end":{"line":63,"column":6}},"13":{"start":{"line":41,"column":33},"end":{"line":63,"column":6}},"14":{"start":{"line":42,"column":16},"end":{"line":42,"column":36}},"15":{"start":{"line":43,"column":19},"end":{"line":54,"column":14}},"16":{"start":{"line":55,"column":20},"end":{"line":55,"column":37}},"17":{"start":{"line":56,"column":19},"end":{"line":63,"column":5}},"18":{"start":{"line":56,"column":78},"end":{"line":63,"column":3}},"19":{"start":{"line":65,"column":20},"end":{"line":85,"column":6}},"20":{"start":{"line":65,"column":32},"end":{"line":85,"column":6}},"21":{"start":{"line":66,"column":16},"end":{"line":66,"column":36}},"22":{"start":{"line":67,"column":19},"end":{"line":76,"column":14}},"23":{"start":{"line":77,"column":20},"end":{"line":77,"column":37}},"24":{"start":{"line":78,"column":19},"end":{"line":85,"column":5}},"25":{"start":{"line":78,"column":78},"end":{"line":85,"column":3}},"26":{"start":{"line":87,"column":16},"end":{"line":103,"column":7}},"27":{"start":{"line":87,"column":34},"end":{"line":103,"column":7}},"28":{"start":{"line":88,"column":16},"end":{"line":88,"column":36}},"29":{"start":{"line":89,"column":19},"end":{"line":91,"column":14}},"30":{"start":{"line":92,"column":20},"end":{"line":92,"column":46}},"31":{"start":{"line":93,"column":70},"end":{"line":103,"column":5}},"32":{"start":{"line":105,"column":20},"end":{"line":125,"column":6}},"33":{"start":{"line":105,"column":38},"end":{"line":125,"column":6}},"34":{"start":{"line":106,"column":21},"end":{"line":117,"column":14}},"35":{"start":{"line":118,"column":20},"end":{"line":118,"column":37}},"36":{"start":{"line":119,"column":22},"end":{"line":125,"column":5}},"37":{"start":{"line":119,"column":79},"end":{"line":125,"column":3}},"38":{"start":{"line":127,"column":21},"end":{"line":132,"column":15}},"39":{"start":{"line":127,"column":56},"end":{"line":132,"column":15}},"40":{"start":{"line":128,"column":16},"end":{"line":128,"column":36}},"41":{"start":{"line":129,"column":19},"end":{"line":132,"column":14}},"42":{"start":{"line":134,"column":0},"end":{"line":142,"column":2}}},"fnMap":{"0":{"name":"(anonymous_0)","decl":{"start":{"line":4,"column":16},"end":{"line":4,"column":17}},"loc":{"start":{"line":6,"column":5},"end":{"line":23,"column":1}},"line":6},"1":{"name":"(anonymous_1)","decl":{"start":{"line":12,"column":10},"end":{"line":12,"column":11}},"loc":{"start":{"line":12,"column":26},"end":{"line":20,"column":5}},"line":12},"2":{"name":"(anonymous_2)","decl":{"start":{"line":25,"column":26},"end":{"line":25,"column":27}},"loc":{"start":{"line":25,"column":67},"end":{"line":39,"column":1}},"line":25},"3":{"name":"(anonymous_3)","decl":{"start":{"line":31,"column":10},"end":{"line":31,"column":11}},"loc":{"start":{"line":31,"column":26},"end":{"line":36,"column":5}},"line":31},"4":{"name":"(anonymous_4)","decl":{"start":{"line":41,"column":15},"end":{"line":41,"column":16}},"loc":{"start":{"line":41,"column":33},"end":{"line":63,"column":6}},"line":41},"5":{"name":"(anonymous_5)","decl":{"start":{"line":42,"column":8},"end":{"line":42,"column":9}},"loc":{"start":{"line":42,"column":16},"end":{"line":42,"column":36}},"line":42},"6":{"name":"(anonymous_6)","decl":{"start":{"line":43,"column":8},"end":{"line":43,"column":9}},"loc":{"start":{"line":43,"column":19},"end":{"line":54,"column":14}},"line":43},"7":{"name":"(anonymous_7)","decl":{"start":{"line":55,"column":8},"end":{"line":55,"column":9}},"loc":{"start":{"line":55,"column":20},"end":{"line":55,"column":37}},"line":55},"8":{"name":"(anonymous_8)","decl":{"start":{"line":56,"column":8},"end":{"line":56,"column":9}},"loc":{"start":{"line":56,"column":19},"end":{"line":63,"column":5}},"line":56},"9":{"name":"(anonymous_9)","decl":{"start":{"line":56,"column":29},"end":{"line":56,"column":30}},"loc":{"start":{"line":56,"column":78},"end":{"line":63,"column":3}},"line":56},"10":{"name":"(anonymous_10)","decl":{"start":{"line":65,"column":20},"end":{"line":65,"column":21}},"loc":{"start":{"line":65,"column":32},"end":{"line":85,"column":6}},"line":65},"11":{"name":"(anonymous_11)","decl":{"start":{"line":66,"column":8},"end":{"line":66,"column":9}},"loc":{"start":{"line":66,"column":16},"end":{"line":66,"column":36}},"line":66},"12":{"name":"(anonymous_12)","decl":{"start":{"line":67,"column":8},"end":{"line":67,"column":9}},"loc":{"start":{"line":67,"column":19},"end":{"line":76,"column":14}},"line":67},"13":{"name":"(anonymous_13)","decl":{"start":{"line":77,"column":8},"end":{"line":77,"column":9}},"loc":{"start":{"line":77,"column":20},"end":{"line":77,"column":37}},"line":77},"14":{"name":"(anonymous_14)","decl":{"start":{"line":78,"column":8},"end":{"line":78,"column":9}},"loc":{"start":{"line":78,"column":19},"end":{"line":85,"column":5}},"line":78},"15":{"name":"(anonymous_15)","decl":{"start":{"line":78,"column":29},"end":{"line":78,"column":30}},"loc":{"start":{"line":78,"column":78},"end":{"line":85,"column":3}},"line":78},"16":{"name":"(anonymous_16)","decl":{"start":{"line":87,"column":16},"end":{"line":87,"column":17}},"loc":{"start":{"line":87,"column":34},"end":{"line":103,"column":7}},"line":87},"17":{"name":"(anonymous_17)","decl":{"start":{"line":88,"column":8},"end":{"line":88,"column":9}},"loc":{"start":{"line":88,"column":16},"end":{"line":88,"column":36}},"line":88},"18":{"name":"(anonymous_18)","decl":{"start":{"line":89,"column":8},"end":{"line":89,"column":9}},"loc":{"start":{"line":89,"column":19},"end":{"line":91,"column":14}},"line":89},"19":{"name":"(anonymous_19)","decl":{"start":{"line":92,"column":8},"end":{"line":92,"column":9}},"loc":{"start":{"line":92,"column":20},"end":{"line":92,"column":46}},"line":92},"20":{"name":"(anonymous_20)","decl":{"start":{"line":93,"column":8},"end":{"line":93,"column":9}},"loc":{"start":{"line":93,"column":70},"end":{"line":103,"column":5}},"line":93},"21":{"name":"(anonymous_21)","decl":{"start":{"line":105,"column":20},"end":{"line":105,"column":21}},"loc":{"start":{"line":105,"column":38},"end":{"line":125,"column":6}},"line":105},"22":{"name":"(anonymous_22)","decl":{"start":{"line":106,"column":8},"end":{"line":106,"column":9}},"loc":{"start":{"line":106,"column":21},"end":{"line":117,"column":14}},"line":106},"23":{"name":"(anonymous_23)","decl":{"start":{"line":118,"column":8},"end":{"line":118,"column":9}},"loc":{"start":{"line":118,"column":20},"end":{"line":118,"column":37}},"line":118},"24":{"name":"(anonymous_24)","decl":{"start":{"line":119,"column":8},"end":{"line":119,"column":9}},"loc":{"start":{"line":119,"column":22},"end":{"line":125,"column":5}},"line":119},"25":{"name":"(anonymous_25)","decl":{"start":{"line":119,"column":35},"end":{"line":119,"column":36}},"loc":{"start":{"line":119,"column":79},"end":{"line":125,"column":3}},"line":119},"26":{"name":"(anonymous_26)","decl":{"start":{"line":127,"column":21},"end":{"line":127,"column":22}},"loc":{"start":{"line":127,"column":56},"end":{"line":132,"column":15}},"line":127},"27":{"name":"(anonymous_27)","decl":{"start":{"line":128,"column":8},"end":{"line":128,"column":9}},"loc":{"start":{"line":128,"column":16},"end":{"line":128,"column":36}},"line":128},"28":{"name":"(anonymous_28)","decl":{"start":{"line":129,"column":8},"end":{"line":129,"column":9}},"loc":{"start":{"line":129,"column":19},"end":{"line":132,"column":14}},"line":129}},"branchMap":{"0":{"loc":{"start":{"line":92,"column":20},"end":{"line":92,"column":46}},"type":"binary-expr","locations":[{"start":{"line":92,"column":20},"end":{"line":92,"column":40}},{"start":{"line":92,"column":44},"end":{"line":92,"column":46}}],"line":92},"1":{"loc":{"start":{"line":93,"column":70},"end":{"line":103,"column":5}},"type":"cond-expr","locations":[{"start":{"line":94,"column":6},"end":{"line":94,"column":10}},{"start":{"line":95,"column":6},"end":{"line":103,"column":5}}],"line":93},"2":{"loc":{"start":{"line":127,"column":32},"end":{"line":127,"column":51}},"type":"default-arg","locations":[{"start":{"line":127,"column":41},"end":{"line":127,"column":51}}],"line":127}},"s":{"0":1,"1":1,"2":1,"3":1,"4":1,"5":1,"6":1,"7":1,"8":1,"9":1,"10":1,"11":1,"12":1,"13":3,"14":3,"15":3,"16":3,"17":3,"18":3,"19":1,"20":0,"21":0,"22":0,"23":0,"24":0,"25":0,"26":1,"27":2,"28":2,"29":2,"30":2,"31":2,"32":1,"33":1,"34":1,"35":1,"36":1,"37":1,"38":1,"39":1,"40":1,"41":1,"42":1},"f":{"0":1,"1":1,"2":1,"3":1,"4":3,"5":3,"6":3,"7":3,"8":3,"9":3,"10":0,"11":0,"12":0,"13":0,"14":0,"15":0,"16":2,"17":2,"18":2,"19":2,"20":2,"21":1,"22":1,"23":1,"24":1,"25":1,"26":1,"27":1,"28":1},"b":{"0":[2,0],"1":[0,2],"2":[0]},"_coverageSchema":"1a1c01bbd47fc00a2c39e90264f33305004495a9","hash":"358a706ceedf4c5a949577121a54c42444d94c31"}
,"/home/jafet/projetos/back-end/sd-03-trybeer-11/back-end/models/users.js": {"path":"/home/jafet/projetos/back-end/sd-03-trybeer-11/back-end/models/users.js","statementMap":{"0":{"start":{"line":1,"column":19},"end":{"line":1,"column":42}},"1":{"start":{"line":3,"column":23},"end":{"line":15,"column":5}},"2":{"start":{"line":3,"column":48},"end":{"line":15,"column":5}},"3":{"start":{"line":4,"column":16},"end":{"line":4,"column":36}},"4":{"start":{"line":5,"column":19},"end":{"line":7,"column":14}},"5":{"start":{"line":8,"column":18},"end":{"line":8,"column":42}},"6":{"start":{"line":9,"column":48},"end":{"line":15,"column":3}},"7":{"start":{"line":17,"column":20},"end":{"line":29,"column":5}},"8":{"start":{"line":17,"column":42},"end":{"line":29,"column":5}},"9":{"start":{"line":18,"column":16},"end":{"line":18,"column":36}},"10":{"start":{"line":19,"column":19},"end":{"line":21,"column":14}},"11":{"start":{"line":22,"column":18},"end":{"line":22,"column":42}},"12":{"start":{"line":23,"column":48},"end":{"line":29,"column":3}},"13":{"start":{"line":31,"column":19},"end":{"line":43,"column":5}},"14":{"start":{"line":31,"column":62},"end":{"line":43,"column":5}},"15":{"start":{"line":32,"column":16},"end":{"line":32,"column":36}},"16":{"start":{"line":33,"column":24},"end":{"line":36,"column":14}},"17":{"start":{"line":37,"column":24},"end":{"line":43,"column":3}},"18":{"start":{"line":45,"column":27},"end":{"line":52,"column":15}},"19":{"start":{"line":45,"column":47},"end":{"line":52,"column":15}},"20":{"start":{"line":46,"column":16},"end":{"line":46,"column":36}},"21":{"start":{"line":47,"column":19},"end":{"line":52,"column":14}},"22":{"start":{"line":54,"column":30},"end":{"line":61,"column":15}},"23":{"start":{"line":54,"column":53},"end":{"line":61,"column":15}},"24":{"start":{"line":55,"column":16},"end":{"line":55,"column":36}},"25":{"start":{"line":56,"column":19},"end":{"line":61,"column":14}},"26":{"start":{"line":63,"column":0},"end":{"line":69,"column":2}}},"fnMap":{"0":{"name":"(anonymous_0)","decl":{"start":{"line":3,"column":23},"end":{"line":3,"column":24}},"loc":{"start":{"line":3,"column":48},"end":{"line":15,"column":5}},"line":3},"1":{"name":"(anonymous_1)","decl":{"start":{"line":4,"column":8},"end":{"line":4,"column":9}},"loc":{"start":{"line":4,"column":16},"end":{"line":4,"column":36}},"line":4},"2":{"name":"(anonymous_2)","decl":{"start":{"line":5,"column":8},"end":{"line":5,"column":9}},"loc":{"start":{"line":5,"column":19},"end":{"line":7,"column":14}},"line":5},"3":{"name":"(anonymous_3)","decl":{"start":{"line":8,"column":8},"end":{"line":8,"column":9}},"loc":{"start":{"line":8,"column":18},"end":{"line":8,"column":42}},"line":8},"4":{"name":"(anonymous_4)","decl":{"start":{"line":9,"column":8},"end":{"line":9,"column":9}},"loc":{"start":{"line":9,"column":48},"end":{"line":15,"column":3}},"line":9},"5":{"name":"(anonymous_5)","decl":{"start":{"line":17,"column":20},"end":{"line":17,"column":21}},"loc":{"start":{"line":17,"column":42},"end":{"line":29,"column":5}},"line":17},"6":{"name":"(anonymous_6)","decl":{"start":{"line":18,"column":8},"end":{"line":18,"column":9}},"loc":{"start":{"line":18,"column":16},"end":{"line":18,"column":36}},"line":18},"7":{"name":"(anonymous_7)","decl":{"start":{"line":19,"column":8},"end":{"line":19,"column":9}},"loc":{"start":{"line":19,"column":19},"end":{"line":21,"column":14}},"line":19},"8":{"name":"(anonymous_8)","decl":{"start":{"line":22,"column":8},"end":{"line":22,"column":9}},"loc":{"start":{"line":22,"column":18},"end":{"line":22,"column":42}},"line":22},"9":{"name":"(anonymous_9)","decl":{"start":{"line":23,"column":8},"end":{"line":23,"column":9}},"loc":{"start":{"line":23,"column":48},"end":{"line":29,"column":3}},"line":23},"10":{"name":"(anonymous_10)","decl":{"start":{"line":31,"column":19},"end":{"line":31,"column":20}},"loc":{"start":{"line":31,"column":62},"end":{"line":43,"column":5}},"line":31},"11":{"name":"(anonymous_11)","decl":{"start":{"line":32,"column":8},"end":{"line":32,"column":9}},"loc":{"start":{"line":32,"column":16},"end":{"line":32,"column":36}},"line":32},"12":{"name":"(anonymous_12)","decl":{"start":{"line":33,"column":8},"end":{"line":33,"column":9}},"loc":{"start":{"line":33,"column":24},"end":{"line":36,"column":14}},"line":33},"13":{"name":"(anonymous_13)","decl":{"start":{"line":37,"column":8},"end":{"line":37,"column":9}},"loc":{"start":{"line":37,"column":24},"end":{"line":43,"column":3}},"line":37},"14":{"name":"(anonymous_14)","decl":{"start":{"line":45,"column":27},"end":{"line":45,"column":28}},"loc":{"start":{"line":45,"column":47},"end":{"line":52,"column":15}},"line":45},"15":{"name":"(anonymous_15)","decl":{"start":{"line":46,"column":8},"end":{"line":46,"column":9}},"loc":{"start":{"line":46,"column":16},"end":{"line":46,"column":36}},"line":46},"16":{"name":"(anonymous_16)","decl":{"start":{"line":47,"column":8},"end":{"line":47,"column":9}},"loc":{"start":{"line":47,"column":19},"end":{"line":52,"column":14}},"line":47},"17":{"name":"(anonymous_17)","decl":{"start":{"line":54,"column":30},"end":{"line":54,"column":31}},"loc":{"start":{"line":54,"column":53},"end":{"line":61,"column":15}},"line":54},"18":{"name":"(anonymous_18)","decl":{"start":{"line":55,"column":8},"end":{"line":55,"column":9}},"loc":{"start":{"line":55,"column":16},"end":{"line":55,"column":36}},"line":55},"19":{"name":"(anonymous_19)","decl":{"start":{"line":56,"column":8},"end":{"line":56,"column":9}},"loc":{"start":{"line":56,"column":19},"end":{"line":61,"column":14}},"line":56}},"branchMap":{"0":{"loc":{"start":{"line":8,"column":18},"end":{"line":8,"column":42}},"type":"binary-expr","locations":[{"start":{"line":8,"column":18},"end":{"line":8,"column":36}},{"start":{"line":8,"column":40},"end":{"line":8,"column":42}}],"line":8},"1":{"loc":{"start":{"line":22,"column":18},"end":{"line":22,"column":42}},"type":"binary-expr","locations":[{"start":{"line":22,"column":18},"end":{"line":22,"column":36}},{"start":{"line":22,"column":40},"end":{"line":22,"column":42}}],"line":22}},"s":{"0":1,"1":1,"2":27,"3":27,"4":27,"5":27,"6":27,"7":1,"8":1,"9":1,"10":1,"11":1,"12":1,"13":1,"14":8,"15":8,"16":8,"17":8,"18":1,"19":1,"20":1,"21":1,"22":1,"23":0,"24":0,"25":0,"26":1},"f":{"0":27,"1":27,"2":27,"3":27,"4":27,"5":1,"6":1,"7":1,"8":1,"9":1,"10":8,"11":8,"12":8,"13":8,"14":1,"15":1,"16":1,"17":0,"18":0,"19":0},"b":{"0":[27,9],"1":[1,0]},"_coverageSchema":"1a1c01bbd47fc00a2c39e90264f33305004495a9","hash":"84ec19f9f136372e4a254afed7a49400cc4edadb"}
,"/home/jafet/projetos/back-end/sd-03-trybeer-11/back-end/routes/index.js": {"path":"/home/jafet/projetos/back-end/sd-03-trybeer-11/back-end/routes/index.js","statementMap":{"0":{"start":{"line":1,"column":23},"end":{"line":1,"column":44}},"1":{"start":{"line":2,"column":20},"end":{"line":2,"column":38}},"2":{"start":{"line":3,"column":20},"end":{"line":3,"column":38}},"3":{"start":{"line":5,"column":0},"end":{"line":9,"column":2}}},"fnMap":{},"branchMap":{},"s":{"0":1,"1":1,"2":1,"3":1},"f":{},"b":{},"_coverageSchema":"1a1c01bbd47fc00a2c39e90264f33305004495a9","hash":"6b868a6bcfc66ac65bede35c68d61e89a6f1045d"}
,"/home/jafet/projetos/back-end/sd-03-trybeer-11/back-end/routes/products.js": {"path":"/home/jafet/projetos/back-end/sd-03-trybeer-11/back-end/routes/products.js","statementMap":{"0":{"start":{"line":1,"column":19},"end":{"line":1,"column":37}},"1":{"start":{"line":2,"column":32},"end":{"line":2,"column":57}},"2":{"start":{"line":3,"column":27},"end":{"line":3,"column":51}},"3":{"start":{"line":5,"column":17},"end":{"line":5,"column":25}},"4":{"start":{"line":7,"column":0},"end":{"line":8,"column":62}},"5":{"start":{"line":10,"column":0},"end":{"line":10,"column":26}}},"fnMap":{},"branchMap":{},"s":{"0":1,"1":1,"2":1,"3":1,"4":1,"5":1},"f":{},"b":{},"_coverageSchema":"1a1c01bbd47fc00a2c39e90264f33305004495a9","hash":"14199a4307714dffc21822db05068db884ef7f20"}
,"/home/jafet/projetos/back-end/sd-03-trybeer-11/back-end/routes/sales.js": {"path":"/home/jafet/projetos/back-end/sd-03-trybeer-11/back-end/routes/sales.js","statementMap":{"0":{"start":{"line":1,"column":19},"end":{"line":1,"column":37}},"1":{"start":{"line":2,"column":29},"end":{"line":2,"column":54}},"2":{"start":{"line":3,"column":27},"end":{"line":3,"column":51}},"3":{"start":{"line":5,"column":20},"end":{"line":5,"column":28}},"4":{"start":{"line":7,"column":0},"end":{"line":11,"column":66}},"5":{"start":{"line":13,"column":0},"end":{"line":13,"column":29}}},"fnMap":{},"branchMap":{},"s":{"0":1,"1":1,"2":1,"3":1,"4":1,"5":1},"f":{},"b":{},"_coverageSchema":"1a1c01bbd47fc00a2c39e90264f33305004495a9","hash":"2208b27d2c74333888691f101dbf9cc31b21efae"}
,"/home/jafet/projetos/back-end/sd-03-trybeer-11/back-end/routes/users.js": {"path":"/home/jafet/projetos/back-end/sd-03-trybeer-11/back-end/routes/users.js","statementMap":{"0":{"start":{"line":1,"column":19},"end":{"line":1,"column":37}},"1":{"start":{"line":3,"column":29},"end":{"line":3,"column":54}},"2":{"start":{"line":4,"column":27},"end":{"line":4,"column":51}},"3":{"start":{"line":6,"column":20},"end":{"line":6,"column":28}},"4":{"start":{"line":8,"column":0},"end":{"line":12,"column":70}},"5":{"start":{"line":14,"column":0},"end":{"line":14,"column":29}}},"fnMap":{},"branchMap":{},"s":{"0":1,"1":1,"2":1,"3":1,"4":1,"5":1},"f":{},"b":{},"_coverageSchema":"1a1c01bbd47fc00a2c39e90264f33305004495a9","hash":"4d89536665fe5c1f98c6ef1a9541241002e3bf76"}
,"/home/jafet/projetos/back-end/sd-03-trybeer-11/back-end/services/index.js": {"path":"/home/jafet/projetos/back-end/sd-03-trybeer-11/back-end/services/index.js","statementMap":{"0":{"start":{"line":1,"column":25},"end":{"line":1,"column":46}},"1":{"start":{"line":2,"column":22},"end":{"line":2,"column":40}},"2":{"start":{"line":3,"column":22},"end":{"line":3,"column":40}},"3":{"start":{"line":5,"column":0},"end":{"line":9,"column":2}}},"fnMap":{},"branchMap":{},"s":{"0":1,"1":1,"2":1,"3":1},"f":{},"b":{},"_coverageSchema":"1a1c01bbd47fc00a2c39e90264f33305004495a9","hash":"d2b1501a3d9c467fcfa7f8b562c4e991314302cb"}
,"/home/jafet/projetos/back-end/sd-03-trybeer-11/back-end/services/products.js": {"path":"/home/jafet/projetos/back-end/sd-03-trybeer-11/back-end/services/products.js","statementMap":{"0":{"start":{"line":1,"column":26},"end":{"line":1,"column":46}},"1":{"start":{"line":3,"column":15},"end":{"line":3,"column":49}},"2":{"start":{"line":3,"column":27},"end":{"line":3,"column":49}},"3":{"start":{"line":5,"column":0},"end":{"line":7,"column":2}}},"fnMap":{"0":{"name":"(anonymous_0)","decl":{"start":{"line":3,"column":15},"end":{"line":3,"column":16}},"loc":{"start":{"line":3,"column":27},"end":{"line":3,"column":49}},"line":3}},"branchMap":{},"s":{"0":1,"1":1,"2":2,"3":1},"f":{"0":2},"b":{},"_coverageSchema":"1a1c01bbd47fc00a2c39e90264f33305004495a9","hash":"ef01572bdbd2455deaa02e9d270c2c3b9a8c2ab7"}
,"/home/jafet/projetos/back-end/sd-03-trybeer-11/back-end/services/sales.js": {"path":"/home/jafet/projetos/back-end/sd-03-trybeer-11/back-end/services/sales.js","statementMap":{"0":{"start":{"line":1,"column":12},"end":{"line":1,"column":32}},"1":{"start":{"line":2,"column":23},"end":{"line":2,"column":43}},"2":{"start":{"line":4,"column":17},"end":{"line":8,"column":45}},"3":{"start":{"line":8,"column":15},"end":{"line":8,"column":44}},"4":{"start":{"line":10,"column":25},"end":{"line":13,"column":49}},"5":{"start":{"line":13,"column":15},"end":{"line":13,"column":48}},"6":{"start":{"line":15,"column":30},"end":{"line":17,"column":48}},"7":{"start":{"line":17,"column":15},"end":{"line":17,"column":47}},"8":{"start":{"line":19,"column":23},"end":{"line":21,"column":42}},"9":{"start":{"line":21,"column":15},"end":{"line":21,"column":41}},"10":{"start":{"line":23,"column":25},"end":{"line":36,"column":16}},"11":{"start":{"line":29,"column":19},"end":{"line":29,"column":51}},"12":{"start":{"line":34,"column":19},"end":{"line":34,"column":51}},"13":{"start":{"line":38,"column":23},"end":{"line":39,"column":26}},"14":{"start":{"line":41,"column":23},"end":{"line":48,"column":2}},"15":{"start":{"line":50,"column":16},"end":{"line":53,"column":1}},"16":{"start":{"line":51,"column":15},"end":{"line":51,"column":48}},"17":{"start":{"line":52,"column":2},"end":{"line":52,"column":14}},"18":{"start":{"line":55,"column":26},"end":{"line":60,"column":1}},"19":{"start":{"line":56,"column":27},"end":{"line":58,"column":3}},"20":{"start":{"line":59,"column":2},"end":{"line":59,"column":26}},"21":{"start":{"line":62,"column":15},"end":{"line":64,"column":29}},"22":{"start":{"line":62,"column":30},"end":{"line":64,"column":28}},"23":{"start":{"line":66,"column":16},"end":{"line":69,"column":59}},"24":{"start":{"line":66,"column":30},"end":{"line":69,"column":59}},"25":{"start":{"line":68,"column":18},"end":{"line":69,"column":58}},"26":{"start":{"line":71,"column":20},"end":{"line":71,"column":60}},"27":{"start":{"line":71,"column":34},"end":{"line":71,"column":60}},"28":{"start":{"line":73,"column":21},"end":{"line":73,"column":78}},"29":{"start":{"line":73,"column":43},"end":{"line":73,"column":78}},"30":{"start":{"line":75,"column":25},"end":{"line":79,"column":1}},"31":{"start":{"line":76,"column":21},"end":{"line":76,"column":53}},"32":{"start":{"line":77,"column":2},"end":{"line":77,"column":89}},"33":{"start":{"line":77,"column":32},"end":{"line":77,"column":89}},"34":{"start":{"line":78,"column":2},"end":{"line":78,"column":22}},"35":{"start":{"line":81,"column":0},"end":{"line":91,"column":2}}},"fnMap":{"0":{"name":"(anonymous_0)","decl":{"start":{"line":8,"column":9},"end":{"line":8,"column":10}},"loc":{"start":{"line":8,"column":15},"end":{"line":8,"column":44}},"line":8},"1":{"name":"(anonymous_1)","decl":{"start":{"line":13,"column":9},"end":{"line":13,"column":10}},"loc":{"start":{"line":13,"column":15},"end":{"line":13,"column":48}},"line":13},"2":{"name":"(anonymous_2)","decl":{"start":{"line":17,"column":9},"end":{"line":17,"column":10}},"loc":{"start":{"line":17,"column":15},"end":{"line":17,"column":47}},"line":17},"3":{"name":"(anonymous_3)","decl":{"start":{"line":21,"column":9},"end":{"line":21,"column":10}},"loc":{"start":{"line":21,"column":15},"end":{"line":21,"column":41}},"line":21},"4":{"name":"(anonymous_4)","decl":{"start":{"line":29,"column":13},"end":{"line":29,"column":14}},"loc":{"start":{"line":29,"column":19},"end":{"line":29,"column":51}},"line":29},"5":{"name":"(anonymous_5)","decl":{"start":{"line":34,"column":13},"end":{"line":34,"column":14}},"loc":{"start":{"line":34,"column":19},"end":{"line":34,"column":51}},"line":34},"6":{"name":"(anonymous_6)","decl":{"start":{"line":50,"column":16},"end":{"line":50,"column":17}},"loc":{"start":{"line":50,"column":35},"end":{"line":53,"column":1}},"line":50},"7":{"name":"(anonymous_7)","decl":{"start":{"line":55,"column":26},"end":{"line":55,"column":27}},"loc":{"start":{"line":55,"column":58},"end":{"line":60,"column":1}},"line":55},"8":{"name":"(anonymous_8)","decl":{"start":{"line":62,"column":15},"end":{"line":62,"column":16}},"loc":{"start":{"line":62,"column":30},"end":{"line":64,"column":28}},"line":62},"9":{"name":"(anonymous_9)","decl":{"start":{"line":66,"column":16},"end":{"line":66,"column":17}},"loc":{"start":{"line":66,"column":30},"end":{"line":69,"column":59}},"line":66},"10":{"name":"(anonymous_10)","decl":{"start":{"line":68,"column":8},"end":{"line":68,"column":9}},"loc":{"start":{"line":68,"column":18},"end":{"line":69,"column":58}},"line":68},"11":{"name":"(anonymous_11)","decl":{"start":{"line":71,"column":20},"end":{"line":71,"column":21}},"loc":{"start":{"line":71,"column":34},"end":{"line":71,"column":60}},"line":71},"12":{"name":"(anonymous_12)","decl":{"start":{"line":73,"column":21},"end":{"line":73,"column":22}},"loc":{"start":{"line":73,"column":43},"end":{"line":73,"column":78}},"line":73},"13":{"name":"(anonymous_13)","decl":{"start":{"line":75,"column":25},"end":{"line":75,"column":26}},"loc":{"start":{"line":75,"column":58},"end":{"line":79,"column":1}},"line":75}},"branchMap":{"0":{"loc":{"start":{"line":62,"column":30},"end":{"line":64,"column":28}},"type":"cond-expr","locations":[{"start":{"line":63,"column":4},"end":{"line":63,"column":25}},{"start":{"line":64,"column":4},"end":{"line":64,"column":28}}],"line":62},"1":{"loc":{"start":{"line":68,"column":18},"end":{"line":69,"column":58}},"type":"binary-expr","locations":[{"start":{"line":68,"column":18},"end":{"line":68,"column":22}},{"start":{"line":69,"column":9},"end":{"line":69,"column":58}}],"line":68},"2":{"loc":{"start":{"line":77,"column":2},"end":{"line":77,"column":89}},"type":"if","locations":[{"start":{"line":77,"column":2},"end":{"line":77,"column":89}},{"start":{"line":77,"column":2},"end":{"line":77,"column":89}}],"line":77}},"s":{"0":1,"1":1,"2":1,"3":0,"4":1,"5":1,"6":1,"7":1,"8":1,"9":0,"10":1,"11":1,"12":1,"13":1,"14":1,"15":1,"16":1,"17":1,"18":1,"19":1,"20":1,"21":1,"22":3,"23":1,"24":1,"25":1,"26":1,"27":1,"28":1,"29":1,"30":1,"31":1,"32":1,"33":0,"34":1,"35":1},"f":{"0":0,"1":1,"2":1,"3":0,"4":1,"5":1,"6":1,"7":1,"8":3,"9":1,"10":1,"11":1,"12":1,"13":1},"b":{"0":[3,0],"1":[1,0],"2":[0,1]},"_coverageSchema":"1a1c01bbd47fc00a2c39e90264f33305004495a9","hash":"26bb6e7bed4e74d1c920cc77c812a541b27caa9b"}
,"/home/jafet/projetos/back-end/sd-03-trybeer-11/back-end/services/users.js": {"path":"/home/jafet/projetos/back-end/sd-03-trybeer-11/back-end/services/users.js","statementMap":{"0":{"start":{"line":1,"column":12},"end":{"line":1,"column":35}},"1":{"start":{"line":2,"column":12},"end":{"line":2,"column":26}},"2":{"start":{"line":4,"column":48},"end":{"line":4,"column":59}},"3":{"start":{"line":6,"column":16},"end":{"line":9,"column":1}},"4":{"start":{"line":11,"column":23},"end":{"line":11,"column":43}},"5":{"start":{"line":13,"column":20},"end":{"line":14,"column":13}},"6":{"start":{"line":16,"column":23},"end":{"line":17,"column":13}},"7":{"start":{"line":19,"column":19},"end":{"line":24,"column":4}},"8":{"start":{"line":22,"column":15},"end":{"line":24,"column":3}},"9":{"start":{"line":26,"column":19},"end":{"line":26,"column":88}},"10":{"start":{"line":26,"column":52},"end":{"line":26,"column":86}},"11":{"start":{"line":28,"column":20},"end":{"line":31,"column":2}},"12":{"start":{"line":33,"column":22},"end":{"line":42,"column":1}},"13":{"start":{"line":34,"column":2},"end":{"line":41,"column":3}},"14":{"start":{"line":35,"column":4},"end":{"line":35,"column":73}},"15":{"start":{"line":35,"column":26},"end":{"line":35,"column":73}},"16":{"start":{"line":36,"column":34},"end":{"line":36,"column":41}},"17":{"start":{"line":37,"column":18},"end":{"line":37,"column":49}},"18":{"start":{"line":38,"column":4},"end":{"line":38,"column":21}},"19":{"start":{"line":40,"column":4},"end":{"line":40,"column":62}},"20":{"start":{"line":44,"column":19},"end":{"line":53,"column":2}},"21":{"start":{"line":46,"column":10},"end":{"line":46,"column":66}},"22":{"start":{"line":49,"column":10},"end":{"line":49,"column":52}},"23":{"start":{"line":55,"column":23},"end":{"line":55,"column":72}},"24":{"start":{"line":55,"column":40},"end":{"line":55,"column":72}},"25":{"start":{"line":57,"column":19},"end":{"line":59,"column":67}},"26":{"start":{"line":57,"column":38},"end":{"line":59,"column":67}},"27":{"start":{"line":59,"column":40},"end":{"line":59,"column":65}},"28":{"start":{"line":61,"column":23},"end":{"line":72,"column":1}},"29":{"start":{"line":62,"column":2},"end":{"line":62,"column":73}},"30":{"start":{"line":62,"column":40},"end":{"line":62,"column":73}},"31":{"start":{"line":64,"column":32},"end":{"line":66,"column":44}},"32":{"start":{"line":68,"column":2},"end":{"line":68,"column":56}},"33":{"start":{"line":68,"column":10},"end":{"line":68,"column":56}},"34":{"start":{"line":69,"column":2},"end":{"line":69,"column":65}},"35":{"start":{"line":69,"column":13},"end":{"line":69,"column":65}},"36":{"start":{"line":71,"column":2},"end":{"line":71,"column":27}},"37":{"start":{"line":74,"column":0},"end":{"line":82,"column":2}}},"fnMap":{"0":{"name":"(anonymous_0)","decl":{"start":{"line":22,"column":9},"end":{"line":22,"column":10}},"loc":{"start":{"line":22,"column":15},"end":{"line":24,"column":3}},"line":22},"1":{"name":"(anonymous_1)","decl":{"start":{"line":26,"column":40},"end":{"line":26,"column":41}},"loc":{"start":{"line":26,"column":52},"end":{"line":26,"column":86}},"line":26},"2":{"name":"(anonymous_2)","decl":{"start":{"line":33,"column":22},"end":{"line":33,"column":23}},"loc":{"start":{"line":33,"column":35},"end":{"line":42,"column":1}},"line":33},"3":{"name":"(anonymous_3)","decl":{"start":{"line":46,"column":4},"end":{"line":46,"column":5}},"loc":{"start":{"line":46,"column":10},"end":{"line":46,"column":66}},"line":46},"4":{"name":"(anonymous_4)","decl":{"start":{"line":49,"column":4},"end":{"line":49,"column":5}},"loc":{"start":{"line":49,"column":10},"end":{"line":49,"column":52}},"line":49},"5":{"name":"(anonymous_5)","decl":{"start":{"line":55,"column":23},"end":{"line":55,"column":24}},"loc":{"start":{"line":55,"column":40},"end":{"line":55,"column":72}},"line":55},"6":{"name":"(anonymous_6)","decl":{"start":{"line":57,"column":19},"end":{"line":57,"column":20}},"loc":{"start":{"line":57,"column":38},"end":{"line":59,"column":67}},"line":57},"7":{"name":"(anonymous_7)","decl":{"start":{"line":59,"column":8},"end":{"line":59,"column":9}},"loc":{"start":{"line":59,"column":40},"end":{"line":59,"column":65}},"line":59},"8":{"name":"(anonymous_8)","decl":{"start":{"line":61,"column":23},"end":{"line":61,"column":24}},"loc":{"start":{"line":61,"column":54},"end":{"line":72,"column":1}},"line":61}},"branchMap":{"0":{"loc":{"start":{"line":4,"column":8},"end":{"line":4,"column":43}},"type":"default-arg","locations":[{"start":{"line":4,"column":17},"end":{"line":4,"column":43}}],"line":4},"1":{"loc":{"start":{"line":26,"column":52},"end":{"line":26,"column":86}},"type":"cond-expr","locations":[{"start":{"line":26,"column":60},"end":{"line":26,"column":75}},{"start":{"line":26,"column":78},"end":{"line":26,"column":86}}],"line":26},"2":{"loc":{"start":{"line":35,"column":4},"end":{"line":35,"column":73}},"type":"if","locations":[{"start":{"line":35,"column":4},"end":{"line":35,"column":73}},{"start":{"line":35,"column":4},"end":{"line":35,"column":73}}],"line":35},"3":{"loc":{"start":{"line":62,"column":2},"end":{"line":62,"column":73}},"type":"if","locations":[{"start":{"line":62,"column":2},"end":{"line":62,"column":73}},{"start":{"line":62,"column":2},"end":{"line":62,"column":73}}],"line":62},"4":{"loc":{"start":{"line":62,"column":6},"end":{"line":62,"column":38}},"type":"binary-expr","locations":[{"start":{"line":62,"column":7},"end":{"line":62,"column":10}},{"start":{"line":62,"column":14},"end":{"line":62,"column":20}},{"start":{"line":62,"column":26},"end":{"line":62,"column":28}},{"start":{"line":62,"column":32},"end":{"line":62,"column":37}}],"line":62},"5":{"loc":{"start":{"line":64,"column":32},"end":{"line":66,"column":44}},"type":"cond-expr","locations":[{"start":{"line":65,"column":6},"end":{"line":65,"column":38}},{"start":{"line":66,"column":6},"end":{"line":66,"column":44}}],"line":64},"6":{"loc":{"start":{"line":68,"column":2},"end":{"line":68,"column":56}},"type":"if","locations":[{"start":{"line":68,"column":2},"end":{"line":68,"column":56}},{"start":{"line":68,"column":2},"end":{"line":68,"column":56}}],"line":68},"7":{"loc":{"start":{"line":69,"column":2},"end":{"line":69,"column":65}},"type":"if","locations":[{"start":{"line":69,"column":2},"end":{"line":69,"column":65}},{"start":{"line":69,"column":2},"end":{"line":69,"column":65}}],"line":69}},"s":{"0":1,"1":1,"2":1,"3":1,"4":1,"5":1,"6":1,"7":1,"8":3,"9":1,"10":9,"11":1,"12":1,"13":9,"14":9,"15":0,"16":9,"17":9,"18":9,"19":0,"20":1,"21":1,"22":1,"23":1,"24":27,"25":1,"26":8,"27":8,"28":1,"29":1,"30":0,"31":1,"32":1,"33":1,"34":1,"35":0,"36":1,"37":1},"f":{"0":3,"1":9,"2":9,"3":1,"4":1,"5":27,"6":8,"7":8,"8":1},"b":{"0":[1],"1":[2,7],"2":[0,9],"3":[0,1],"4":[1,0,1,1],"5":[1,0],"6":[1,0],"7":[0,1]},"_coverageSchema":"1a1c01bbd47fc00a2c39e90264f33305004495a9","hash":"c7902ea3822cec7ebe158b70efd6446b858f2056"}
,"/home/jafet/projetos/back-end/sd-03-trybeer-11/back-end/tests/bancoTest.js": {"path":"/home/jafet/projetos/back-end/sd-03-trybeer-11/back-end/tests/bancoTest.js","statementMap":{"0":{"start":{"line":1,"column":0},"end":{"line":1,"column":25}},"1":{"start":{"line":2,"column":15},"end":{"line":2,"column":40}},"2":{"start":{"line":4,"column":58},"end":{"line":4,"column":69}},"3":{"start":{"line":5,"column":15},"end":{"line":11,"column":1}},"4":{"start":{"line":13,"column":22},"end":{"line":20,"column":2}},"5":{"start":{"line":22,"column":22},"end":{"line":32,"column":3}},"6":{"start":{"line":34,"column":26},"end":{"line":40,"column":3}},"7":{"start":{"line":42,"column":31},"end":{"line":49,"column":3}},"8":{"start":{"line":51,"column":21},"end":{"line":53,"column":57}},"9":{"start":{"line":55,"column":25},"end":{"line":66,"column":91}},"10":{"start":{"line":69,"column":15},"end":{"line":69,"column":30}},"11":{"start":{"line":70,"column":2},"end":{"line":70,"column":17}},"12":{"start":{"line":71,"column":2},"end":{"line":71,"column":27}},"13":{"start":{"line":72,"column":2},"end":{"line":72,"column":39}},"14":{"start":{"line":77,"column":2},"end":{"line":77,"column":63}},"15":{"start":{"line":81,"column":2},"end":{"line":81,"column":42}},"16":{"start":{"line":86,"column":18},"end":{"line":114,"column":4}},"17":{"start":{"line":86,"column":30},"end":{"line":114,"column":4}},"18":{"start":{"line":89,"column":4},"end":{"line":89,"column":16}},"19":{"start":{"line":90,"column":4},"end":{"line":90,"column":48}},"20":{"start":{"line":94,"column":4},"end":{"line":94,"column":51}},"21":{"start":{"line":95,"column":4},"end":{"line":95,"column":45}},"22":{"start":{"line":96,"column":4},"end":{"line":96,"column":42}},"23":{"start":{"line":97,"column":4},"end":{"line":97,"column":42}},"24":{"start":{"line":101,"column":4},"end":{"line":101,"column":59}},"25":{"start":{"line":102,"column":4},"end":{"line":102,"column":66}},"26":{"start":{"line":103,"column":4},"end":{"line":103,"column":59}},"27":{"start":{"line":104,"column":4},"end":{"line":104,"column":77}},"28":{"start":{"line":106,"column":14},"end":{"line":109,"column":4}},"29":{"start":{"line":111,"column":4},"end":{"line":111,"column":21}},"30":{"start":{"line":112,"column":4},"end":{"line":112,"column":20}},"31":{"start":{"line":113,"column":4},"end":{"line":113,"column":20}},"32":{"start":{"line":116,"column":20},"end":{"line":124,"column":1}},"33":{"start":{"line":117,"column":2},"end":{"line":117,"column":49}},"34":{"start":{"line":118,"column":2},"end":{"line":118,"column":43}},"35":{"start":{"line":119,"column":2},"end":{"line":119,"column":40}},"36":{"start":{"line":120,"column":2},"end":{"line":120,"column":40}},"37":{"start":{"line":122,"column":2},"end":{"line":122,"column":24}},"38":{"start":{"line":123,"column":2},"end":{"line":123,"column":23}},"39":{"start":{"line":126,"column":0},"end":{"line":129,"column":2}}},"fnMap":{"0":{"name":"createTestTable","decl":{"start":{"line":68,"column":15},"end":{"line":68,"column":30}},"loc":{"start":{"line":68,"column":62},"end":{"line":73,"column":1}},"line":68},"1":{"name":"dropTestTable","decl":{"start":{"line":75,"column":15},"end":{"line":75,"column":28}},"loc":{"start":{"line":75,"column":44},"end":{"line":78,"column":1}},"line":75},"2":{"name":"populateTestTable","decl":{"start":{"line":80,"column":15},"end":{"line":80,"column":32}},"loc":{"start":{"line":80,"column":53},"end":{"line":82,"column":1}},"line":80},"3":{"name":"(anonymous_3)","decl":{"start":{"line":86,"column":18},"end":{"line":86,"column":19}},"loc":{"start":{"line":86,"column":30},"end":{"line":114,"column":4}},"line":86},"4":{"name":"(anonymous_4)","decl":{"start":{"line":88,"column":8},"end":{"line":88,"column":9}},"loc":{"start":{"line":88,"column":15},"end":{"line":91,"column":3}},"line":88},"5":{"name":"(anonymous_5)","decl":{"start":{"line":92,"column":8},"end":{"line":92,"column":9}},"loc":{"start":{"line":92,"column":20},"end":{"line":98,"column":3}},"line":92},"6":{"name":"(anonymous_6)","decl":{"start":{"line":99,"column":8},"end":{"line":99,"column":9}},"loc":{"start":{"line":99,"column":20},"end":{"line":105,"column":3}},"line":99},"7":{"name":"(anonymous_7)","decl":{"start":{"line":106,"column":8},"end":{"line":106,"column":9}},"loc":{"start":{"line":106,"column":14},"end":{"line":109,"column":4}},"line":106},"8":{"name":"(anonymous_8)","decl":{"start":{"line":110,"column":9},"end":{"line":110,"column":10}},"loc":{"start":{"line":110,"column":18},"end":{"line":114,"column":3}},"line":110},"9":{"name":"(anonymous_9)","decl":{"start":{"line":116,"column":20},"end":{"line":116,"column":21}},"loc":{"start":{"line":116,"column":32},"end":{"line":124,"column":1}},"line":116}},"branchMap":{},"s":{"0":1,"1":1,"2":1,"3":1,"4":1,"5":1,"6":1,"7":1,"8":1,"9":1,"10":28,"11":28,"12":28,"13":28,"14":56,"15":14,"16":1,"17":7,"18":7,"19":7,"20":7,"21":7,"22":7,"23":7,"24":7,"25":7,"26":7,"27":7,"28":7,"29":0,"30":0,"31":0,"32":1,"33":7,"34":7,"35":7,"36":7,"37":7,"38":7,"39":1},"f":{"0":28,"1":56,"2":14,"3":7,"4":7,"5":7,"6":7,"7":7,"8":0,"9":7},"b":{},"_coverageSchema":"1a1c01bbd47fc00a2c39e90264f33305004495a9","hash":"0435caef91390134c57ee0295b5361c0843c253c"}
}
