{"total": {"lines":{"total":343,"covered":318,"skipped":0,"pct":92.71},"statements":{"total":390,"covered":347,"skipped":0,"pct":88.97},"functions":{"total":109,"covered":90,"skipped":0,"pct":82.57},"branches":{"total":86,"covered":52,"skipped":0,"pct":60.47}}
,"/home/jafet/projetos/back-end/sd-03-trybeer-11/back-end/app.js": {"lines":{"total":17,"covered":17,"skipped":0,"pct":100},"functions":{"total":1,"covered":0,"skipped":0,"pct":0},"statements":{"total":18,"covered":17,"skipped":0,"pct":94.44},"branches":{"total":0,"covered":0,"skipped":0,"pct":100}}
,"/home/jafet/projetos/back-end/sd-03-trybeer-11/back-end/controllers/index.js": {"lines":{"total":4,"covered":4,"skipped":0,"pct":100},"functions":{"total":0,"covered":0,"skipped":0,"pct":100},"statements":{"total":4,"covered":4,"skipped":0,"pct":100},"branches":{"total":0,"covered":0,"skipped":0,"pct":100}}
,"/home/jafet/projetos/back-end/sd-03-trybeer-11/back-end/controllers/products.js": {"lines":{"total":6,"covered":6,"skipped":0,"pct":100},"functions":{"total":1,"covered":1,"skipped":0,"pct":100},"statements":{"total":6,"covered":6,"skipped":0,"pct":100},"branches":{"total":0,"covered":0,"skipped":0,"pct":100}}
,"/home/jafet/projetos/back-end/sd-03-trybeer-11/back-end/controllers/sales.js": {"lines":{"total":36,"covered":35,"skipped":0,"pct":97.22},"functions":{"total":5,"covered":5,"skipped":0,"pct":100},"statements":{"total":40,"covered":35,"skipped":0,"pct":87.5},"branches":{"total":14,"covered":8,"skipped":0,"pct":57.14}}
,"/home/jafet/projetos/back-end/sd-03-trybeer-11/back-end/controllers/users.js": {"lines":{"total":43,"covered":42,"skipped":0,"pct":97.67},"functions":{"total":5,"covered":5,"skipped":0,"pct":100},"statements":{"total":53,"covered":46,"skipped":0,"pct":86.79},"branches":{"total":27,"covered":19,"skipped":0,"pct":70.37}}
,"/home/jafet/projetos/back-end/sd-03-trybeer-11/back-end/middleware/auth.js": {"lines":{"total":15,"covered":14,"skipped":0,"pct":93.33},"functions":{"total":2,"covered":2,"skipped":0,"pct":100},"statements":{"total":16,"covered":15,"skipped":0,"pct":93.75},"branches":{"total":6,"covered":3,"skipped":0,"pct":50}}
,"/home/jafet/projetos/back-end/sd-03-trybeer-11/back-end/middleware/error.js": {"lines":{"total":7,"covered":5,"skipped":0,"pct":71.43},"functions":{"total":1,"covered":1,"skipped":0,"pct":100},"statements":{"total":7,"covered":5,"skipped":0,"pct":71.43},"branches":{"total":2,"covered":1,"skipped":0,"pct":50}}
,"/home/jafet/projetos/back-end/sd-03-trybeer-11/back-end/middleware/index.js": {"lines":{"total":3,"covered":3,"skipped":0,"pct":100},"functions":{"total":0,"covered":0,"skipped":0,"pct":100},"statements":{"total":3,"covered":3,"skipped":0,"pct":100},"branches":{"total":0,"covered":0,"skipped":0,"pct":100}}
,"/home/jafet/projetos/back-end/sd-03-trybeer-11/back-end/models/connection.js": {"lines":{"total":10,"covered":8,"skipped":0,"pct":80},"functions":{"total":3,"covered":2,"skipped":0,"pct":66.67},"statements":{"total":11,"covered":9,"skipped":0,"pct":81.82},"branches":{"total":4,"covered":2,"skipped":0,"pct":50}}
,"/home/jafet/projetos/back-end/sd-03-trybeer-11/back-end/models/connectionPlain.js": {"lines":{"total":6,"covered":4,"skipped":0,"pct":66.67},"functions":{"total":2,"covered":1,"skipped":0,"pct":50},"statements":{"total":7,"covered":5,"skipped":0,"pct":71.43},"branches":{"total":1,"covered":0,"skipped":0,"pct":0}}
,"/home/jafet/projetos/back-end/sd-03-trybeer-11/back-end/models/index.js": {"lines":{"total":4,"covered":4,"skipped":0,"pct":100},"functions":{"total":0,"covered":0,"skipped":0,"pct":100},"statements":{"total":4,"covered":4,"skipped":0,"pct":100},"branches":{"total":0,"covered":0,"skipped":0,"pct":100}}
,"/home/jafet/projetos/back-end/sd-03-trybeer-11/back-end/models/products.js": {"lines":{"total":7,"covered":7,"skipped":0,"pct":100},"functions":{"total":6,"covered":6,"skipped":0,"pct":100},"statements":{"total":9,"covered":9,"skipped":0,"pct":100},"branches":{"total":0,"covered":0,"skipped":0,"pct":100}}
,"/home/jafet/projetos/back-end/sd-03-trybeer-11/back-end/models/sales.js": {"lines":{"total":35,"covered":31,"skipped":0,"pct":88.57},"functions":{"total":29,"covered":23,"skipped":0,"pct":79.31},"statements":{"total":43,"covered":37,"skipped":0,"pct":86.05},"branches":{"total":5,"covered":2,"skipped":0,"pct":40}}
,"/home/jafet/projetos/back-end/sd-03-trybeer-11/back-end/models/users.js": {"lines":{"total":22,"covered":20,"skipped":0,"pct":90.91},"functions":{"total":20,"covered":17,"skipped":0,"pct":85},"statements":{"total":27,"covered":24,"skipped":0,"pct":88.89},"branches":{"total":4,"covered":3,"skipped":0,"pct":75}}
,"/home/jafet/projetos/back-end/sd-03-trybeer-11/back-end/routes/index.js": {"lines":{"total":4,"covered":4,"skipped":0,"pct":100},"functions":{"total":0,"covered":0,"skipped":0,"pct":100},"statements":{"total":4,"covered":4,"skipped":0,"pct":100},"branches":{"total":0,"covered":0,"skipped":0,"pct":100}}
,"/home/jafet/projetos/back-end/sd-03-trybeer-11/back-end/routes/products.js": {"lines":{"total":6,"covered":6,"skipped":0,"pct":100},"functions":{"total":0,"covered":0,"skipped":0,"pct":100},"statements":{"total":6,"covered":6,"skipped":0,"pct":100},"branches":{"total":0,"covered":0,"skipped":0,"pct":100}}
,"/home/jafet/projetos/back-end/sd-03-trybeer-11/back-end/routes/sales.js": {"lines":{"total":6,"covered":6,"skipped":0,"pct":100},"functions":{"total":0,"covered":0,"skipped":0,"pct":100},"statements":{"total":6,"covered":6,"skipped":0,"pct":100},"branches":{"total":0,"covered":0,"skipped":0,"pct":100}}
,"/home/jafet/projetos/back-end/sd-03-trybeer-11/back-end/routes/users.js": {"lines":{"total":6,"covered":6,"skipped":0,"pct":100},"functions":{"total":0,"covered":0,"skipped":0,"pct":100},"statements":{"total":6,"covered":6,"skipped":0,"pct":100},"branches":{"total":0,"covered":0,"skipped":0,"pct":100}}
,"/home/jafet/projetos/back-end/sd-03-trybeer-11/back-end/services/index.js": {"lines":{"total":4,"covered":4,"skipped":0,"pct":100},"functions":{"total":0,"covered":0,"skipped":0,"pct":100},"statements":{"total":4,"covered":4,"skipped":0,"pct":100},"branches":{"total":0,"covered":0,"skipped":0,"pct":100}}
,"/home/jafet/projetos/back-end/sd-03-trybeer-11/back-end/services/products.js": {"lines":{"total":3,"covered":3,"skipped":0,"pct":100},"functions":{"total":1,"covered":1,"skipped":0,"pct":100},"statements":{"total":4,"covered":4,"skipped":0,"pct":100},"branches":{"total":0,"covered":0,"skipped":0,"pct":100}}
,"/home/jafet/projetos/back-end/sd-03-trybeer-11/back-end/services/sales.js": {"lines":{"total":31,"covered":25,"skipped":0,"pct":80.65},"functions":{"total":14,"covered":8,"skipped":0,"pct":57.14},"statements":{"total":36,"covered":29,"skipped":0,"pct":80.56},"branches":{"total":6,"covered":3,"skipped":0,"pct":50}}
,"/home/jafet/projetos/back-end/sd-03-trybeer-11/back-end/services/users.js": {"lines":{"total":31,"covered":30,"skipped":0,"pct":96.77},"functions":{"total":9,"covered":9,"skipped":0,"pct":100},"statements":{"total":38,"covered":34,"skipped":0,"pct":89.47},"branches":{"total":17,"covered":11,"skipped":0,"pct":64.71}}
,"/home/jafet/projetos/back-end/sd-03-trybeer-11/back-end/tests/bancoTest.js": {"lines":{"total":37,"covered":34,"skipped":0,"pct":91.89},"functions":{"total":10,"covered":9,"skipped":0,"pct":90},"statements":{"total":38,"covered":35,"skipped":0,"pct":92.11},"branches":{"total":0,"covered":0,"skipped":0,"pct":100}}
}
