TN:
SF:app.js
FN:24,(anonymous_0)
FNF:1
FNH:0
FNDA:0,(anonymous_0)
DA:1,1
DA:2,1
DA:3,1
DA:4,1
DA:5,1
DA:6,1
DA:8,1
DA:10,1
DA:11,1
DA:18,1
DA:19,1
DA:20,1
DA:21,1
DA:22,1
DA:24,1
DA:26,1
DA:28,1
LF:17
LH:17
BRF:0
BRH:0
end_of_record
TN:
SF:controllers/index.js
FNF:0
FNH:0
DA:1,1
DA:2,1
DA:3,1
DA:5,1
LF:4
LH:4
BRF:0
BRH:0
end_of_record
TN:
SF:controllers/products.js
FN:5,(anonymous_0)
FNF:1
FNH:1
FNDA:2,(anonymous_0)
DA:1,1
DA:2,1
DA:4,1
DA:6,2
DA:7,2
DA:13,1
LF:6
LH:6
BRF:0
BRH:0
end_of_record
TN:
SF:controllers/sales.js
FN:5,(anonymous_0)
FN:25,(anonymous_1)
FN:33,(anonymous_2)
FN:39,(anonymous_3)
FN:60,(anonymous_4)
FNF:5
FNH:5
FNDA:5,(anonymous_0)
FNDA:1,(anonymous_1)
FNDA:3,(anonymous_2)
FNDA:1,(anonymous_3)
FNDA:1,(anonymous_4)
DA:1,1
DA:2,1
DA:3,1
DA:5,1
DA:6,5
DA:7,5
DA:9,5
DA:12,5
DA:14,5
DA:18,5
DA:20,1
DA:24,1
DA:26,1
DA:30,1
DA:33,1
DA:34,3
DA:35,3
DA:36,3
DA:39,1
DA:40,1
DA:42,1
DA:44,1
DA:46,1
DA:51,1
DA:53,1
DA:54,0
DA:57,1
DA:60,1
DA:61,1
DA:62,1
DA:64,1
DA:66,1
DA:68,1
DA:70,1
DA:72,1
DA:75,1
LF:36
LH:35
BRDA:18,0,0,4
BRDA:18,0,1,1
BRDA:34,1,0,0
BRDA:34,1,1,3
BRDA:44,2,0,0
BRDA:44,2,1,1
BRDA:51,3,0,0
BRDA:51,3,1,1
BRDA:53,4,0,0
BRDA:53,4,1,1
BRDA:53,5,0,1
BRDA:53,5,1,1
BRDA:68,6,0,0
BRDA:68,6,1,1
BRF:14
BRH:9
end_of_record
TN:
SF:controllers/users.js
FN:6,(anonymous_0)
FN:28,(anonymous_1)
FN:37,(anonymous_2)
FN:50,(anonymous_3)
FN:66,(anonymous_4)
FNF:5
FNH:5
FNDA:3,(anonymous_0)
FNDA:1,(anonymous_1)
FNDA:15,(anonymous_2)
FNDA:9,(anonymous_3)
FNDA:1,(anonymous_4)
DA:1,1
DA:2,1
DA:4,1
DA:6,1
DA:7,3
DA:9,3
DA:11,3
DA:13,3
DA:15,3
DA:17,1
DA:18,1
DA:20,1
DA:22,1
DA:24,0
DA:28,1
DA:29,1
DA:31,1
DA:33,1
DA:34,1
DA:37,1
DA:38,15
DA:40,15
DA:42,14
DA:44,14
DA:46,9
DA:47,9
DA:50,1
DA:51,9
DA:53,9
DA:55,9
DA:57,8
DA:59,8
DA:61,8
DA:63,8
DA:66,1
DA:67,1
DA:68,1
DA:70,1
DA:72,1
DA:73,1
DA:75,1
DA:77,1
DA:80,1
LF:43
LH:42
BRDA:7,0,0,3
BRDA:7,0,1,0
BRDA:11,1,0,0
BRDA:11,1,1,3
BRDA:13,2,0,3
BRDA:13,2,1,0
BRDA:15,3,0,2
BRDA:15,3,1,1
BRDA:20,4,0,0
BRDA:20,4,1,1
BRDA:33,5,0,0
BRDA:33,5,1,1
BRDA:40,6,0,1
BRDA:40,6,1,14
BRDA:40,7,0,15
BRDA:40,7,1,14
BRDA:40,7,2,14
BRDA:44,8,0,5
BRDA:44,8,1,9
BRDA:55,9,0,1
BRDA:55,9,1,8
BRDA:61,10,0,0
BRDA:61,10,1,8
BRDA:72,11,0,0
BRDA:72,11,1,1
BRDA:75,12,0,0
BRDA:75,12,1,1
BRF:27
BRH:19
end_of_record
TN:
SF:middleware/auth.js
FN:9,(anonymous_0)
FN:9,(anonymous_1)
FNF:2
FNH:2
FNDA:7,(anonymous_0)
FNDA:17,(anonymous_1)
DA:1,1
DA:2,1
DA:3,1
DA:5,1
DA:7,1
DA:9,7
DA:10,17
DA:12,17
DA:13,17
DA:15,14
DA:17,14
DA:18,0
DA:21,14
DA:22,14
DA:24,3
LF:15
LH:14
BRDA:7,0,0,1
BRDA:9,1,0,0
BRDA:17,2,0,0
BRDA:17,2,1,14
BRDA:17,3,0,14
BRDA:17,3,1,0
BRF:6
BRH:3
end_of_record
TN:
SF:middleware/error.js
FN:3,(anonymous_0)
FNF:1
FNH:1
FNDA:16,(anonymous_0)
DA:1,1
DA:3,1
DA:4,16
DA:7,16
DA:9,16
DA:12,0
DA:14,0
LF:7
LH:5
BRDA:4,0,0,16
BRDA:4,0,1,0
BRF:2
BRH:1
end_of_record
TN:
SF:middleware/index.js
FNF:0
FNH:0
DA:1,1
DA:2,1
DA:4,1
LF:3
LH:3
BRF:0
BRH:0
end_of_record
TN:
SF:models/connection.js
FN:8,(anonymous_0)
FN:18,(anonymous_1)
FN:22,(anonymous_2)
FNF:3
FNH:2
FNDA:47,(anonymous_0)
FNDA:1,(anonymous_1)
FNDA:0,(anonymous_2)
DA:1,1
DA:2,1
DA:6,1
DA:8,1
DA:9,47
DA:10,1
DA:19,1
DA:20,1
DA:23,0
DA:24,0
LF:10
LH:8
BRDA:6,0,0,0
BRDA:6,1,0,0
BRDA:9,2,0,46
BRDA:9,2,1,1
BRF:4
BRH:2
end_of_record
TN:
SF:models/connectionPlain.js
FN:6,(anonymous_0)
FN:14,(anonymous_1)
FNF:2
FNH:1
FNDA:1,(anonymous_0)
FNDA:0,(anonymous_1)
DA:1,1
DA:2,1
DA:4,1
DA:6,1
DA:15,0
DA:16,0
LF:6
LH:4
BRDA:4,0,0,0
BRF:1
BRH:0
end_of_record
TN:
SF:models/index.js
FNF:0
FNH:0
DA:1,1
DA:2,1
DA:3,1
DA:5,1
LF:4
LH:4
BRF:0
BRH:0
end_of_record
TN:
SF:models/products.js
FN:3,(anonymous_0)
FN:4,(anonymous_1)
FN:5,(anonymous_2)
FN:6,(anonymous_3)
FN:7,(anonymous_4)
FN:7,(anonymous_5)
FNF:6
FNH:6
FNDA:2,(anonymous_0)
FNDA:2,(anonymous_1)
FNDA:2,(anonymous_2)
FNDA:2,(anonymous_3)
FNDA:2,(anonymous_4)
FNDA:22,(anonymous_5)
DA:1,1
DA:3,2
DA:4,2
DA:5,2
DA:6,2
DA:7,22
DA:14,1
LF:7
LH:7
BRF:0
BRH:0
end_of_record
TN:
SF:models/sales.js
FN:4,(anonymous_0)
FN:12,(anonymous_1)
FN:25,(anonymous_2)
FN:31,(anonymous_3)
FN:41,(anonymous_4)
FN:42,(anonymous_5)
FN:43,(anonymous_6)
FN:55,(anonymous_7)
FN:56,(anonymous_8)
FN:56,(anonymous_9)
FN:65,(anonymous_10)
FN:66,(anonymous_11)
FN:67,(anonymous_12)
FN:77,(anonymous_13)
FN:78,(anonymous_14)
FN:78,(anonymous_15)
FN:87,(anonymous_16)
FN:88,(anonymous_17)
FN:89,(anonymous_18)
FN:92,(anonymous_19)
FN:93,(anonymous_20)
FN:105,(anonymous_21)
FN:106,(anonymous_22)
FN:118,(anonymous_23)
FN:119,(anonymous_24)
FN:119,(anonymous_25)
FN:127,(anonymous_26)
FN:128,(anonymous_27)
FN:129,(anonymous_28)
FNF:29
FNH:23
FNDA:1,(anonymous_0)
FNDA:1,(anonymous_1)
FNDA:1,(anonymous_2)
FNDA:1,(anonymous_3)
FNDA:3,(anonymous_4)
FNDA:3,(anonymous_5)
FNDA:3,(anonymous_6)
FNDA:3,(anonymous_7)
FNDA:3,(anonymous_8)
FNDA:3,(anonymous_9)
FNDA:0,(anonymous_10)
FNDA:0,(anonymous_11)
FNDA:0,(anonymous_12)
FNDA:0,(anonymous_13)
FNDA:0,(anonymous_14)
FNDA:0,(anonymous_15)
FNDA:2,(anonymous_16)
FNDA:2,(anonymous_17)
FNDA:2,(anonymous_18)
FNDA:2,(anonymous_19)
FNDA:2,(anonymous_20)
FNDA:1,(anonymous_21)
FNDA:1,(anonymous_22)
FNDA:1,(anonymous_23)
FNDA:1,(anonymous_24)
FNDA:1,(anonymous_25)
FNDA:1,(anonymous_26)
FNDA:1,(anonymous_27)
FNDA:1,(anonymous_28)
DA:1,1
DA:2,1
DA:4,1
DA:7,1
DA:8,1
DA:12,1
DA:22,1
DA:25,1
DA:26,1
DA:27,1
DA:31,1
DA:38,1
DA:41,3
DA:42,3
DA:43,3
DA:55,3
DA:56,3
DA:65,1
DA:66,0
DA:67,0
DA:77,0
DA:78,0
DA:87,2
DA:88,2
DA:89,2
DA:92,2
DA:93,2
DA:105,1
DA:106,1
DA:118,1
DA:119,1
DA:127,1
DA:128,1
DA:129,1
DA:134,1
LF:35
LH:31
BRDA:92,0,0,2
BRDA:92,0,1,0
BRDA:93,1,0,0
BRDA:93,1,1,2
BRDA:127,2,0,0
BRF:5
BRH:2
end_of_record
TN:
SF:models/users.js
FN:3,(anonymous_0)
FN:4,(anonymous_1)
FN:5,(anonymous_2)
FN:8,(anonymous_3)
FN:9,(anonymous_4)
FN:17,(anonymous_5)
FN:18,(anonymous_6)
FN:19,(anonymous_7)
FN:22,(anonymous_8)
FN:23,(anonymous_9)
FN:31,(anonymous_10)
FN:32,(anonymous_11)
FN:33,(anonymous_12)
FN:37,(anonymous_13)
FN:45,(anonymous_14)
FN:46,(anonymous_15)
FN:47,(anonymous_16)
FN:54,(anonymous_17)
FN:55,(anonymous_18)
FN:56,(anonymous_19)
FNF:20
FNH:17
FNDA:27,(anonymous_0)
FNDA:27,(anonymous_1)
FNDA:27,(anonymous_2)
FNDA:27,(anonymous_3)
FNDA:27,(anonymous_4)
FNDA:1,(anonymous_5)
FNDA:1,(anonymous_6)
FNDA:1,(anonymous_7)
FNDA:1,(anonymous_8)
FNDA:1,(anonymous_9)
FNDA:8,(anonymous_10)
FNDA:8,(anonymous_11)
FNDA:8,(anonymous_12)
FNDA:8,(anonymous_13)
FNDA:1,(anonymous_14)
FNDA:1,(anonymous_15)
FNDA:1,(anonymous_16)
FNDA:0,(anonymous_17)
FNDA:0,(anonymous_18)
FNDA:0,(anonymous_19)
DA:1,1
DA:3,27
DA:4,27
DA:5,27
DA:8,27
DA:9,27
DA:17,1
DA:18,1
DA:19,1
DA:22,1
DA:23,1
DA:31,8
DA:32,8
DA:33,8
DA:37,8
DA:45,1
DA:46,1
DA:47,1
DA:54,1
DA:55,0
DA:56,0
DA:63,1
LF:22
LH:20
BRDA:8,0,0,27
BRDA:8,0,1,9
BRDA:22,1,0,1
BRDA:22,1,1,0
BRF:4
BRH:3
end_of_record
TN:
SF:routes/index.js
FNF:0
FNH:0
DA:1,1
DA:2,1
DA:3,1
DA:5,1
LF:4
LH:4
BRF:0
BRH:0
end_of_record
TN:
SF:routes/products.js
FNF:0
FNH:0
DA:1,1
DA:2,1
DA:3,1
DA:5,1
DA:7,1
DA:10,1
LF:6
LH:6
BRF:0
BRH:0
end_of_record
TN:
SF:routes/sales.js
FNF:0
FNH:0
DA:1,1
DA:2,1
DA:3,1
DA:5,1
DA:7,1
DA:13,1
LF:6
LH:6
BRF:0
BRH:0
end_of_record
TN:
SF:routes/users.js
FNF:0
FNH:0
DA:1,1
DA:3,1
DA:4,1
DA:6,1
DA:8,1
DA:14,1
LF:6
LH:6
BRF:0
BRH:0
end_of_record
TN:
SF:services/index.js
FNF:0
FNH:0
DA:1,1
DA:2,1
DA:3,1
DA:5,1
LF:4
LH:4
BRF:0
BRH:0
end_of_record
TN:
SF:services/products.js
FN:3,(anonymous_0)
FNF:1
FNH:1
FNDA:2,(anonymous_0)
DA:1,1
DA:3,2
DA:5,1
LF:3
LH:3
BRF:0
BRH:0
end_of_record
TN:
SF:services/sales.js
FN:8,(anonymous_0)
FN:13,(anonymous_1)
FN:17,(anonymous_2)
FN:21,(anonymous_3)
FN:29,(anonymous_4)
FN:34,(anonymous_5)
FN:50,(anonymous_6)
FN:55,(anonymous_7)
FN:62,(anonymous_8)
FN:66,(anonymous_9)
FN:68,(anonymous_10)
FN:71,(anonymous_11)
FN:73,(anonymous_12)
FN:75,(anonymous_13)
FNF:14
FNH:12
FNDA:0,(anonymous_0)
FNDA:1,(anonymous_1)
FNDA:1,(anonymous_2)
FNDA:0,(anonymous_3)
FNDA:1,(anonymous_4)
FNDA:1,(anonymous_5)
FNDA:1,(anonymous_6)
FNDA:1,(anonymous_7)
FNDA:3,(anonymous_8)
FNDA:1,(anonymous_9)
FNDA:1,(anonymous_10)
FNDA:1,(anonymous_11)
FNDA:1,(anonymous_12)
FNDA:1,(anonymous_13)
DA:1,1
DA:2,1
DA:4,1
DA:8,0
DA:10,1
DA:13,1
DA:15,1
DA:17,1
DA:19,1
DA:21,0
DA:23,1
DA:29,1
DA:34,1
DA:38,1
DA:41,1
DA:50,1
DA:51,1
DA:52,1
DA:55,1
DA:56,1
DA:59,1
DA:62,3
DA:66,1
DA:68,1
DA:71,1
DA:73,1
DA:75,1
DA:76,1
DA:77,1
DA:78,1
DA:81,1
LF:31
LH:29
BRDA:62,0,0,3
BRDA:62,0,1,0
BRDA:68,1,0,1
BRDA:68,1,1,0
BRDA:77,2,0,0
BRDA:77,2,1,1
BRF:6
BRH:3
end_of_record
TN:
SF:services/users.js
FN:22,(anonymous_0)
FN:26,(anonymous_1)
FN:33,(anonymous_2)
FN:46,(anonymous_3)
FN:49,(anonymous_4)
FN:55,(anonymous_5)
FN:57,(anonymous_6)
FN:59,(anonymous_7)
FN:61,(anonymous_8)
FNF:9
FNH:9
FNDA:3,(anonymous_0)
FNDA:9,(anonymous_1)
FNDA:9,(anonymous_2)
FNDA:1,(anonymous_3)
FNDA:1,(anonymous_4)
FNDA:27,(anonymous_5)
FNDA:8,(anonymous_6)
FNDA:8,(anonymous_7)
FNDA:1,(anonymous_8)
DA:1,1
DA:2,1
DA:4,1
DA:6,1
DA:11,1
DA:13,1
DA:16,1
DA:19,1
DA:22,3
DA:26,9
DA:28,1
DA:33,1
DA:34,9
DA:35,9
DA:36,9
DA:37,9
DA:38,9
DA:40,0
DA:44,1
DA:46,1
DA:49,1
DA:55,27
DA:57,8
DA:59,8
DA:61,1
DA:62,1
DA:64,1
DA:68,1
DA:69,1
DA:71,1
DA:74,1
LF:31
LH:30
BRDA:4,0,0,1
BRDA:26,1,0,2
BRDA:26,1,1,7
BRDA:35,2,0,0
BRDA:35,2,1,9
BRDA:62,3,0,0
BRDA:62,3,1,1
BRDA:62,4,0,1
BRDA:62,4,1,0
BRDA:62,4,2,1
BRDA:62,4,3,1
BRDA:64,5,0,1
BRDA:64,5,1,0
BRDA:68,6,0,1
BRDA:68,6,1,0
BRDA:69,7,0,0
BRDA:69,7,1,1
BRF:17
BRH:11
end_of_record
TN:
SF:tests/bancoTest.js
FN:68,createTestTable
FN:75,dropTestTable
FN:80,populateTestTable
FN:86,(anonymous_3)
FN:88,(anonymous_4)
FN:92,(anonymous_5)
FN:99,(anonymous_6)
FN:106,(anonymous_7)
FN:110,(anonymous_8)
FN:116,(anonymous_9)
FNF:10
FNH:9
FNDA:28,createTestTable
FNDA:56,dropTestTable
FNDA:14,populateTestTable
FNDA:7,(anonymous_3)
FNDA:7,(anonymous_4)
FNDA:7,(anonymous_5)
FNDA:7,(anonymous_6)
FNDA:7,(anonymous_7)
FNDA:0,(anonymous_8)
FNDA:7,(anonymous_9)
DA:1,1
DA:2,1
DA:4,1
DA:5,1
DA:13,1
DA:22,1
DA:34,1
DA:42,1
DA:51,1
DA:55,1
DA:69,28
DA:70,28
DA:71,28
DA:72,28
DA:77,56
DA:81,14
DA:86,7
DA:89,7
DA:90,7
DA:94,7
DA:95,7
DA:96,7
DA:97,7
DA:101,7
DA:102,7
DA:103,7
DA:104,7
DA:106,7
DA:111,0
DA:112,0
DA:113,0
DA:116,1
DA:117,7
DA:118,7
DA:119,7
DA:120,7
DA:122,7
DA:123,7
DA:126,1
LF:39
LH:36
BRF:0
BRH:0
end_of_record
