<?xml version="1.0" encoding="UTF-8"?>
<coverage generated="1585861109361" clover="3.2.0">
  <project timestamp="1585861109362" name="All files">
    <metrics statements="7" coveredstatements="7" conditionals="0" coveredconditionals="0" methods="5" coveredmethods="5" elements="12" coveredelements="12" complexity="0" loc="7" ncloc="7" packages="1" files="2" classes="2"/>
    <file name="array.js" path="/home/jafet/curso-Trybe/javaScript/exercises/10_1/array.js">
      <metrics statements="4" coveredstatements="4" conditionals="0" coveredconditionals="0" methods="3" coveredmethods="3"/>
      <line num="2" count="10" type="stmt"/>
      <line num="5" count="1" type="stmt"/>
      <line num="6" count="1" type="stmt"/>
      <line num="9" count="1" type="stmt"/>
    </file>
    <file name="calcs.js" path="/home/jafet/curso-Trybe/javaScript/exercises/10_1/calcs.js">
      <metrics statements="3" coveredstatements="3" conditionals="0" coveredconditionals="0" methods="2" coveredmethods="2"/>
      <line num="2" count="1" type="stmt"/>
      <line num="5" count="1" type="stmt"/>
      <line num="9" count="1" type="stmt"/>
    </file>
  </project>
</coverage>
