{"/home/jafet/projetos/sd-03-recipes-app-03/src/App.js": {"path":"/home/jafet/projetos/sd-03-recipes-app-03/src/App.js","statementMap":{"0":{"start":{"line":8,"column":2},"end":{"line":18,"column":4}}},"fnMap":{"0":{"name":"App","decl":{"start":{"line":7,"column":9},"end":{"line":7,"column":12}},"loc":{"start":{"line":7,"column":15},"end":{"line":19,"column":1}},"line":7}},"branchMap":{},"s":{"0":5},"f":{"0":5},"b":{},"_coverageSchema":"43e27e138ebf9cfc5966b082cf9a028302ed4184","hash":"89c947b21d267a1f811a9af644ab0d55b307f719"}
,"/home/jafet/projetos/sd-03-recipes-app-03/src/Routes/Routes.js": {"path":"/home/jafet/projetos/sd-03-recipes-app-03/src/Routes/Routes.js","statementMap":{"0":{"start":{"line":17,"column":15},"end":{"line":39,"column":1}},"1":{"start":{"line":18,"column":2},"end":{"line":38,"column":18}}},"fnMap":{"0":{"name":"(anonymous_0)","decl":{"start":{"line":17,"column":15},"end":{"line":17,"column":16}},"loc":{"start":{"line":18,"column":2},"end":{"line":38,"column":18}},"line":18}},"branchMap":{},"s":{"0":1,"1":5},"f":{"0":5},"b":{},"_coverageSchema":"43e27e138ebf9cfc5966b082cf9a028302ed4184","hash":"4cbc46ca3641212c392ed0686f3549d1ee6cbd17"}
,"/home/jafet/projetos/sd-03-recipes-app-03/src/components/Categories/ListCategories.js": {"path":"/home/jafet/projetos/sd-03-recipes-app-03/src/components/Categories/ListCategories.js","statementMap":{"0":{"start":{"line":8,"column":25},"end":{"line":11,"column":1}},"1":{"start":{"line":9,"column":2},"end":{"line":10,"column":79}},"2":{"start":{"line":10,"column":24},"end":{"line":10,"column":63}},"3":{"start":{"line":10,"column":74},"end":{"line":10,"column":77}},"4":{"start":{"line":13,"column":26},"end":{"line":19,"column":1}},"5":{"start":{"line":14,"column":2},"end":{"line":17,"column":3}},"6":{"start":{"line":15,"column":4},"end":{"line":15,"column":19}},"7":{"start":{"line":16,"column":4},"end":{"line":16,"column":16}},"8":{"start":{"line":18,"column":2},"end":{"line":18,"column":15}},"9":{"start":{"line":21,"column":25},"end":{"line":37,"column":1}},"10":{"start":{"line":22,"column":90},"end":{"line":22,"column":96}},"11":{"start":{"line":23,"column":2},"end":{"line":30,"column":3}},"12":{"start":{"line":24,"column":4},"end":{"line":26,"column":5}},"13":{"start":{"line":25,"column":6},"end":{"line":25,"column":34}},"14":{"start":{"line":27,"column":4},"end":{"line":27,"column":35}},"15":{"start":{"line":28,"column":4},"end":{"line":28,"column":50}},"16":{"start":{"line":29,"column":4},"end":{"line":29,"column":74}},"17":{"start":{"line":31,"column":2},"end":{"line":33,"column":3}},"18":{"start":{"line":32,"column":4},"end":{"line":32,"column":32}},"19":{"start":{"line":34,"column":2},"end":{"line":34,"column":33}},"20":{"start":{"line":35,"column":2},"end":{"line":35,"column":69}},"21":{"start":{"line":36,"column":2},"end":{"line":36,"column":14}},"22":{"start":{"line":39,"column":23},"end":{"line":64,"column":1}},"23":{"start":{"line":40,"column":71},"end":{"line":40,"column":94}},"24":{"start":{"line":41,"column":44},"end":{"line":41,"column":70}},"25":{"start":{"line":42,"column":17},"end":{"line":49,"column":3}},"26":{"start":{"line":51,"column":2},"end":{"line":63,"column":4}},"27":{"start":{"line":54,"column":8},"end":{"line":60,"column":17}},"28":{"start":{"line":56,"column":25},"end":{"line":56,"column":68}},"29":{"start":{"line":66,"column":0},"end":{"line":69,"column":2}}},"fnMap":{"0":{"name":"(anonymous_0)","decl":{"start":{"line":8,"column":25},"end":{"line":8,"column":26}},"loc":{"start":{"line":8,"column":67},"end":{"line":11,"column":1}},"line":8},"1":{"name":"(anonymous_1)","decl":{"start":{"line":10,"column":10},"end":{"line":10,"column":11}},"loc":{"start":{"line":10,"column":24},"end":{"line":10,"column":63}},"line":10},"2":{"name":"(anonymous_2)","decl":{"start":{"line":10,"column":65},"end":{"line":10,"column":66}},"loc":{"start":{"line":10,"column":74},"end":{"line":10,"column":77}},"line":10},"3":{"name":"(anonymous_3)","decl":{"start":{"line":13,"column":26},"end":{"line":13,"column":27}},"loc":{"start":{"line":13,"column":71},"end":{"line":19,"column":1}},"line":13},"4":{"name":"(anonymous_4)","decl":{"start":{"line":21,"column":25},"end":{"line":21,"column":26}},"loc":{"start":{"line":21,"column":61},"end":{"line":37,"column":1}},"line":21},"5":{"name":"(anonymous_5)","decl":{"start":{"line":39,"column":23},"end":{"line":39,"column":24}},"loc":{"start":{"line":39,"column":52},"end":{"line":64,"column":1}},"line":39},"6":{"name":"(anonymous_6)","decl":{"start":{"line":53,"column":37},"end":{"line":53,"column":38}},"loc":{"start":{"line":54,"column":8},"end":{"line":60,"column":17}},"line":54},"7":{"name":"(anonymous_7)","decl":{"start":{"line":56,"column":19},"end":{"line":56,"column":20}},"loc":{"start":{"line":56,"column":25},"end":{"line":56,"column":68}},"line":56}},"branchMap":{"0":{"loc":{"start":{"line":14,"column":2},"end":{"line":17,"column":3}},"type":"if","locations":[{"start":{"line":14,"column":2},"end":{"line":17,"column":3}},{"start":{"line":14,"column":2},"end":{"line":17,"column":3}}],"line":14},"1":{"loc":{"start":{"line":14,"column":6},"end":{"line":14,"column":54}},"type":"binary-expr","locations":[{"start":{"line":14,"column":6},"end":{"line":14,"column":32}},{"start":{"line":14,"column":36},"end":{"line":14,"column":54}}],"line":14},"2":{"loc":{"start":{"line":23,"column":2},"end":{"line":30,"column":3}},"type":"if","locations":[{"start":{"line":23,"column":2},"end":{"line":30,"column":3}},{"start":{"line":23,"column":2},"end":{"line":30,"column":3}}],"line":23},"3":{"loc":{"start":{"line":24,"column":4},"end":{"line":26,"column":5}},"type":"if","locations":[{"start":{"line":24,"column":4},"end":{"line":26,"column":5}},{"start":{"line":24,"column":4},"end":{"line":26,"column":5}}],"line":24},"4":{"loc":{"start":{"line":31,"column":2},"end":{"line":33,"column":3}},"type":"if","locations":[{"start":{"line":31,"column":2},"end":{"line":33,"column":3}},{"start":{"line":31,"column":2},"end":{"line":33,"column":3}}],"line":31}},"s":{"0":5,"1":3,"2":3,"3":0,"4":5,"5":5,"6":2,"7":2,"8":3,"9":5,"10":4,"11":4,"12":2,"13":1,"14":1,"15":1,"16":1,"17":3,"18":1,"19":2,"20":2,"21":2,"22":5,"23":71,"24":71,"25":71,"26":71,"27":216,"28":4,"29":5},"f":{"0":3,"1":3,"2":0,"3":5,"4":4,"5":71,"6":216,"7":4},"b":{"0":[2,3],"1":[5,3],"2":[2,2],"3":[1,1],"4":[1,2]},"_coverageSchema":"43e27e138ebf9cfc5966b082cf9a028302ed4184","hash":"d952a85610d9c9e2fbb6013628395728a61683a0"}
,"/home/jafet/projetos/sd-03-recipes-app-03/src/components/ContentHeader/ContentHeader.js": {"path":"/home/jafet/projetos/sd-03-recipes-app-03/src/components/ContentHeader/ContentHeader.js","statementMap":{"0":{"start":{"line":7,"column":22},"end":{"line":25,"column":1}},"1":{"start":{"line":8,"column":60},"end":{"line":8,"column":64}},"2":{"start":{"line":10,"column":2},"end":{"line":24,"column":4}},"3":{"start":{"line":29,"column":0},"end":{"line":31,"column":2}}},"fnMap":{"0":{"name":"(anonymous_0)","decl":{"start":{"line":7,"column":22},"end":{"line":7,"column":23}},"loc":{"start":{"line":7,"column":36},"end":{"line":25,"column":1}},"line":7}},"branchMap":{"0":{"loc":{"start":{"line":8,"column":26},"end":{"line":8,"column":40}},"type":"default-arg","locations":[{"start":{"line":8,"column":38},"end":{"line":8,"column":40}}],"line":8},"1":{"loc":{"start":{"line":16,"column":44},"end":{"line":16,"column":65}},"type":"binary-expr","locations":[{"start":{"line":16,"column":44},"end":{"line":16,"column":53}},{"start":{"line":16,"column":57},"end":{"line":16,"column":65}}],"line":16}},"s":{"0":3,"1":62,"2":62,"3":3},"f":{"0":62},"b":{"0":[59],"1":[62,59]},"_coverageSchema":"43e27e138ebf9cfc5966b082cf9a028302ed4184","hash":"9b57a9258e618b1c8edca4909590810c0b0e60a9"}
,"/home/jafet/projetos/sd-03-recipes-app-03/src/components/Favorite/FavoriteButton.js": {"path":"/home/jafet/projetos/sd-03-recipes-app-03/src/components/Favorite/FavoriteButton.js","statementMap":{"0":{"start":{"line":8,"column":21},"end":{"line":29,"column":1}},"1":{"start":{"line":9,"column":2},"end":{"line":19,"column":3}},"2":{"start":{"line":10,"column":4},"end":{"line":18,"column":6}},"3":{"start":{"line":20,"column":2},"end":{"line":28,"column":4}},"4":{"start":{"line":31,"column":23},"end":{"line":79,"column":1}},"5":{"start":{"line":32,"column":42},"end":{"line":32,"column":56}},"6":{"start":{"line":33,"column":32},"end":{"line":33,"column":56}},"7":{"start":{"line":34,"column":25},"end":{"line":34,"column":48}},"8":{"start":{"line":35,"column":2},"end":{"line":45,"column":9}},"9":{"start":{"line":36,"column":4},"end":{"line":44,"column":5}},"10":{"start":{"line":37,"column":6},"end":{"line":37,"column":66}},"11":{"start":{"line":39,"column":25},"end":{"line":39,"column":76}},"12":{"start":{"line":40,"column":6},"end":{"line":43,"column":7}},"13":{"start":{"line":40,"column":41},"end":{"line":40,"column":67}},"14":{"start":{"line":41,"column":8},"end":{"line":41,"column":31}},"15":{"start":{"line":42,"column":8},"end":{"line":42,"column":35}},"16":{"start":{"line":46,"column":28},"end":{"line":52,"column":3}},"17":{"start":{"line":47,"column":20},"end":{"line":47,"column":71}},"18":{"start":{"line":48,"column":22},"end":{"line":48,"column":71}},"19":{"start":{"line":49,"column":4},"end":{"line":49,"column":71}},"20":{"start":{"line":50,"column":4},"end":{"line":50,"column":31}},"21":{"start":{"line":51,"column":4},"end":{"line":51,"column":16}},"22":{"start":{"line":53,"column":29},"end":{"line":59,"column":3}},"23":{"start":{"line":54,"column":20},"end":{"line":54,"column":71}},"24":{"start":{"line":55,"column":22},"end":{"line":55,"column":75}},"25":{"start":{"line":55,"column":50},"end":{"line":55,"column":74}},"26":{"start":{"line":56,"column":4},"end":{"line":56,"column":71}},"27":{"start":{"line":57,"column":4},"end":{"line":57,"column":31}},"28":{"start":{"line":58,"column":4},"end":{"line":58,"column":16}},"29":{"start":{"line":60,"column":25},"end":{"line":68,"column":3}},"30":{"start":{"line":61,"column":4},"end":{"line":65,"column":5}},"31":{"start":{"line":62,"column":6},"end":{"line":62,"column":26}},"32":{"start":{"line":64,"column":6},"end":{"line":64,"column":27}},"33":{"start":{"line":66,"column":4},"end":{"line":66,"column":74}},"34":{"start":{"line":66,"column":21},"end":{"line":66,"column":72}},"35":{"start":{"line":67,"column":4},"end":{"line":67,"column":60}},"36":{"start":{"line":67,"column":45},"end":{"line":67,"column":58}},"37":{"start":{"line":69,"column":2},"end":{"line":78,"column":4}},"38":{"start":{"line":70,"column":54},"end":{"line":70,"column":70}},"39":{"start":{"line":81,"column":0},"end":{"line":83,"column":2}},"40":{"start":{"line":85,"column":0},"end":{"line":88,"column":2}}},"fnMap":{"0":{"name":"(anonymous_0)","decl":{"start":{"line":8,"column":21},"end":{"line":8,"column":22}},"loc":{"start":{"line":8,"column":39},"end":{"line":29,"column":1}},"line":8},"1":{"name":"(anonymous_1)","decl":{"start":{"line":31,"column":23},"end":{"line":31,"column":24}},"loc":{"start":{"line":31,"column":46},"end":{"line":79,"column":1}},"line":31},"2":{"name":"(anonymous_2)","decl":{"start":{"line":35,"column":12},"end":{"line":35,"column":13}},"loc":{"start":{"line":35,"column":18},"end":{"line":45,"column":3}},"line":35},"3":{"name":"(anonymous_3)","decl":{"start":{"line":40,"column":26},"end":{"line":40,"column":27}},"loc":{"start":{"line":40,"column":41},"end":{"line":40,"column":67}},"line":40},"4":{"name":"(anonymous_4)","decl":{"start":{"line":46,"column":28},"end":{"line":46,"column":29}},"loc":{"start":{"line":46,"column":34},"end":{"line":52,"column":3}},"line":46},"5":{"name":"(anonymous_5)","decl":{"start":{"line":53,"column":29},"end":{"line":53,"column":30}},"loc":{"start":{"line":53,"column":35},"end":{"line":59,"column":3}},"line":53},"6":{"name":"(anonymous_6)","decl":{"start":{"line":55,"column":37},"end":{"line":55,"column":38}},"loc":{"start":{"line":55,"column":50},"end":{"line":55,"column":74}},"line":55},"7":{"name":"(anonymous_7)","decl":{"start":{"line":60,"column":25},"end":{"line":60,"column":26}},"loc":{"start":{"line":60,"column":31},"end":{"line":68,"column":3}},"line":60},"8":{"name":"(anonymous_8)","decl":{"start":{"line":66,"column":15},"end":{"line":66,"column":16}},"loc":{"start":{"line":66,"column":21},"end":{"line":66,"column":72}},"line":66},"9":{"name":"(anonymous_9)","decl":{"start":{"line":67,"column":27},"end":{"line":67,"column":28}},"loc":{"start":{"line":67,"column":45},"end":{"line":67,"column":58}},"line":67},"10":{"name":"(anonymous_10)","decl":{"start":{"line":70,"column":48},"end":{"line":70,"column":49}},"loc":{"start":{"line":70,"column":54},"end":{"line":70,"column":70}},"line":70}},"branchMap":{"0":{"loc":{"start":{"line":9,"column":2},"end":{"line":19,"column":3}},"type":"if","locations":[{"start":{"line":9,"column":2},"end":{"line":19,"column":3}},{"start":{"line":9,"column":2},"end":{"line":19,"column":3}}],"line":9},"1":{"loc":{"start":{"line":36,"column":4},"end":{"line":44,"column":5}},"type":"if","locations":[{"start":{"line":36,"column":4},"end":{"line":44,"column":5}},{"start":{"line":36,"column":4},"end":{"line":44,"column":5}}],"line":36},"2":{"loc":{"start":{"line":40,"column":6},"end":{"line":43,"column":7}},"type":"if","locations":[{"start":{"line":40,"column":6},"end":{"line":43,"column":7}},{"start":{"line":40,"column":6},"end":{"line":43,"column":7}}],"line":40},"3":{"loc":{"start":{"line":61,"column":4},"end":{"line":65,"column":5}},"type":"if","locations":[{"start":{"line":61,"column":4},"end":{"line":65,"column":5}},{"start":{"line":61,"column":4},"end":{"line":65,"column":5}}],"line":61},"4":{"loc":{"start":{"line":73,"column":10},"end":{"line":73,"column":91}},"type":"cond-expr","locations":[{"start":{"line":73,"column":40},"end":{"line":73,"column":74}},{"start":{"line":73,"column":77},"end":{"line":73,"column":91}}],"line":73}},"s":{"0":6,"1":1,"2":1,"3":0,"4":6,"5":78,"6":78,"7":78,"8":78,"9":50,"10":23,"11":27,"12":27,"13":6,"14":4,"15":4,"16":78,"17":1,"18":1,"19":1,"20":1,"21":1,"22":78,"23":2,"24":2,"25":3,"26":2,"27":2,"28":2,"29":78,"30":3,"31":1,"32":2,"33":3,"34":3,"35":3,"36":3,"37":78,"38":3,"39":6,"40":6},"f":{"0":1,"1":78,"2":50,"3":6,"4":1,"5":2,"6":3,"7":3,"8":3,"9":3,"10":3},"b":{"0":[1,0],"1":[23,27],"2":[4,23],"3":[1,2],"4":[14,64]},"_coverageSchema":"43e27e138ebf9cfc5966b082cf9a028302ed4184","hash":"670e887c0f7e2afab5dd86b352fe45f07db662c0"}
,"/home/jafet/projetos/sd-03-recipes-app-03/src/components/Footer/Footer.js": {"path":"/home/jafet/projetos/sd-03-recipes-app-03/src/components/Footer/Footer.js","statementMap":{"0":{"start":{"line":9,"column":2},"end":{"line":20,"column":4}},"1":{"start":{"line":24,"column":2},"end":{"line":32,"column":4}}},"fnMap":{"0":{"name":"renderIconToRoute","decl":{"start":{"line":8,"column":9},"end":{"line":8,"column":26}},"loc":{"start":{"line":8,"column":48},"end":{"line":21,"column":1}},"line":8},"1":{"name":"Footer","decl":{"start":{"line":23,"column":24},"end":{"line":23,"column":30}},"loc":{"start":{"line":23,"column":33},"end":{"line":33,"column":1}},"line":23}},"branchMap":{},"s":{"0":192,"1":64},"f":{"0":192,"1":64},"b":{},"_coverageSchema":"43e27e138ebf9cfc5966b082cf9a028302ed4184","hash":"0fab7b1f88758785779f606e812a7df6c0c8bc12"}
,"/home/jafet/projetos/sd-03-recipes-app-03/src/components/HeaderSearchBar/HeaderSearchBarContext.js": {"path":"/home/jafet/projetos/sd-03-recipes-app-03/src/components/HeaderSearchBar/HeaderSearchBarContext.js","statementMap":{"0":{"start":{"line":5,"column":32},"end":{"line":5,"column":51}},"1":{"start":{"line":7,"column":0},"end":{"line":7,"column":50}},"2":{"start":{"line":9,"column":26},"end":{"line":16,"column":1}},"3":{"start":{"line":10,"column":38},"end":{"line":10,"column":52}},"4":{"start":{"line":11,"column":26},"end":{"line":11,"column":38}},"5":{"start":{"line":13,"column":18},"end":{"line":13,"column":62}},"6":{"start":{"line":15,"column":2},"end":{"line":15,"column":91}},"7":{"start":{"line":20,"column":0},"end":{"line":20,"column":70}}},"fnMap":{"0":{"name":"(anonymous_0)","decl":{"start":{"line":9,"column":26},"end":{"line":9,"column":27}},"loc":{"start":{"line":9,"column":44},"end":{"line":16,"column":1}},"line":9}},"branchMap":{},"s":{"0":10,"1":10,"2":10,"3":72,"4":72,"5":72,"6":72,"7":10},"f":{"0":72},"b":{},"_coverageSchema":"43e27e138ebf9cfc5966b082cf9a028302ed4184","hash":"17c18dcd961731b5f71d5a0e95c25a6211aa507e"}
,"/home/jafet/projetos/sd-03-recipes-app-03/src/components/HeaderSearchBar/searchButtonFunction.js": {"path":"/home/jafet/projetos/sd-03-recipes-app-03/src/components/HeaderSearchBar/searchButtonFunction.js","statementMap":{"0":{"start":{"line":3,"column":15},"end":{"line":7,"column":1}},"1":{"start":{"line":9,"column":18},"end":{"line":16,"column":1}},"2":{"start":{"line":10,"column":2},"end":{"line":12,"column":3}},"3":{"start":{"line":11,"column":4},"end":{"line":11,"column":67}},"4":{"start":{"line":13,"column":2},"end":{"line":15,"column":3}},"5":{"start":{"line":14,"column":4},"end":{"line":14,"column":55}},"6":{"start":{"line":18,"column":22},"end":{"line":35,"column":1}},"7":{"start":{"line":26,"column":15},"end":{"line":26,"column":58}},"8":{"start":{"line":27,"column":2},"end":{"line":32,"column":3}},"9":{"start":{"line":28,"column":4},"end":{"line":28,"column":39}},"10":{"start":{"line":29,"column":4},"end":{"line":29,"column":25}},"11":{"start":{"line":31,"column":4},"end":{"line":31,"column":85}},"12":{"start":{"line":33,"column":2},"end":{"line":33,"column":33}},"13":{"start":{"line":34,"column":2},"end":{"line":34,"column":15}},"14":{"start":{"line":37,"column":21},"end":{"line":57,"column":1}},"15":{"start":{"line":45,"column":2},"end":{"line":56,"column":3}},"16":{"start":{"line":46,"column":4},"end":{"line":46,"column":59}},"17":{"start":{"line":48,"column":4},"end":{"line":55,"column":6}}},"fnMap":{"0":{"name":"(anonymous_0)","decl":{"start":{"line":9,"column":18},"end":{"line":9,"column":19}},"loc":{"start":{"line":9,"column":43},"end":{"line":16,"column":1}},"line":9},"1":{"name":"(anonymous_1)","decl":{"start":{"line":18,"column":22},"end":{"line":18,"column":23}},"loc":{"start":{"line":25,"column":5},"end":{"line":35,"column":1}},"line":25},"2":{"name":"(anonymous_2)","decl":{"start":{"line":37,"column":21},"end":{"line":37,"column":22}},"loc":{"start":{"line":44,"column":7},"end":{"line":57,"column":1}},"line":44}},"branchMap":{"0":{"loc":{"start":{"line":10,"column":2},"end":{"line":12,"column":3}},"type":"if","locations":[{"start":{"line":10,"column":2},"end":{"line":12,"column":3}},{"start":{"line":10,"column":2},"end":{"line":12,"column":3}}],"line":10},"1":{"loc":{"start":{"line":10,"column":6},"end":{"line":10,"column":48}},"type":"binary-expr","locations":[{"start":{"line":10,"column":6},"end":{"line":10,"column":21}},{"start":{"line":10,"column":25},"end":{"line":10,"column":48}}],"line":10},"2":{"loc":{"start":{"line":13,"column":2},"end":{"line":15,"column":3}},"type":"if","locations":[{"start":{"line":13,"column":2},"end":{"line":15,"column":3}},{"start":{"line":13,"column":2},"end":{"line":15,"column":3}}],"line":13},"3":{"loc":{"start":{"line":13,"column":6},"end":{"line":13,"column":53}},"type":"binary-expr","locations":[{"start":{"line":13,"column":6},"end":{"line":13,"column":25}},{"start":{"line":13,"column":29},"end":{"line":13,"column":53}}],"line":13},"4":{"loc":{"start":{"line":27,"column":2},"end":{"line":32,"column":3}},"type":"if","locations":[{"start":{"line":27,"column":2},"end":{"line":32,"column":3}},{"start":{"line":27,"column":2},"end":{"line":32,"column":3}}],"line":27},"5":{"loc":{"start":{"line":27,"column":6},"end":{"line":27,"column":31}},"type":"binary-expr","locations":[{"start":{"line":27,"column":6},"end":{"line":27,"column":16}},{"start":{"line":27,"column":20},"end":{"line":27,"column":31}}],"line":27},"6":{"loc":{"start":{"line":28,"column":12},"end":{"line":28,"column":37}},"type":"binary-expr","locations":[{"start":{"line":28,"column":12},"end":{"line":28,"column":22}},{"start":{"line":28,"column":26},"end":{"line":28,"column":37}}],"line":28},"7":{"loc":{"start":{"line":45,"column":2},"end":{"line":56,"column":3}},"type":"if","locations":[{"start":{"line":45,"column":2},"end":{"line":56,"column":3}},{"start":{"line":45,"column":2},"end":{"line":56,"column":3}}],"line":45},"8":{"loc":{"start":{"line":45,"column":6},"end":{"line":45,"column":62}},"type":"binary-expr","locations":[{"start":{"line":45,"column":6},"end":{"line":45,"column":35}},{"start":{"line":45,"column":39},"end":{"line":45,"column":62}}],"line":45}},"s":{"0":7,"1":7,"2":4,"3":0,"4":4,"5":0,"6":7,"7":4,"8":4,"9":4,"10":4,"11":0,"12":4,"13":4,"14":7,"15":4,"16":0,"17":4},"f":{"0":4,"1":4,"2":4},"b":{"0":[0,4],"1":[4,4],"2":[0,4],"3":[4,0],"4":[4,0],"5":[4,0],"6":[4,0],"7":[0,4],"8":[4,1]},"_coverageSchema":"43e27e138ebf9cfc5966b082cf9a028302ed4184","hash":"8df41d86984a4d377146f2679c43d3e6066da758"}
,"/home/jafet/projetos/sd-03-recipes-app-03/src/components/Heading/Heading.js": {"path":"/home/jafet/projetos/sd-03-recipes-app-03/src/components/Heading/Heading.js","statementMap":{"0":{"start":{"line":7,"column":16},"end":{"line":14,"column":1}},"1":{"start":{"line":8,"column":2},"end":{"line":13,"column":8}},"2":{"start":{"line":16,"column":0},"end":{"line":16,"column":59}}},"fnMap":{"0":{"name":"(anonymous_0)","decl":{"start":{"line":7,"column":16},"end":{"line":7,"column":17}},"loc":{"start":{"line":8,"column":2},"end":{"line":13,"column":8}},"line":8}},"branchMap":{},"s":{"0":1,"1":9,"2":1},"f":{"0":9},"b":{},"_coverageSchema":"43e27e138ebf9cfc5966b082cf9a028302ed4184","hash":"aa78e99f49eedd7a3c4fde7db0677877c5b0302c"}
,"/home/jafet/projetos/sd-03-recipes-app-03/src/components/Loading/Loading.js": {"path":"/home/jafet/projetos/sd-03-recipes-app-03/src/components/Loading/Loading.js","statementMap":{"0":{"start":{"line":9,"column":16},"end":{"line":24,"column":1}},"1":{"start":{"line":10,"column":26},"end":{"line":10,"column":48}},"2":{"start":{"line":12,"column":2},"end":{"line":18,"column":9}},"3":{"start":{"line":13,"column":18},"end":{"line":13,"column":61}},"4":{"start":{"line":14,"column":21},"end":{"line":16,"column":11}},"5":{"start":{"line":15,"column":6},"end":{"line":15,"column":56}},"6":{"start":{"line":17,"column":4},"end":{"line":17,"column":41}},"7":{"start":{"line":17,"column":17},"end":{"line":17,"column":40}},"8":{"start":{"line":19,"column":2},"end":{"line":23,"column":4}}},"fnMap":{"0":{"name":"(anonymous_0)","decl":{"start":{"line":9,"column":16},"end":{"line":9,"column":17}},"loc":{"start":{"line":9,"column":22},"end":{"line":24,"column":1}},"line":9},"1":{"name":"(anonymous_1)","decl":{"start":{"line":12,"column":12},"end":{"line":12,"column":13}},"loc":{"start":{"line":12,"column":18},"end":{"line":18,"column":3}},"line":12},"2":{"name":"(anonymous_2)","decl":{"start":{"line":14,"column":33},"end":{"line":14,"column":34}},"loc":{"start":{"line":14,"column":39},"end":{"line":16,"column":5}},"line":14},"3":{"name":"(anonymous_3)","decl":{"start":{"line":17,"column":11},"end":{"line":17,"column":12}},"loc":{"start":{"line":17,"column":17},"end":{"line":17,"column":40}},"line":17}},"branchMap":{},"s":{"0":6,"1":73,"2":73,"3":46,"4":46,"5":1,"6":46,"7":46,"8":73},"f":{"0":73,"1":46,"2":1,"3":46},"b":{},"_coverageSchema":"43e27e138ebf9cfc5966b082cf9a028302ed4184","hash":"7026c4d35aaa608e805eabe74b112b5a402aecaf"}
,"/home/jafet/projetos/sd-03-recipes-app-03/src/components/Recipes/RecipeCard/RecipeCard.js": {"path":"/home/jafet/projetos/sd-03-recipes-app-03/src/components/Recipes/RecipeCard/RecipeCard.js","statementMap":{"0":{"start":{"line":11,"column":20},"end":{"line":28,"column":1}},"1":{"start":{"line":12,"column":24},"end":{"line":12,"column":30}},"2":{"start":{"line":13,"column":2},"end":{"line":27,"column":4}},"3":{"start":{"line":17,"column":23},"end":{"line":17,"column":40}},"4":{"start":{"line":30,"column":23},"end":{"line":57,"column":1}},"5":{"start":{"line":31,"column":29},"end":{"line":31,"column":35}},"6":{"start":{"line":32,"column":2},"end":{"line":56,"column":4}},"7":{"start":{"line":37,"column":25},"end":{"line":37,"column":42}},"8":{"start":{"line":59,"column":27},"end":{"line":73,"column":1}},"9":{"start":{"line":60,"column":40},"end":{"line":60,"column":46}},"10":{"start":{"line":61,"column":2},"end":{"line":72,"column":4}},"11":{"start":{"line":74,"column":19},"end":{"line":87,"column":1}},"12":{"start":{"line":75,"column":34},"end":{"line":75,"column":49}},"13":{"start":{"line":76,"column":23},"end":{"line":76,"column":29}},"14":{"start":{"line":77,"column":2},"end":{"line":77,"column":73}},"15":{"start":{"line":77,"column":16},"end":{"line":77,"column":73}},"16":{"start":{"line":78,"column":2},"end":{"line":86,"column":4}},"17":{"start":{"line":89,"column":0},"end":{"line":91,"column":2}},"18":{"start":{"line":93,"column":0},"end":{"line":102,"column":2}}},"fnMap":{"0":{"name":"(anonymous_0)","decl":{"start":{"line":11,"column":20},"end":{"line":11,"column":21}},"loc":{"start":{"line":11,"column":64},"end":{"line":28,"column":1}},"line":11},"1":{"name":"(anonymous_1)","decl":{"start":{"line":17,"column":17},"end":{"line":17,"column":18}},"loc":{"start":{"line":17,"column":23},"end":{"line":17,"column":40}},"line":17},"2":{"name":"(anonymous_2)","decl":{"start":{"line":30,"column":23},"end":{"line":30,"column":24}},"loc":{"start":{"line":30,"column":67},"end":{"line":57,"column":1}},"line":30},"3":{"name":"(anonymous_3)","decl":{"start":{"line":37,"column":19},"end":{"line":37,"column":20}},"loc":{"start":{"line":37,"column":25},"end":{"line":37,"column":42}},"line":37},"4":{"name":"(anonymous_4)","decl":{"start":{"line":59,"column":27},"end":{"line":59,"column":28}},"loc":{"start":{"line":59,"column":58},"end":{"line":73,"column":1}},"line":59},"5":{"name":"(anonymous_5)","decl":{"start":{"line":74,"column":19},"end":{"line":74,"column":20}},"loc":{"start":{"line":74,"column":54},"end":{"line":87,"column":1}},"line":74}},"branchMap":{"0":{"loc":{"start":{"line":22,"column":23},"end":{"line":22,"column":85}},"type":"cond-expr","locations":[{"start":{"line":22,"column":36},"end":{"line":22,"column":63}},{"start":{"line":22,"column":66},"end":{"line":22,"column":85}}],"line":22},"1":{"loc":{"start":{"line":40,"column":25},"end":{"line":40,"column":87}},"type":"cond-expr","locations":[{"start":{"line":40,"column":38},"end":{"line":40,"column":64}},{"start":{"line":40,"column":67},"end":{"line":40,"column":87}}],"line":40},"2":{"loc":{"start":{"line":45,"column":38},"end":{"line":45,"column":69}},"type":"cond-expr","locations":[{"start":{"line":45,"column":56},"end":{"line":45,"column":61}},{"start":{"line":45,"column":64},"end":{"line":45,"column":69}}],"line":45},"3":{"loc":{"start":{"line":49,"column":7},"end":{"line":53,"column":14}},"type":"binary-expr","locations":[{"start":{"line":49,"column":7},"end":{"line":49,"column":17}},{"start":{"line":50,"column":8},"end":{"line":53,"column":14}}],"line":49},"4":{"loc":{"start":{"line":63,"column":7},"end":{"line":69,"column":15}},"type":"binary-expr","locations":[{"start":{"line":63,"column":7},"end":{"line":63,"column":17}},{"start":{"line":64,"column":8},"end":{"line":69,"column":15}}],"line":63},"5":{"loc":{"start":{"line":68,"column":11},"end":{"line":68,"column":71}},"type":"cond-expr","locations":[{"start":{"line":68,"column":36},"end":{"line":68,"column":59}},{"start":{"line":68,"column":62},"end":{"line":68,"column":71}}],"line":68},"6":{"loc":{"start":{"line":77,"column":2},"end":{"line":77,"column":73}},"type":"if","locations":[{"start":{"line":77,"column":2},"end":{"line":77,"column":73}},{"start":{"line":77,"column":2},"end":{"line":77,"column":73}}],"line":77},"7":{"loc":{"start":{"line":79,"column":40},"end":{"line":79,"column":76}},"type":"cond-expr","locations":[{"start":{"line":79,"column":53},"end":{"line":79,"column":56}},{"start":{"line":79,"column":59},"end":{"line":79,"column":76}}],"line":79}},"s":{"0":4,"1":780,"2":780,"3":2,"4":4,"5":780,"6":780,"7":2,"8":4,"9":780,"10":780,"11":4,"12":784,"13":784,"14":784,"15":4,"16":780,"17":4,"18":4},"f":{"0":780,"1":2,"2":780,"3":2,"4":780,"5":784},"b":{"0":[10,770],"1":[10,770],"2":[475,305],"3":[780,10],"4":[780,10],"5":[5,5],"6":[4,780],"7":[10,770]},"_coverageSchema":"43e27e138ebf9cfc5966b082cf9a028302ed4184","hash":"27c6b007f08418d5ed0779d84b6aaf762f62f3a9"}
,"/home/jafet/projetos/sd-03-recipes-app-03/src/components/Recipes/RecipeList/RecipeList.js": {"path":"/home/jafet/projetos/sd-03-recipes-app-03/src/components/Recipes/RecipeList/RecipeList.js","statementMap":{"0":{"start":{"line":11,"column":20},"end":{"line":15,"column":2}},"1":{"start":{"line":11,"column":33},"end":{"line":15,"column":1}},"2":{"start":{"line":17,"column":33},"end":{"line":37,"column":1}},"3":{"start":{"line":18,"column":21},"end":{"line":18,"column":80}},"4":{"start":{"line":19,"column":24},"end":{"line":22,"column":3}},"5":{"start":{"line":20,"column":4},"end":{"line":20,"column":42}},"6":{"start":{"line":20,"column":27},"end":{"line":20,"column":42}},"7":{"start":{"line":21,"column":4},"end":{"line":21,"column":61}},"8":{"start":{"line":21,"column":38},"end":{"line":21,"column":59}},"9":{"start":{"line":23,"column":2},"end":{"line":36,"column":4}},"10":{"start":{"line":26,"column":8},"end":{"line":33,"column":17}},"11":{"start":{"line":29,"column":25},"end":{"line":29,"column":86}},"12":{"start":{"line":39,"column":19},"end":{"line":88,"column":1}},"13":{"start":{"line":40,"column":38},"end":{"line":40,"column":63}},"14":{"start":{"line":41,"column":38},"end":{"line":41,"column":53}},"15":{"start":{"line":42,"column":48},"end":{"line":42,"column":60}},"16":{"start":{"line":43,"column":2},"end":{"line":55,"column":9}},"17":{"start":{"line":44,"column":4},"end":{"line":46,"column":5}},"18":{"start":{"line":45,"column":6},"end":{"line":45,"column":26}},"19":{"start":{"line":47,"column":4},"end":{"line":50,"column":5}},"20":{"start":{"line":48,"column":6},"end":{"line":49,"column":80}},"21":{"start":{"line":49,"column":24},"end":{"line":49,"column":62}},"22":{"start":{"line":49,"column":74},"end":{"line":49,"column":78}},"23":{"start":{"line":51,"column":4},"end":{"line":54,"column":5}},"24":{"start":{"line":52,"column":6},"end":{"line":53,"column":79}},"25":{"start":{"line":53,"column":22},"end":{"line":53,"column":61}},"26":{"start":{"line":53,"column":73},"end":{"line":53,"column":77}},"27":{"start":{"line":56,"column":2},"end":{"line":58,"column":16}},"28":{"start":{"line":57,"column":4},"end":{"line":57,"column":32}},"29":{"start":{"line":60,"column":2},"end":{"line":87,"column":4}},"30":{"start":{"line":71,"column":10},"end":{"line":75,"column":12}},"31":{"start":{"line":78,"column":10},"end":{"line":83,"column":12}},"32":{"start":{"line":90,"column":0},"end":{"line":93,"column":2}}},"fnMap":{"0":{"name":"(anonymous_0)","decl":{"start":{"line":11,"column":20},"end":{"line":11,"column":21}},"loc":{"start":{"line":11,"column":33},"end":{"line":15,"column":1}},"line":11},"1":{"name":"(anonymous_1)","decl":{"start":{"line":17,"column":33},"end":{"line":17,"column":34}},"loc":{"start":{"line":17,"column":66},"end":{"line":37,"column":1}},"line":17},"2":{"name":"(anonymous_2)","decl":{"start":{"line":19,"column":24},"end":{"line":19,"column":25}},"loc":{"start":{"line":19,"column":35},"end":{"line":22,"column":3}},"line":19},"3":{"name":"(anonymous_3)","decl":{"start":{"line":21,"column":26},"end":{"line":21,"column":27}},"loc":{"start":{"line":21,"column":38},"end":{"line":21,"column":59}},"line":21},"4":{"name":"(anonymous_4)","decl":{"start":{"line":25,"column":22},"end":{"line":25,"column":23}},"loc":{"start":{"line":26,"column":8},"end":{"line":33,"column":17}},"line":26},"5":{"name":"(anonymous_5)","decl":{"start":{"line":29,"column":19},"end":{"line":29,"column":20}},"loc":{"start":{"line":29,"column":25},"end":{"line":29,"column":86}},"line":29},"6":{"name":"(anonymous_6)","decl":{"start":{"line":39,"column":19},"end":{"line":39,"column":20}},"loc":{"start":{"line":39,"column":42},"end":{"line":88,"column":1}},"line":39},"7":{"name":"(anonymous_7)","decl":{"start":{"line":43,"column":12},"end":{"line":43,"column":13}},"loc":{"start":{"line":43,"column":18},"end":{"line":55,"column":3}},"line":43},"8":{"name":"(anonymous_8)","decl":{"start":{"line":49,"column":14},"end":{"line":49,"column":15}},"loc":{"start":{"line":49,"column":24},"end":{"line":49,"column":62}},"line":49},"9":{"name":"(anonymous_9)","decl":{"start":{"line":49,"column":64},"end":{"line":49,"column":65}},"loc":{"start":{"line":49,"column":74},"end":{"line":49,"column":78}},"line":49},"10":{"name":"(anonymous_10)","decl":{"start":{"line":53,"column":12},"end":{"line":53,"column":13}},"loc":{"start":{"line":53,"column":22},"end":{"line":53,"column":61}},"line":53},"11":{"name":"(anonymous_11)","decl":{"start":{"line":53,"column":63},"end":{"line":53,"column":64}},"loc":{"start":{"line":53,"column":73},"end":{"line":53,"column":77}},"line":53},"12":{"name":"(anonymous_12)","decl":{"start":{"line":56,"column":12},"end":{"line":56,"column":13}},"loc":{"start":{"line":56,"column":18},"end":{"line":58,"column":3}},"line":56},"13":{"name":"(anonymous_13)","decl":{"start":{"line":70,"column":49},"end":{"line":70,"column":50}},"loc":{"start":{"line":71,"column":10},"end":{"line":75,"column":12}},"line":71},"14":{"name":"(anonymous_14)","decl":{"start":{"line":77,"column":43},"end":{"line":77,"column":44}},"loc":{"start":{"line":78,"column":10},"end":{"line":83,"column":12}},"line":78}},"branchMap":{"0":{"loc":{"start":{"line":20,"column":4},"end":{"line":20,"column":42}},"type":"if","locations":[{"start":{"line":20,"column":4},"end":{"line":20,"column":42}},{"start":{"line":20,"column":4},"end":{"line":20,"column":42}}],"line":20},"1":{"loc":{"start":{"line":44,"column":4},"end":{"line":46,"column":5}},"type":"if","locations":[{"start":{"line":44,"column":4},"end":{"line":46,"column":5}},{"start":{"line":44,"column":4},"end":{"line":46,"column":5}}],"line":44},"2":{"loc":{"start":{"line":47,"column":4},"end":{"line":50,"column":5}},"type":"if","locations":[{"start":{"line":47,"column":4},"end":{"line":50,"column":5}},{"start":{"line":47,"column":4},"end":{"line":50,"column":5}}],"line":47},"3":{"loc":{"start":{"line":51,"column":4},"end":{"line":54,"column":5}},"type":"if","locations":[{"start":{"line":51,"column":4},"end":{"line":54,"column":5}},{"start":{"line":51,"column":4},"end":{"line":54,"column":5}}],"line":51},"4":{"loc":{"start":{"line":62,"column":7},"end":{"line":66,"column":10}},"type":"binary-expr","locations":[{"start":{"line":62,"column":7},"end":{"line":62,"column":18}},{"start":{"line":63,"column":8},"end":{"line":66,"column":10}}],"line":62},"5":{"loc":{"start":{"line":68,"column":7},"end":{"line":68,"column":74}},"type":"binary-expr","locations":[{"start":{"line":68,"column":7},"end":{"line":68,"column":17}},{"start":{"line":68,"column":21},"end":{"line":68,"column":74}}],"line":68},"6":{"loc":{"start":{"line":70,"column":9},"end":{"line":76,"column":10}},"type":"binary-expr","locations":[{"start":{"line":70,"column":9},"end":{"line":70,"column":20}},{"start":{"line":70,"column":24},"end":{"line":76,"column":10}}],"line":70},"7":{"loc":{"start":{"line":77,"column":9},"end":{"line":84,"column":10}},"type":"binary-expr","locations":[{"start":{"line":77,"column":9},"end":{"line":77,"column":19}},{"start":{"line":77,"column":23},"end":{"line":84,"column":10}}],"line":77}},"s":{"0":4,"1":10,"2":4,"3":9,"4":9,"5":1,"6":0,"7":1,"8":2,"9":9,"10":27,"11":1,"12":4,"13":77,"14":77,"15":77,"16":77,"17":22,"18":3,"19":22,"20":12,"21":12,"22":0,"23":22,"24":7,"25":7,"26":0,"27":77,"28":29,"29":77,"30":770,"31":10,"32":4},"f":{"0":10,"1":9,"2":1,"3":2,"4":27,"5":1,"6":77,"7":22,"8":12,"9":0,"10":7,"11":0,"12":29,"13":770,"14":10},"b":{"0":[0,1],"1":[3,19],"2":[12,10],"3":[7,15],"4":[77,68],"5":[77,9],"6":[77,68],"7":[77,9]},"_coverageSchema":"43e27e138ebf9cfc5966b082cf9a028302ed4184","hash":"7e54e7069f25eebdfdd5bf668037cf340beeadf7"}
,"/home/jafet/projetos/sd-03-recipes-app-03/src/components/Share/ShareButton.js": {"path":"/home/jafet/projetos/sd-03-recipes-app-03/src/components/Share/ShareButton.js","statementMap":{"0":{"start":{"line":7,"column":20},"end":{"line":23,"column":1}},"1":{"start":{"line":8,"column":30},"end":{"line":8,"column":45}},"2":{"start":{"line":9,"column":28},"end":{"line":13,"column":3}},"3":{"start":{"line":10,"column":4},"end":{"line":10,"column":70}},"4":{"start":{"line":12,"column":4},"end":{"line":12,"column":20}},"5":{"start":{"line":14,"column":2},"end":{"line":22,"column":4}},"6":{"start":{"line":15,"column":78},"end":{"line":15,"column":97}},"7":{"start":{"line":25,"column":0},"end":{"line":27,"column":2}},"8":{"start":{"line":29,"column":0},"end":{"line":32,"column":2}}},"fnMap":{"0":{"name":"(anonymous_0)","decl":{"start":{"line":7,"column":20},"end":{"line":7,"column":21}},"loc":{"start":{"line":7,"column":41},"end":{"line":23,"column":1}},"line":7},"1":{"name":"(anonymous_1)","decl":{"start":{"line":9,"column":28},"end":{"line":9,"column":29}},"loc":{"start":{"line":9,"column":34},"end":{"line":13,"column":3}},"line":9},"2":{"name":"(anonymous_2)","decl":{"start":{"line":15,"column":72},"end":{"line":15,"column":73}},"loc":{"start":{"line":15,"column":78},"end":{"line":15,"column":97}},"line":15}},"branchMap":{"0":{"loc":{"start":{"line":17,"column":21},"end":{"line":17,"column":96}},"type":"cond-expr","locations":[{"start":{"line":17,"column":51},"end":{"line":17,"column":82}},{"start":{"line":17,"column":85},"end":{"line":17,"column":96}}],"line":17},"1":{"loc":{"start":{"line":20,"column":7},"end":{"line":20,"column":67}},"type":"binary-expr","locations":[{"start":{"line":20,"column":7},"end":{"line":20,"column":13}},{"start":{"line":20,"column":17},"end":{"line":20,"column":67}}],"line":20}},"s":{"0":7,"1":75,"2":75,"3":0,"4":0,"5":75,"6":0,"7":7,"8":7},"f":{"0":75,"1":0,"2":0},"b":{"0":[13,62],"1":[75,0]},"_coverageSchema":"43e27e138ebf9cfc5966b082cf9a028302ed4184","hash":"ea3af23d61232e7b4af8c874feccfb57cf1ddb0e"}
,"/home/jafet/projetos/sd-03-recipes-app-03/src/pages/DetailsPage/RecipeButtonControl.js": {"path":"/home/jafet/projetos/sd-03-recipes-app-03/src/pages/DetailsPage/RecipeButtonControl.js","statementMap":{"0":{"start":{"line":6,"column":28},"end":{"line":38,"column":1}},"1":{"start":{"line":7,"column":25},"end":{"line":7,"column":60}},"2":{"start":{"line":8,"column":36},"end":{"line":8,"column":46}},"3":{"start":{"line":10,"column":2},"end":{"line":13,"column":88}},"4":{"start":{"line":12,"column":69},"end":{"line":12,"column":85}},"5":{"start":{"line":13,"column":4},"end":{"line":13,"column":88}},"6":{"start":{"line":14,"column":2},"end":{"line":28,"column":3}},"7":{"start":{"line":19,"column":4},"end":{"line":27,"column":6}},"8":{"start":{"line":29,"column":2},"end":{"line":37,"column":4}}},"fnMap":{"0":{"name":"(anonymous_0)","decl":{"start":{"line":6,"column":28},"end":{"line":6,"column":29}},"loc":{"start":{"line":6,"column":34},"end":{"line":38,"column":1}},"line":6},"1":{"name":"(anonymous_1)","decl":{"start":{"line":12,"column":57},"end":{"line":12,"column":58}},"loc":{"start":{"line":12,"column":69},"end":{"line":12,"column":85}},"line":12}},"branchMap":{"0":{"loc":{"start":{"line":10,"column":2},"end":{"line":13,"column":88}},"type":"if","locations":[{"start":{"line":10,"column":2},"end":{"line":13,"column":88}},{"start":{"line":10,"column":2},"end":{"line":13,"column":88}}],"line":10},"1":{"loc":{"start":{"line":11,"column":4},"end":{"line":12,"column":86}},"type":"binary-expr","locations":[{"start":{"line":11,"column":4},"end":{"line":11,"column":51}},{"start":{"line":12,"column":4},"end":{"line":12,"column":86}}],"line":11},"2":{"loc":{"start":{"line":14,"column":2},"end":{"line":28,"column":3}},"type":"if","locations":[{"start":{"line":14,"column":2},"end":{"line":28,"column":3}},{"start":{"line":14,"column":2},"end":{"line":28,"column":3}}],"line":14},"3":{"loc":{"start":{"line":15,"column":4},"end":{"line":17,"column":74}},"type":"binary-expr","locations":[{"start":{"line":15,"column":4},"end":{"line":15,"column":15}},{"start":{"line":16,"column":4},"end":{"line":16,"column":57}},{"start":{"line":17,"column":4},"end":{"line":17,"column":74}}],"line":15}},"s":{"0":2,"1":39,"2":39,"3":39,"4":3,"5":2,"6":37,"7":2,"8":35},"f":{"0":39,"1":3},"b":{"0":[2,37],"1":[39,3],"2":[2,35],"3":[37,24,2]},"_coverageSchema":"43e27e138ebf9cfc5966b082cf9a028302ed4184","hash":"c5ea0a71498efb41498838a229f1740841971a50"}
,"/home/jafet/projetos/sd-03-recipes-app-03/src/pages/DetailsPage/DetailsRecipePage/DetailsRecipeContent.js": {"path":"/home/jafet/projetos/sd-03-recipes-app-03/src/pages/DetailsPage/DetailsRecipePage/DetailsRecipeContent.js","statementMap":{"0":{"start":{"line":9,"column":29},"end":{"line":55,"column":1}},"1":{"start":{"line":10,"column":42},"end":{"line":10,"column":54}},"2":{"start":{"line":11,"column":36},"end":{"line":11,"column":51}},"3":{"start":{"line":13,"column":60},"end":{"line":13,"column":95}},"4":{"start":{"line":15,"column":17},"end":{"line":15,"column":28}},"5":{"start":{"line":16,"column":23},"end":{"line":16,"column":36}},"6":{"start":{"line":19,"column":32},"end":{"line":23,"column":3}},"7":{"start":{"line":20,"column":4},"end":{"line":20,"column":81}},"8":{"start":{"line":20,"column":40},"end":{"line":20,"column":81}},"9":{"start":{"line":21,"column":4},"end":{"line":21,"column":32}},"10":{"start":{"line":22,"column":4},"end":{"line":22,"column":31}},"11":{"start":{"line":25,"column":33},"end":{"line":29,"column":3}},"12":{"start":{"line":26,"column":4},"end":{"line":26,"column":82}},"13":{"start":{"line":26,"column":40},"end":{"line":26,"column":82}},"14":{"start":{"line":27,"column":4},"end":{"line":27,"column":33}},"15":{"start":{"line":28,"column":4},"end":{"line":28,"column":31}},"16":{"start":{"line":31,"column":28},"end":{"line":34,"column":3}},"17":{"start":{"line":32,"column":4},"end":{"line":32,"column":29}},"18":{"start":{"line":33,"column":4},"end":{"line":33,"column":24}},"19":{"start":{"line":36,"column":2},"end":{"line":52,"column":17}},"20":{"start":{"line":37,"column":31},"end":{"line":43,"column":5}},"21":{"start":{"line":38,"column":6},"end":{"line":38,"column":25}},"22":{"start":{"line":39,"column":6},"end":{"line":41,"column":7}},"23":{"start":{"line":40,"column":8},"end":{"line":40,"column":81}},"24":{"start":{"line":42,"column":6},"end":{"line":42,"column":80}},"25":{"start":{"line":45,"column":4},"end":{"line":51,"column":5}},"26":{"start":{"line":46,"column":6},"end":{"line":46,"column":44}},"27":{"start":{"line":47,"column":6},"end":{"line":47,"column":38}},"28":{"start":{"line":49,"column":6},"end":{"line":49,"column":45}},"29":{"start":{"line":50,"column":6},"end":{"line":50,"column":37}},"30":{"start":{"line":54,"column":2},"end":{"line":54,"column":87}}},"fnMap":{"0":{"name":"(anonymous_0)","decl":{"start":{"line":9,"column":29},"end":{"line":9,"column":30}},"loc":{"start":{"line":9,"column":35},"end":{"line":55,"column":1}},"line":9},"1":{"name":"(anonymous_1)","decl":{"start":{"line":19,"column":32},"end":{"line":19,"column":33}},"loc":{"start":{"line":19,"column":47},"end":{"line":23,"column":3}},"line":19},"2":{"name":"(anonymous_2)","decl":{"start":{"line":25,"column":33},"end":{"line":25,"column":34}},"loc":{"start":{"line":25,"column":49},"end":{"line":29,"column":3}},"line":25},"3":{"name":"(anonymous_3)","decl":{"start":{"line":31,"column":28},"end":{"line":31,"column":29}},"loc":{"start":{"line":31,"column":45},"end":{"line":34,"column":3}},"line":31},"4":{"name":"(anonymous_4)","decl":{"start":{"line":36,"column":12},"end":{"line":36,"column":13}},"loc":{"start":{"line":36,"column":18},"end":{"line":52,"column":3}},"line":36},"5":{"name":"(anonymous_5)","decl":{"start":{"line":37,"column":31},"end":{"line":37,"column":32}},"loc":{"start":{"line":37,"column":60},"end":{"line":43,"column":5}},"line":37}},"branchMap":{"0":{"loc":{"start":{"line":20,"column":4},"end":{"line":20,"column":81}},"type":"if","locations":[{"start":{"line":20,"column":4},"end":{"line":20,"column":81}},{"start":{"line":20,"column":4},"end":{"line":20,"column":81}}],"line":20},"1":{"loc":{"start":{"line":26,"column":4},"end":{"line":26,"column":82}},"type":"if","locations":[{"start":{"line":26,"column":4},"end":{"line":26,"column":82}},{"start":{"line":26,"column":4},"end":{"line":26,"column":82}}],"line":26},"2":{"loc":{"start":{"line":37,"column":42},"end":{"line":37,"column":55}},"type":"default-arg","locations":[{"start":{"line":37,"column":53},"end":{"line":37,"column":55}}],"line":37},"3":{"loc":{"start":{"line":39,"column":6},"end":{"line":41,"column":7}},"type":"if","locations":[{"start":{"line":39,"column":6},"end":{"line":41,"column":7}},{"start":{"line":39,"column":6},"end":{"line":41,"column":7}}],"line":39},"4":{"loc":{"start":{"line":39,"column":10},"end":{"line":39,"column":63}},"type":"binary-expr","locations":[{"start":{"line":39,"column":10},"end":{"line":39,"column":36}},{"start":{"line":39,"column":40},"end":{"line":39,"column":63}}],"line":39},"5":{"loc":{"start":{"line":45,"column":4},"end":{"line":51,"column":5}},"type":"if","locations":[{"start":{"line":45,"column":4},"end":{"line":51,"column":5}},{"start":{"line":45,"column":4},"end":{"line":51,"column":5}}],"line":45}},"s":{"0":2,"1":65,"2":65,"3":65,"4":65,"5":65,"6":65,"7":13,"8":1,"9":12,"10":12,"11":65,"12":13,"13":12,"14":1,"15":1,"16":65,"17":0,"18":0,"19":65,"20":13,"21":26,"22":26,"23":13,"24":13,"25":13,"26":12,"27":12,"28":1,"29":1,"30":65},"f":{"0":65,"1":13,"2":13,"3":0,"4":13,"5":26},"b":{"0":[1,12],"1":[12,1],"2":[13],"3":[13,13],"4":[26,14],"5":[12,1]},"_coverageSchema":"43e27e138ebf9cfc5966b082cf9a028302ed4184","hash":"d50dcc4083668f786e223366b3cb261b55489533"}
,"/home/jafet/projetos/sd-03-recipes-app-03/src/pages/DetailsPage/DetailsRecipePage/DetailsRecipesPage.js": {"path":"/home/jafet/projetos/sd-03-recipes-app-03/src/pages/DetailsPage/DetailsRecipePage/DetailsRecipesPage.js","statementMap":{"0":{"start":{"line":6,"column":27},"end":{"line":11,"column":1}},"1":{"start":{"line":7,"column":24},"end":{"line":7,"column":43}},"2":{"start":{"line":9,"column":2},"end":{"line":9,"column":36}},"3":{"start":{"line":9,"column":17},"end":{"line":9,"column":36}},"4":{"start":{"line":10,"column":2},"end":{"line":10,"column":40}},"5":{"start":{"line":15,"column":0},"end":{"line":17,"column":2}}},"fnMap":{"0":{"name":"(anonymous_0)","decl":{"start":{"line":6,"column":27},"end":{"line":6,"column":28}},"loc":{"start":{"line":6,"column":38},"end":{"line":11,"column":1}},"line":6}},"branchMap":{"0":{"loc":{"start":{"line":9,"column":2},"end":{"line":9,"column":36}},"type":"if","locations":[{"start":{"line":9,"column":2},"end":{"line":9,"column":36}},{"start":{"line":9,"column":2},"end":{"line":9,"column":36}}],"line":9}},"s":{"0":2,"1":65,"2":65,"3":26,"4":39,"5":2},"f":{"0":65},"b":{"0":[26,39]},"_coverageSchema":"43e27e138ebf9cfc5966b082cf9a028302ed4184","hash":"063de390a250ac8c263dd59ebd45ebbca6d6ac6c"}
,"/home/jafet/projetos/sd-03-recipes-app-03/src/pages/DetailsPage/DetailsRecipePage/Ingredients.js": {"path":"/home/jafet/projetos/sd-03-recipes-app-03/src/pages/DetailsPage/DetailsRecipePage/Ingredients.js","statementMap":{"0":{"start":{"line":4,"column":20},"end":{"line":22,"column":1}},"1":{"start":{"line":5,"column":25},"end":{"line":5,"column":60}},"2":{"start":{"line":6,"column":31},"end":{"line":6,"column":41}},"3":{"start":{"line":8,"column":2},"end":{"line":21,"column":4}},"4":{"start":{"line":13,"column":11},"end":{"line":18,"column":15}}},"fnMap":{"0":{"name":"(anonymous_0)","decl":{"start":{"line":4,"column":20},"end":{"line":4,"column":21}},"loc":{"start":{"line":4,"column":26},"end":{"line":22,"column":1}},"line":4},"1":{"name":"(anonymous_1)","decl":{"start":{"line":12,"column":25},"end":{"line":12,"column":26}},"loc":{"start":{"line":13,"column":11},"end":{"line":18,"column":15}},"line":13}},"branchMap":{"0":{"loc":{"start":{"line":6,"column":10},"end":{"line":6,"column":26}},"type":"default-arg","locations":[{"start":{"line":6,"column":24},"end":{"line":6,"column":26}}],"line":6}},"s":{"0":2,"1":39,"2":39,"3":39,"4":318},"f":{"0":39,"1":318},"b":{"0":[13]},"_coverageSchema":"43e27e138ebf9cfc5966b082cf9a028302ed4184","hash":"0056f781676ea30bd5e914c78b5226760a16b42d"}
,"/home/jafet/projetos/sd-03-recipes-app-03/src/pages/DetailsPage/DetailsRecipePage/RecipeComponent.js": {"path":"/home/jafet/projetos/sd-03-recipes-app-03/src/pages/DetailsPage/DetailsRecipePage/RecipeComponent.js","statementMap":{"0":{"start":{"line":10,"column":24},"end":{"line":38,"column":1}},"1":{"start":{"line":11,"column":25},"end":{"line":11,"column":60}},"2":{"start":{"line":12,"column":27},"end":{"line":12,"column":37}},"3":{"start":{"line":14,"column":2},"end":{"line":37,"column":4}}},"fnMap":{"0":{"name":"(anonymous_0)","decl":{"start":{"line":10,"column":24},"end":{"line":10,"column":25}},"loc":{"start":{"line":10,"column":30},"end":{"line":38,"column":1}},"line":10}},"branchMap":{"0":{"loc":{"start":{"line":23,"column":9},"end":{"line":31,"column":14}},"type":"cond-expr","locations":[{"start":{"line":24,"column":10},"end":{"line":29,"column":16}},{"start":{"line":31,"column":10},"end":{"line":31,"column":14}}],"line":23}},"s":{"0":2,"1":39,"2":39,"3":39},"f":{"0":39},"b":{"0":[24,15]},"_coverageSchema":"43e27e138ebf9cfc5966b082cf9a028302ed4184","hash":"5a33cf9551a42e9f2c59c718d73de898f10b4eaa"}
,"/home/jafet/projetos/sd-03-recipes-app-03/src/pages/DetailsPage/DetailsRecipePage/RecommendedCard.js": {"path":"/home/jafet/projetos/sd-03-recipes-app-03/src/pages/DetailsPage/DetailsRecipePage/RecommendedCard.js","statementMap":{"0":{"start":{"line":8,"column":24},"end":{"line":38,"column":1}},"1":{"start":{"line":9,"column":49},"end":{"line":9,"column":66}},"2":{"start":{"line":10,"column":20},"end":{"line":10,"column":25}},"3":{"start":{"line":11,"column":23},"end":{"line":11,"column":36}},"4":{"start":{"line":13,"column":24},"end":{"line":16,"column":3}},"5":{"start":{"line":14,"column":4},"end":{"line":14,"column":56}},"6":{"start":{"line":14,"column":39},"end":{"line":14,"column":56}},"7":{"start":{"line":15,"column":4},"end":{"line":15,"column":21}},"8":{"start":{"line":18,"column":2},"end":{"line":37,"column":4}},"9":{"start":{"line":42,"column":0},"end":{"line":45,"column":2}},"10":{"start":{"line":47,"column":0},"end":{"line":49,"column":2}}},"fnMap":{"0":{"name":"(anonymous_0)","decl":{"start":{"line":8,"column":24},"end":{"line":8,"column":25}},"loc":{"start":{"line":8,"column":35},"end":{"line":38,"column":1}},"line":8},"1":{"name":"(anonymous_1)","decl":{"start":{"line":13,"column":24},"end":{"line":13,"column":25}},"loc":{"start":{"line":13,"column":30},"end":{"line":16,"column":3}},"line":13}},"branchMap":{"0":{"loc":{"start":{"line":14,"column":4},"end":{"line":14,"column":56}},"type":"if","locations":[{"start":{"line":14,"column":4},"end":{"line":14,"column":56}},{"start":{"line":14,"column":4},"end":{"line":14,"column":56}}],"line":14},"1":{"loc":{"start":{"line":25,"column":19},"end":{"line":25,"column":40}},"type":"binary-expr","locations":[{"start":{"line":25,"column":19},"end":{"line":25,"column":28}},{"start":{"line":25,"column":32},"end":{"line":25,"column":40}}],"line":25},"2":{"loc":{"start":{"line":28,"column":13},"end":{"line":32,"column":13}},"type":"cond-expr","locations":[{"start":{"line":29,"column":14},"end":{"line":29,"column":73}},{"start":{"line":31,"column":14},"end":{"line":31,"column":73}}],"line":28}},"s":{"0":2,"1":78,"2":78,"3":78,"4":78,"5":78,"6":6,"7":72,"8":78,"9":2,"10":2},"f":{"0":78,"1":78},"b":{"0":[6,72],"1":[78,6],"2":[6,72]},"_coverageSchema":"43e27e138ebf9cfc5966b082cf9a028302ed4184","hash":"ec7848a57ddef077704bcd18cebbe5f8d1545022"}
,"/home/jafet/projetos/sd-03-recipes-app-03/src/pages/DetailsPage/DetailsRecipePage/RecommendedContainerComponent.js": {"path":"/home/jafet/projetos/sd-03-recipes-app-03/src/pages/DetailsPage/DetailsRecipePage/RecommendedContainerComponent.js","statementMap":{"0":{"start":{"line":6,"column":38},"end":{"line":23,"column":1}},"1":{"start":{"line":7,"column":34},"end":{"line":7,"column":69}},"2":{"start":{"line":9,"column":2},"end":{"line":22,"column":4}},"3":{"start":{"line":14,"column":10},"end":{"line":18,"column":12}}},"fnMap":{"0":{"name":"(anonymous_0)","decl":{"start":{"line":6,"column":38},"end":{"line":6,"column":39}},"loc":{"start":{"line":6,"column":44},"end":{"line":23,"column":1}},"line":6},"1":{"name":"(anonymous_1)","decl":{"start":{"line":13,"column":33},"end":{"line":13,"column":34}},"loc":{"start":{"line":14,"column":10},"end":{"line":18,"column":12}},"line":14}},"branchMap":{},"s":{"0":2,"1":39,"2":39,"3":78},"f":{"0":39,"1":78},"b":{},"_coverageSchema":"43e27e138ebf9cfc5966b082cf9a028302ed4184","hash":"30c74af0cded88ca88e26348ed12d0a562cd77f8"}
,"/home/jafet/projetos/sd-03-recipes-app-03/src/pages/DoneRecipes/DoneRecipesList.js": {"path":"/home/jafet/projetos/sd-03-recipes-app-03/src/pages/DoneRecipes/DoneRecipesList.js","statementMap":{"0":{"start":{"line":11,"column":20},"end":{"line":15,"column":2}},"1":{"start":{"line":11,"column":33},"end":{"line":15,"column":1}},"2":{"start":{"line":17,"column":25},"end":{"line":37,"column":1}},"3":{"start":{"line":18,"column":21},"end":{"line":18,"column":80}},"4":{"start":{"line":19,"column":24},"end":{"line":22,"column":3}},"5":{"start":{"line":20,"column":4},"end":{"line":20,"column":42}},"6":{"start":{"line":20,"column":27},"end":{"line":20,"column":42}},"7":{"start":{"line":21,"column":4},"end":{"line":21,"column":67}},"8":{"start":{"line":21,"column":38},"end":{"line":21,"column":65}},"9":{"start":{"line":23,"column":2},"end":{"line":36,"column":4}},"10":{"start":{"line":26,"column":8},"end":{"line":33,"column":17}},"11":{"start":{"line":29,"column":25},"end":{"line":29,"column":86}},"12":{"start":{"line":39,"column":23},"end":{"line":87,"column":1}},"13":{"start":{"line":40,"column":23},"end":{"line":40,"column":48}},"14":{"start":{"line":41,"column":40},"end":{"line":41,"column":55}},"15":{"start":{"line":42,"column":48},"end":{"line":42,"column":60}},"16":{"start":{"line":43,"column":2},"end":{"line":55,"column":9}},"17":{"start":{"line":44,"column":4},"end":{"line":46,"column":5}},"18":{"start":{"line":45,"column":6},"end":{"line":45,"column":27}},"19":{"start":{"line":56,"column":2},"end":{"line":58,"column":16}},"20":{"start":{"line":57,"column":4},"end":{"line":57,"column":32}},"21":{"start":{"line":59,"column":2},"end":{"line":86,"column":4}},"22":{"start":{"line":70,"column":10},"end":{"line":74,"column":12}},"23":{"start":{"line":77,"column":10},"end":{"line":82,"column":12}},"24":{"start":{"line":89,"column":0},"end":{"line":92,"column":2}}},"fnMap":{"0":{"name":"(anonymous_0)","decl":{"start":{"line":11,"column":20},"end":{"line":11,"column":21}},"loc":{"start":{"line":11,"column":33},"end":{"line":15,"column":1}},"line":11},"1":{"name":"(anonymous_1)","decl":{"start":{"line":17,"column":25},"end":{"line":17,"column":26}},"loc":{"start":{"line":17,"column":58},"end":{"line":37,"column":1}},"line":17},"2":{"name":"(anonymous_2)","decl":{"start":{"line":19,"column":24},"end":{"line":19,"column":25}},"loc":{"start":{"line":19,"column":35},"end":{"line":22,"column":3}},"line":19},"3":{"name":"(anonymous_3)","decl":{"start":{"line":21,"column":26},"end":{"line":21,"column":27}},"loc":{"start":{"line":21,"column":38},"end":{"line":21,"column":65}},"line":21},"4":{"name":"(anonymous_4)","decl":{"start":{"line":25,"column":22},"end":{"line":25,"column":23}},"loc":{"start":{"line":26,"column":8},"end":{"line":33,"column":17}},"line":26},"5":{"name":"(anonymous_5)","decl":{"start":{"line":29,"column":19},"end":{"line":29,"column":20}},"loc":{"start":{"line":29,"column":25},"end":{"line":29,"column":86}},"line":29},"6":{"name":"(anonymous_6)","decl":{"start":{"line":39,"column":23},"end":{"line":39,"column":24}},"loc":{"start":{"line":39,"column":46},"end":{"line":87,"column":1}},"line":39},"7":{"name":"(anonymous_7)","decl":{"start":{"line":43,"column":12},"end":{"line":43,"column":13}},"loc":{"start":{"line":43,"column":18},"end":{"line":55,"column":3}},"line":43},"8":{"name":"(anonymous_8)","decl":{"start":{"line":56,"column":12},"end":{"line":56,"column":13}},"loc":{"start":{"line":56,"column":18},"end":{"line":58,"column":3}},"line":56},"9":{"name":"(anonymous_9)","decl":{"start":{"line":69,"column":50},"end":{"line":69,"column":51}},"loc":{"start":{"line":70,"column":10},"end":{"line":74,"column":12}},"line":70},"10":{"name":"(anonymous_10)","decl":{"start":{"line":76,"column":44},"end":{"line":76,"column":45}},"loc":{"start":{"line":77,"column":10},"end":{"line":82,"column":12}},"line":77}},"branchMap":{"0":{"loc":{"start":{"line":20,"column":4},"end":{"line":20,"column":42}},"type":"if","locations":[{"start":{"line":20,"column":4},"end":{"line":20,"column":42}},{"start":{"line":20,"column":4},"end":{"line":20,"column":42}}],"line":20},"1":{"loc":{"start":{"line":44,"column":4},"end":{"line":46,"column":5}},"type":"if","locations":[{"start":{"line":44,"column":4},"end":{"line":46,"column":5}},{"start":{"line":44,"column":4},"end":{"line":46,"column":5}}],"line":44},"2":{"loc":{"start":{"line":61,"column":7},"end":{"line":65,"column":10}},"type":"binary-expr","locations":[{"start":{"line":61,"column":7},"end":{"line":61,"column":19}},{"start":{"line":62,"column":8},"end":{"line":65,"column":10}}],"line":61},"3":{"loc":{"start":{"line":67,"column":7},"end":{"line":67,"column":67}},"type":"binary-expr","locations":[{"start":{"line":67,"column":7},"end":{"line":67,"column":18}},{"start":{"line":67,"column":22},"end":{"line":67,"column":67}}],"line":67},"4":{"loc":{"start":{"line":69,"column":9},"end":{"line":75,"column":10}},"type":"binary-expr","locations":[{"start":{"line":69,"column":9},"end":{"line":69,"column":21}},{"start":{"line":69,"column":25},"end":{"line":75,"column":10}}],"line":69},"5":{"loc":{"start":{"line":76,"column":9},"end":{"line":83,"column":10}},"type":"binary-expr","locations":[{"start":{"line":76,"column":9},"end":{"line":76,"column":20}},{"start":{"line":76,"column":24},"end":{"line":83,"column":10}}],"line":76}},"s":{"0":2,"1":2,"2":2,"3":2,"4":2,"5":1,"6":0,"7":1,"8":1,"9":2,"10":6,"11":1,"12":2,"13":3,"14":3,"15":3,"16":3,"17":1,"18":1,"19":3,"20":1,"21":3,"22":1,"23":2,"24":2},"f":{"0":2,"1":2,"2":1,"3":1,"4":6,"5":1,"6":3,"7":1,"8":1,"9":1,"10":2},"b":{"0":[0,1],"1":[1,0],"2":[3,1],"3":[3,2],"4":[3,1],"5":[3,2]},"_coverageSchema":"43e27e138ebf9cfc5966b082cf9a028302ed4184","hash":"3ee02c5719b2d32a50c7fc3247584b878396e54f"}
,"/home/jafet/projetos/sd-03-recipes-app-03/src/pages/DrinkMainPage/Drinks.js": {"path":"/home/jafet/projetos/sd-03-recipes-app-03/src/pages/DrinkMainPage/Drinks.js","statementMap":{"0":{"start":{"line":9,"column":15},"end":{"line":36,"column":1}},"1":{"start":{"line":10,"column":19},"end":{"line":10,"column":47}},"2":{"start":{"line":11,"column":37},"end":{"line":11,"column":60}},"3":{"start":{"line":12,"column":38},"end":{"line":12,"column":61}},"4":{"start":{"line":14,"column":2},"end":{"line":16,"column":9}},"5":{"start":{"line":15,"column":4},"end":{"line":15,"column":18}},"6":{"start":{"line":18,"column":2},"end":{"line":18,"column":50}},"7":{"start":{"line":18,"column":31},"end":{"line":18,"column":50}},"8":{"start":{"line":20,"column":2},"end":{"line":28,"column":3}},"9":{"start":{"line":21,"column":4},"end":{"line":27,"column":6}},"10":{"start":{"line":29,"column":2},"end":{"line":35,"column":4}}},"fnMap":{"0":{"name":"(anonymous_0)","decl":{"start":{"line":9,"column":15},"end":{"line":9,"column":16}},"loc":{"start":{"line":9,"column":21},"end":{"line":36,"column":1}},"line":9},"1":{"name":"(anonymous_1)","decl":{"start":{"line":14,"column":12},"end":{"line":14,"column":13}},"loc":{"start":{"line":14,"column":18},"end":{"line":16,"column":3}},"line":14}},"branchMap":{"0":{"loc":{"start":{"line":11,"column":10},"end":{"line":11,"column":32}},"type":"default-arg","locations":[{"start":{"line":11,"column":30},"end":{"line":11,"column":32}}],"line":11},"1":{"loc":{"start":{"line":18,"column":2},"end":{"line":18,"column":50}},"type":"if","locations":[{"start":{"line":18,"column":2},"end":{"line":18,"column":50}},{"start":{"line":18,"column":2},"end":{"line":18,"column":50}}],"line":18},"2":{"loc":{"start":{"line":20,"column":2},"end":{"line":28,"column":3}},"type":"if","locations":[{"start":{"line":20,"column":2},"end":{"line":28,"column":3}},{"start":{"line":20,"column":2},"end":{"line":28,"column":3}}],"line":20},"3":{"loc":{"start":{"line":24,"column":29},"end":{"line":24,"column":60}},"type":"cond-expr","locations":[{"start":{"line":24,"column":43},"end":{"line":24,"column":47}},{"start":{"line":24,"column":50},"end":{"line":24,"column":60}}],"line":24},"4":{"loc":{"start":{"line":32,"column":27},"end":{"line":32,"column":72}},"type":"cond-expr","locations":[{"start":{"line":32,"column":41},"end":{"line":32,"column":45}},{"start":{"line":32,"column":48},"end":{"line":32,"column":72}}],"line":32}},"s":{"0":2,"1":24,"2":24,"3":24,"4":24,"5":7,"6":24,"7":7,"8":17,"9":17,"10":0},"f":{"0":24,"1":7},"b":{"0":[0],"1":[7,17],"2":[17,0],"3":[0,17],"4":[0,0]},"_coverageSchema":"43e27e138ebf9cfc5966b082cf9a028302ed4184","hash":"f084d2f3a3f80b426033950e4167dc91d1fbbed2"}
,"/home/jafet/projetos/sd-03-recipes-app-03/src/pages/ExplorerPages/Explorer.js": {"path":"/home/jafet/projetos/sd-03-recipes-app-03/src/pages/ExplorerPages/Explorer.js","statementMap":{"0":{"start":{"line":8,"column":2},"end":{"line":33,"column":4}}},"fnMap":{"0":{"name":"Explorar","decl":{"start":{"line":7,"column":9},"end":{"line":7,"column":17}},"loc":{"start":{"line":7,"column":20},"end":{"line":34,"column":1}},"line":7}},"branchMap":{},"s":{"0":2},"f":{"0":2},"b":{},"_coverageSchema":"43e27e138ebf9cfc5966b082cf9a028302ed4184","hash":"d49e071226da05beb9d9ff2f7594d9209dc46ef0"}
,"/home/jafet/projetos/sd-03-recipes-app-03/src/pages/ExplorerPages/ExplorerByIngredients.js": {"path":"/home/jafet/projetos/sd-03-recipes-app-03/src/pages/ExplorerPages/ExplorerByIngredients.js","statementMap":{"0":{"start":{"line":13,"column":25},"end":{"line":27,"column":1}},"1":{"start":{"line":14,"column":2},"end":{"line":26,"column":3}},"2":{"start":{"line":15,"column":22},"end":{"line":15,"column":50}},"3":{"start":{"line":16,"column":4},"end":{"line":16,"column":36}},"4":{"start":{"line":17,"column":4},"end":{"line":17,"column":63}},"5":{"start":{"line":18,"column":21},"end":{"line":18,"column":31}},"6":{"start":{"line":19,"column":4},"end":{"line":19,"column":26}},"7":{"start":{"line":20,"column":9},"end":{"line":26,"column":3}},"8":{"start":{"line":21,"column":23},"end":{"line":21,"column":57}},"9":{"start":{"line":22,"column":4},"end":{"line":22,"column":38}},"10":{"start":{"line":23,"column":4},"end":{"line":23,"column":67}},"11":{"start":{"line":24,"column":21},"end":{"line":24,"column":31}},"12":{"start":{"line":25,"column":4},"end":{"line":25,"column":26}},"13":{"start":{"line":29,"column":32},"end":{"line":39,"column":1}},"14":{"start":{"line":30,"column":2},"end":{"line":38,"column":3}},"15":{"start":{"line":31,"column":17},"end":{"line":31,"column":28}},"16":{"start":{"line":32,"column":28},"end":{"line":32,"column":70}},"17":{"start":{"line":33,"column":4},"end":{"line":33,"column":42}},"18":{"start":{"line":35,"column":17},"end":{"line":35,"column":32}},"19":{"start":{"line":36,"column":28},"end":{"line":36,"column":70}},"20":{"start":{"line":37,"column":4},"end":{"line":37,"column":42}},"21":{"start":{"line":42,"column":2},"end":{"line":75,"column":4}},"22":{"start":{"line":45,"column":8},"end":{"line":72,"column":15}},"23":{"start":{"line":52,"column":27},"end":{"line":53,"column":65}},"24":{"start":{"line":79,"column":40},"end":{"line":79,"column":52}},"25":{"start":{"line":80,"column":34},"end":{"line":80,"column":46}},"26":{"start":{"line":81,"column":30},"end":{"line":81,"column":42}},"27":{"start":{"line":82,"column":35},"end":{"line":82,"column":58}},"28":{"start":{"line":83,"column":23},"end":{"line":83,"column":36}},"29":{"start":{"line":84,"column":2},"end":{"line":86,"column":9}},"30":{"start":{"line":85,"column":4},"end":{"line":85,"column":71}},"31":{"start":{"line":88,"column":2},"end":{"line":88,"column":39}},"32":{"start":{"line":88,"column":20},"end":{"line":88,"column":39}},"33":{"start":{"line":90,"column":2},"end":{"line":96,"column":4}}},"fnMap":{"0":{"name":"(anonymous_0)","decl":{"start":{"line":13,"column":25},"end":{"line":13,"column":26}},"loc":{"start":{"line":13,"column":85},"end":{"line":27,"column":1}},"line":13},"1":{"name":"(anonymous_1)","decl":{"start":{"line":29,"column":32},"end":{"line":29,"column":33}},"loc":{"start":{"line":29,"column":87},"end":{"line":39,"column":1}},"line":29},"2":{"name":"renderCards","decl":{"start":{"line":41,"column":9},"end":{"line":41,"column":20}},"loc":{"start":{"line":41,"column":74},"end":{"line":76,"column":1}},"line":41},"3":{"name":"(anonymous_3)","decl":{"start":{"line":44,"column":23},"end":{"line":44,"column":24}},"loc":{"start":{"line":45,"column":8},"end":{"line":72,"column":15}},"line":45},"4":{"name":"(anonymous_4)","decl":{"start":{"line":52,"column":21},"end":{"line":52,"column":22}},"loc":{"start":{"line":52,"column":27},"end":{"line":53,"column":65}},"line":52},"5":{"name":"ExplorerByIngredients","decl":{"start":{"line":78,"column":9},"end":{"line":78,"column":30}},"loc":{"start":{"line":78,"column":33},"end":{"line":97,"column":1}},"line":78},"6":{"name":"(anonymous_6)","decl":{"start":{"line":84,"column":12},"end":{"line":84,"column":13}},"loc":{"start":{"line":84,"column":18},"end":{"line":86,"column":3}},"line":84}},"branchMap":{"0":{"loc":{"start":{"line":14,"column":2},"end":{"line":26,"column":3}},"type":"if","locations":[{"start":{"line":14,"column":2},"end":{"line":26,"column":3}},{"start":{"line":14,"column":2},"end":{"line":26,"column":3}}],"line":14},"1":{"loc":{"start":{"line":20,"column":9},"end":{"line":26,"column":3}},"type":"if","locations":[{"start":{"line":20,"column":9},"end":{"line":26,"column":3}},{"start":{"line":20,"column":9},"end":{"line":26,"column":3}}],"line":20},"2":{"loc":{"start":{"line":30,"column":2},"end":{"line":38,"column":3}},"type":"if","locations":[{"start":{"line":30,"column":2},"end":{"line":38,"column":3}},{"start":{"line":30,"column":2},"end":{"line":38,"column":3}}],"line":30},"3":{"loc":{"start":{"line":45,"column":8},"end":{"line":72,"column":15}},"type":"binary-expr","locations":[{"start":{"line":45,"column":8},"end":{"line":45,"column":18}},{"start":{"line":46,"column":8},"end":{"line":72,"column":15}}],"line":45},"4":{"loc":{"start":{"line":52,"column":51},"end":{"line":53,"column":32}},"type":"binary-expr","locations":[{"start":{"line":52,"column":51},"end":{"line":52,"column":68}},{"start":{"line":53,"column":14},"end":{"line":53,"column":32}}],"line":52},"5":{"loc":{"start":{"line":58,"column":31},"end":{"line":58,"column":70}},"type":"binary-expr","locations":[{"start":{"line":58,"column":31},"end":{"line":58,"column":48}},{"start":{"line":58,"column":52},"end":{"line":58,"column":70}}],"line":58},"6":{"loc":{"start":{"line":59,"column":22},"end":{"line":59,"column":61}},"type":"binary-expr","locations":[{"start":{"line":59,"column":22},"end":{"line":59,"column":39}},{"start":{"line":59,"column":43},"end":{"line":59,"column":61}}],"line":59},"7":{"loc":{"start":{"line":62,"column":15},"end":{"line":62,"column":54}},"type":"binary-expr","locations":[{"start":{"line":62,"column":15},"end":{"line":62,"column":32}},{"start":{"line":62,"column":36},"end":{"line":62,"column":54}}],"line":62},"8":{"loc":{"start":{"line":88,"column":2},"end":{"line":88,"column":39}},"type":"if","locations":[{"start":{"line":88,"column":2},"end":{"line":88,"column":39}},{"start":{"line":88,"column":2},"end":{"line":88,"column":39}}],"line":88}},"s":{"0":2,"1":2,"2":1,"3":1,"4":1,"5":1,"6":1,"7":1,"8":1,"9":1,"10":1,"11":1,"12":1,"13":2,"14":0,"15":0,"16":0,"17":0,"18":0,"19":0,"20":0,"21":3,"22":3,"23":0,"24":8,"25":8,"26":8,"27":8,"28":8,"29":8,"30":2,"31":8,"32":5,"33":3},"f":{"0":2,"1":0,"2":3,"3":3,"4":0,"5":8,"6":2},"b":{"0":[1,1],"1":[1,0],"2":[0,0],"3":[3,3],"4":[0,0],"5":[3,3],"6":[3,3],"7":[3,3],"8":[5,3]},"_coverageSchema":"43e27e138ebf9cfc5966b082cf9a028302ed4184","hash":"2f75523b18b9b91e52ad351f48dce3f7d9e34b19"}
,"/home/jafet/projetos/sd-03-recipes-app-03/src/pages/ExplorerPages/ExplorerByOrigem.js": {"path":"/home/jafet/projetos/sd-03-recipes-app-03/src/pages/ExplorerPages/ExplorerByOrigem.js","statementMap":{"0":{"start":{"line":10,"column":25},"end":{"line":13,"column":1}},"1":{"start":{"line":11,"column":22},"end":{"line":11,"column":44}},"2":{"start":{"line":12,"column":2},"end":{"line":12,"column":66}},"3":{"start":{"line":12,"column":56},"end":{"line":12,"column":63}},"4":{"start":{"line":15,"column":19},"end":{"line":23,"column":1}},"5":{"start":{"line":16,"column":2},"end":{"line":22,"column":3}},"6":{"start":{"line":17,"column":18},"end":{"line":17,"column":39}},"7":{"start":{"line":18,"column":4},"end":{"line":18,"column":26}},"8":{"start":{"line":20,"column":18},"end":{"line":20,"column":56}},"9":{"start":{"line":21,"column":4},"end":{"line":21,"column":26}},"10":{"start":{"line":26,"column":2},"end":{"line":57,"column":4}},"11":{"start":{"line":28,"column":6},"end":{"line":55,"column":13}},"12":{"start":{"line":61,"column":40},"end":{"line":61,"column":59}},"13":{"start":{"line":62,"column":28},"end":{"line":62,"column":47}},"14":{"start":{"line":63,"column":30},"end":{"line":63,"column":45}},"15":{"start":{"line":65,"column":2},"end":{"line":67,"column":9}},"16":{"start":{"line":66,"column":4},"end":{"line":66,"column":37}},"17":{"start":{"line":69,"column":2},"end":{"line":71,"column":15}},"18":{"start":{"line":70,"column":4},"end":{"line":70,"column":33}},"19":{"start":{"line":73,"column":2},"end":{"line":73,"column":39}},"20":{"start":{"line":73,"column":20},"end":{"line":73,"column":39}},"21":{"start":{"line":74,"column":2},"end":{"line":95,"column":4}},"22":{"start":{"line":81,"column":27},"end":{"line":81,"column":52}},"23":{"start":{"line":86,"column":12},"end":{"line":86,"column":102}}},"fnMap":{"0":{"name":"(anonymous_0)","decl":{"start":{"line":10,"column":25},"end":{"line":10,"column":26}},"loc":{"start":{"line":10,"column":51},"end":{"line":13,"column":1}},"line":10},"1":{"name":"(anonymous_1)","decl":{"start":{"line":12,"column":39},"end":{"line":12,"column":40}},"loc":{"start":{"line":12,"column":56},"end":{"line":12,"column":63}},"line":12},"2":{"name":"(anonymous_2)","decl":{"start":{"line":15,"column":19},"end":{"line":15,"column":20}},"loc":{"start":{"line":15,"column":47},"end":{"line":23,"column":1}},"line":15},"3":{"name":"renderCards","decl":{"start":{"line":25,"column":9},"end":{"line":25,"column":20}},"loc":{"start":{"line":25,"column":28},"end":{"line":58,"column":1}},"line":25},"4":{"name":"(anonymous_4)","decl":{"start":{"line":27,"column":23},"end":{"line":27,"column":24}},"loc":{"start":{"line":28,"column":6},"end":{"line":55,"column":13}},"line":28},"5":{"name":"ExplorerByArea","decl":{"start":{"line":60,"column":9},"end":{"line":60,"column":23}},"loc":{"start":{"line":60,"column":26},"end":{"line":96,"column":1}},"line":60},"6":{"name":"(anonymous_6)","decl":{"start":{"line":65,"column":12},"end":{"line":65,"column":13}},"loc":{"start":{"line":65,"column":18},"end":{"line":67,"column":3}},"line":65},"7":{"name":"(anonymous_7)","decl":{"start":{"line":69,"column":12},"end":{"line":69,"column":13}},"loc":{"start":{"line":69,"column":18},"end":{"line":71,"column":3}},"line":69},"8":{"name":"(anonymous_8)","decl":{"start":{"line":81,"column":20},"end":{"line":81,"column":21}},"loc":{"start":{"line":81,"column":27},"end":{"line":81,"column":52}},"line":81},"9":{"name":"(anonymous_9)","decl":{"start":{"line":85,"column":27},"end":{"line":85,"column":28}},"loc":{"start":{"line":86,"column":12},"end":{"line":86,"column":102}},"line":86}},"branchMap":{"0":{"loc":{"start":{"line":16,"column":2},"end":{"line":22,"column":3}},"type":"if","locations":[{"start":{"line":16,"column":2},"end":{"line":22,"column":3}},{"start":{"line":16,"column":2},"end":{"line":22,"column":3}}],"line":16},"1":{"loc":{"start":{"line":27,"column":4},"end":{"line":56,"column":7}},"type":"binary-expr","locations":[{"start":{"line":27,"column":4},"end":{"line":27,"column":9}},{"start":{"line":27,"column":13},"end":{"line":56,"column":7}}],"line":27},"2":{"loc":{"start":{"line":28,"column":6},"end":{"line":55,"column":13}},"type":"binary-expr","locations":[{"start":{"line":28,"column":6},"end":{"line":28,"column":16}},{"start":{"line":29,"column":6},"end":{"line":55,"column":13}}],"line":28},"3":{"loc":{"start":{"line":73,"column":2},"end":{"line":73,"column":39}},"type":"if","locations":[{"start":{"line":73,"column":2},"end":{"line":73,"column":39}},{"start":{"line":73,"column":2},"end":{"line":73,"column":39}}],"line":73}},"s":{"0":2,"1":1,"2":1,"3":1,"4":2,"5":1,"6":1,"7":1,"8":0,"9":0,"10":2,"11":1,"12":3,"13":3,"14":3,"15":3,"16":1,"17":3,"18":1,"19":3,"20":1,"21":2,"22":0,"23":2},"f":{"0":1,"1":1,"2":1,"3":2,"4":1,"5":3,"6":1,"7":1,"8":0,"9":2},"b":{"0":[1,0],"1":[2,1],"2":[1,1],"3":[1,2]},"_coverageSchema":"43e27e138ebf9cfc5966b082cf9a028302ed4184","hash":"2fdc9eca81a9dd13199d663971fb90d827885620"}
,"/home/jafet/projetos/sd-03-recipes-app-03/src/pages/ExplorerPages/ExplorerDrinkOrFood.js": {"path":"/home/jafet/projetos/sd-03-recipes-app-03/src/pages/ExplorerPages/ExplorerDrinkOrFood.js","statementMap":{"0":{"start":{"line":10,"column":27},"end":{"line":20,"column":1}},"1":{"start":{"line":11,"column":2},"end":{"line":19,"column":3}},"2":{"start":{"line":12,"column":25},"end":{"line":12,"column":48}},"3":{"start":{"line":13,"column":21},"end":{"line":13,"column":49}},"4":{"start":{"line":14,"column":4},"end":{"line":14,"column":30}},"5":{"start":{"line":15,"column":9},"end":{"line":19,"column":3}},"6":{"start":{"line":16,"column":25},"end":{"line":16,"column":49}},"7":{"start":{"line":17,"column":21},"end":{"line":17,"column":51}},"8":{"start":{"line":18,"column":4},"end":{"line":18,"column":30}},"9":{"start":{"line":23,"column":2},"end":{"line":33,"column":4}},"10":{"start":{"line":36,"column":22},"end":{"line":62,"column":1}},"11":{"start":{"line":37,"column":2},"end":{"line":49,"column":3}},"12":{"start":{"line":38,"column":4},"end":{"line":48,"column":6}},"13":{"start":{"line":51,"column":2},"end":{"line":61,"column":4}},"14":{"start":{"line":65,"column":42},"end":{"line":65,"column":54}},"15":{"start":{"line":66,"column":23},"end":{"line":66,"column":36}},"16":{"start":{"line":67,"column":2},"end":{"line":69,"column":9}},"17":{"start":{"line":68,"column":4},"end":{"line":68,"column":50}},"18":{"start":{"line":71,"column":2},"end":{"line":83,"column":3}},"19":{"start":{"line":72,"column":4},"end":{"line":82,"column":6}},"20":{"start":{"line":83,"column":4},"end":{"line":92,"column":4}}},"fnMap":{"0":{"name":"(anonymous_0)","decl":{"start":{"line":10,"column":27},"end":{"line":10,"column":28}},"loc":{"start":{"line":10,"column":64},"end":{"line":20,"column":1}},"line":10},"1":{"name":"buttonFoodOrDrink","decl":{"start":{"line":22,"column":9},"end":{"line":22,"column":26}},"loc":{"start":{"line":22,"column":73},"end":{"line":34,"column":1}},"line":22},"2":{"name":"(anonymous_2)","decl":{"start":{"line":36,"column":22},"end":{"line":36,"column":23}},"loc":{"start":{"line":36,"column":64},"end":{"line":62,"column":1}},"line":36},"3":{"name":"ExplorerDrinkOrFoods","decl":{"start":{"line":64,"column":9},"end":{"line":64,"column":29}},"loc":{"start":{"line":64,"column":32},"end":{"line":93,"column":1}},"line":64},"4":{"name":"(anonymous_4)","decl":{"start":{"line":67,"column":12},"end":{"line":67,"column":13}},"loc":{"start":{"line":67,"column":18},"end":{"line":69,"column":3}},"line":67}},"branchMap":{"0":{"loc":{"start":{"line":11,"column":2},"end":{"line":19,"column":3}},"type":"if","locations":[{"start":{"line":11,"column":2},"end":{"line":19,"column":3}},{"start":{"line":11,"column":2},"end":{"line":19,"column":3}}],"line":11},"1":{"loc":{"start":{"line":15,"column":9},"end":{"line":19,"column":3}},"type":"if","locations":[{"start":{"line":15,"column":9},"end":{"line":19,"column":3}},{"start":{"line":15,"column":9},"end":{"line":19,"column":3}}],"line":15},"2":{"loc":{"start":{"line":37,"column":2},"end":{"line":49,"column":3}},"type":"if","locations":[{"start":{"line":37,"column":2},"end":{"line":49,"column":3}},{"start":{"line":37,"column":2},"end":{"line":49,"column":3}}],"line":37},"3":{"loc":{"start":{"line":71,"column":2},"end":{"line":83,"column":3}},"type":"if","locations":[{"start":{"line":71,"column":2},"end":{"line":83,"column":3}},{"start":{"line":71,"column":2},"end":{"line":83,"column":3}}],"line":71}},"s":{"0":2,"1":3,"2":2,"3":1,"4":1,"5":1,"6":1,"7":0,"8":0,"9":7,"10":2,"11":4,"12":3,"13":1,"14":4,"15":4,"16":4,"17":3,"18":4,"19":3,"20":1},"f":{"0":3,"1":7,"2":4,"3":4,"4":3},"b":{"0":[2,1],"1":[1,0],"2":[3,1],"3":[3,1]},"_coverageSchema":"43e27e138ebf9cfc5966b082cf9a028302ed4184","hash":"cdbe595f7d5850b793cadfedc58c07b950a687c1"}
,"/home/jafet/projetos/sd-03-recipes-app-03/src/pages/ExplorerPages/NotFound.js": {"path":"/home/jafet/projetos/sd-03-recipes-app-03/src/pages/ExplorerPages/NotFound.js","statementMap":{"0":{"start":{"line":3,"column":17},"end":{"line":3,"column":53}},"1":{"start":{"line":3,"column":23},"end":{"line":3,"column":53}}},"fnMap":{"0":{"name":"(anonymous_0)","decl":{"start":{"line":3,"column":17},"end":{"line":3,"column":18}},"loc":{"start":{"line":3,"column":23},"end":{"line":3,"column":53}},"line":3}},"branchMap":{},"s":{"0":1,"1":0},"f":{"0":0},"b":{},"_coverageSchema":"43e27e138ebf9cfc5966b082cf9a028302ed4184","hash":"260a1a5547d693d6042855bc7c3c3fff9d244a3e"}
[...]
c":{"start":{"line":48,"column":24},"end":{"line":48,"column":39}},"line":48},"16":{"name":"(anonymous_16)","decl":{"start":{"line":49,"column":10},"end":{"line":49,"column":11}},"loc":{"start":{"line":49,"column":21},"end":{"line":49,"column":78}},"line":49},"17":{"name":"(anonymous_17)","decl":{"start":{"line":53,"column":33},"end":{"line":53,"column":34}},"loc":{"start":{"line":54,"column":2},"end":{"line":56,"column":80}},"line":54},"18":{"name":"(anonymous_18)","decl":{"start":{"line":55,"column":10},"end":{"line":55,"column":11}},"loc":{"start":{"line":55,"column":24},"end":{"line":55,"column":39}},"line":55},"19":{"name":"(anonymous_19)","decl":{"start":{"line":56,"column":10},"end":{"line":56,"column":11}},"loc":{"start":{"line":56,"column":21},"end":{"line":56,"column":78}},"line":56},"20":{"name":"(anonymous_20)","decl":{"start":{"line":60,"column":40},"end":{"line":60,"column":41}},"loc":{"start":{"line":61,"column":2},"end":{"line":63,"column":80}},"line":61},"21":{"name":"(anonymous_21)","decl":{"start":{"line":62,"column":10},"end":{"line":62,"column":11}},"loc":{"start":{"line":62,"column":24},"end":{"line":62,"column":39}},"line":62},"22":{"name":"(anonymous_22)","decl":{"start":{"line":63,"column":10},"end":{"line":63,"column":11}},"loc":{"start":{"line":63,"column":21},"end":{"line":63,"column":78}},"line":63}},"branchMap":{"0":{"loc":{"start":{"line":5,"column":23},"end":{"line":5,"column":81}},"type":"cond-expr","locations":[{"start":{"line":5,"column":37},"end":{"line":5,"column":58}},{"start":{"line":5,"column":61},"end":{"line":5,"column":81}}],"line":5},"1":{"loc":{"start":{"line":13,"column":23},"end":{"line":13,"column":81}},"type":"cond-expr","locations":[{"start":{"line":13,"column":37},"end":{"line":13,"column":58}},{"start":{"line":13,"column":61},"end":{"line":13,"column":81}}],"line":13},"2":{"loc":{"start":{"line":21,"column":23},"end":{"line":21,"column":81}},"type":"cond-expr","locations":[{"start":{"line":21,"column":37},"end":{"line":21,"column":58}},{"start":{"line":21,"column":61},"end":{"line":21,"column":81}}],"line":21},"3":{"loc":{"start":{"line":29,"column":23},"end":{"line":29,"column":81}},"type":"cond-expr","locations":[{"start":{"line":29,"column":37},"end":{"line":29,"column":58}},{"start":{"line":29,"column":61},"end":{"line":29,"column":81}}],"line":29},"4":{"loc":{"start":{"line":49,"column":21},"end":{"line":49,"column":78}},"type":"cond-expr","locations":[{"start":{"line":49,"column":34},"end":{"line":49,"column":55}},{"start":{"line":49,"column":58},"end":{"line":49,"column":78}}],"line":49},"5":{"loc":{"start":{"line":56,"column":21},"end":{"line":56,"column":78}},"type":"cond-expr","locations":[{"start":{"line":56,"column":34},"end":{"line":56,"column":55}},{"start":{"line":56,"column":58},"end":{"line":56,"column":78}}],"line":56},"6":{"loc":{"start":{"line":63,"column":21},"end":{"line":63,"column":78}},"type":"cond-expr","locations":[{"start":{"line":63,"column":34},"end":{"line":63,"column":55}},{"start":{"line":63,"column":58},"end":{"line":63,"column":78}}],"line":63}},"s":{"0":10,"1":19,"2":19,"3":19,"4":19,"5":10,"6":10,"7":7,"8":7,"9":7,"10":10,"11":10,"12":1,"13":1,"14":1,"15":10,"16":2,"17":2,"18":2,"19":2,"20":10,"21":10,"22":1,"23":0,"24":10,"25":10,"26":1,"27":1,"28":10,"29":10,"30":0,"31":0,"32":0,"33":10,"34":10,"35":0,"36":0,"37":0,"38":10,"39":10,"40":0,"41":0,"42":0},"f":{"0":19,"1":19,"2":19,"3":7,"4":7,"5":7,"6":1,"7":1,"8":1,"9":2,"10":2,"11":2,"12":1,"13":1,"14":0,"15":0,"16":0,"17":0,"18":0,"19":0,"20":0,"21":0,"22":0},"b":{"0":[19,0],"1":[7,0],"2":[1,0],"3":[2,0],"4":[0,0],"5":[0,0],"6":[0,0]},"_coverageSchema":"43e27e138ebf9cfc5966b082cf9a028302ed4184","hash":"e0e0f71af3e74ddee4bc4bf1fb5f4dead944ff76"}
,"/home/jafet/projetos/sd-03-recipes-app-03/src/services/theMealAPI.js": {"path":"/home/jafet/projetos/sd-03-recipes-app-03/src/services/theMealAPI.js","statementMap":{"0":{"start":{"line":1,"column":26},"end":{"line":7,"column":1}},"1":{"start":{"line":2,"column":21},"end":{"line":2,"column":76}},"2":{"start":{"line":3,"column":2},"end":{"line":6,"column":5}},"3":{"start":{"line":4,"column":4},"end":{"line":5,"column":83}},"4":{"start":{"line":5,"column":23},"end":{"line":5,"column":81}},"5":{"start":{"line":9,"column":27},"end":{"line":9,"column":84}},"6":{"start":{"line":10,"column":36},"end":{"line":15,"column":1}},"7":{"start":{"line":11,"column":2},"end":{"line":14,"column":4}},"8":{"start":{"line":12,"column":4},"end":{"line":13,"column":83}},"9":{"start":{"line":13,"column":23},"end":{"line":13,"column":81}},"10":{"start":{"line":19,"column":31},"end":{"line":19,"column":86}},"11":{"start":{"line":20,"column":40},"end":{"line":25,"column":1}},"12":{"start":{"line":21,"column":2},"end":{"line":24,"column":4}},"13":{"start":{"line":22,"column":4},"end":{"line":23,"column":83}},"14":{"start":{"line":23,"column":23},"end":{"line":23,"column":81}},"15":{"start":{"line":27,"column":29},"end":{"line":33,"column":1}},"16":{"start":{"line":28,"column":22},"end":{"line":28,"column":82}},"17":{"start":{"line":29,"column":2},"end":{"line":32,"column":5}},"18":{"start":{"line":30,"column":4},"end":{"line":31,"column":83}},"19":{"start":{"line":31,"column":23},"end":{"line":31,"column":81}},"20":{"start":{"line":35,"column":19},"end":{"line":35,"column":74}},"21":{"start":{"line":36,"column":29},"end":{"line":39,"column":1}},"22":{"start":{"line":37,"column":19},"end":{"line":37,"column":47}},"23":{"start":{"line":38,"column":2},"end":{"line":38,"column":25}},"24":{"start":{"line":41,"column":22},"end":{"line":41,"column":74}},"25":{"start":{"line":42,"column":31},"end":{"line":45,"column":1}},"26":{"start":{"line":43,"column":19},"end":{"line":43,"column":50}},"27":{"start":{"line":44,"column":2},"end":{"line":44,"column":25}},"28":{"start":{"line":47,"column":21},"end":{"line":47,"column":78}},"29":{"start":{"line":48,"column":30},"end":{"line":51,"column":1}},"30":{"start":{"line":49,"column":19},"end":{"line":49,"column":49}},"31":{"start":{"line":50,"column":2},"end":{"line":50,"column":25}},"32":{"start":{"line":53,"column":24},"end":{"line":53,"column":79}},"33":{"start":{"line":54,"column":35},"end":{"line":57,"column":1}},"34":{"start":{"line":55,"column":19},"end":{"line":55,"column":62}},"35":{"start":{"line":56,"column":2},"end":{"line":56,"column":25}},"36":{"start":{"line":59,"column":32},"end":{"line":59,"column":89}},"37":{"start":{"line":60,"column":36},"end":{"line":63,"column":1}},"38":{"start":{"line":61,"column":19},"end":{"line":61,"column":55}},"39":{"start":{"line":62,"column":2},"end":{"line":62,"column":25}},"40":{"start":{"line":65,"column":34},"end":{"line":69,"column":1}},"41":{"start":{"line":66,"column":31},"end":{"line":66,"column":89}},"42":{"start":{"line":67,"column":19},"end":{"line":67,"column":52}},"43":{"start":{"line":68,"column":2},"end":{"line":68,"column":25}},"44":{"start":{"line":71,"column":32},"end":{"line":77,"column":1}},"45":{"start":{"line":72,"column":29},"end":{"line":72,"column":91}},"46":{"start":{"line":73,"column":2},"end":{"line":76,"column":5}},"47":{"start":{"line":74,"column":4},"end":{"line":75,"column":83}},"48":{"start":{"line":75,"column":23},"end":{"line":75,"column":81}},"49":{"start":{"line":79,"column":39},"end":{"line":85,"column":1}},"50":{"start":{"line":80,"column":31},"end":{"line":80,"column":95}},"51":{"start":{"line":81,"column":2},"end":{"line":84,"column":5}},"52":{"start":{"line":82,"column":4},"end":{"line":83,"column":83}},"53":{"start":{"line":83,"column":23},"end":{"line":83,"column":81}}},"fnMap":{"0":{"name":"(anonymous_0)","decl":{"start":{"line":1,"column":26},"end":{"line":1,"column":27}},"loc":{"start":{"line":1,"column":32},"end":{"line":7,"column":1}},"line":1},"1":{"name":"(anonymous_1)","decl":{"start":{"line":3,"column":32},"end":{"line":3,"column":33}},"loc":{"start":{"line":4,"column":4},"end":{"line":5,"column":83}},"line":4},"2":{"name":"(anonymous_2)","decl":{"start":{"line":5,"column":12},"end":{"line":5,"column":13}},"loc":{"start":{"line":5,"column":23},"end":{"line":5,"column":81}},"line":5},"3":{"name":"(anonymous_3)","decl":{"start":{"line":10,"column":36},"end":{"line":10,"column":37}},"loc":{"start":{"line":11,"column":2},"end":{"line":14,"column":4}},"line":11},"4":{"name":"(anonymous_4)","decl":{"start":{"line":11,"column":33},"end":{"line":11,"column":34}},"loc":{"start":{"line":12,"column":4},"end":{"line":13,"column":83}},"line":12},"5":{"name":"(anonymous_5)","decl":{"start":{"line":13,"column":12},"end":{"line":13,"column":13}},"loc":{"start":{"line":13,"column":23},"end":{"line":13,"column":81}},"line":13},"6":{"name":"(anonymous_6)","decl":{"start":{"line":20,"column":40},"end":{"line":20,"column":41}},"loc":{"start":{"line":21,"column":2},"end":{"line":24,"column":4}},"line":21},"7":{"name":"(anonymous_7)","decl":{"start":{"line":21,"column":53},"end":{"line":21,"column":54}},"loc":{"start":{"line":22,"column":4},"end":{"line":23,"column":83}},"line":22},"8":{"name":"(anonymous_8)","decl":{"start":{"line":23,"column":12},"end":{"line":23,"column":13}},"loc":{"start":{"line":23,"column":23},"end":{"line":23,"column":81}},"line":23},"9":{"name":"(anonymous_9)","decl":{"start":{"line":27,"column":29},"end":{"line":27,"column":30}},"loc":{"start":{"line":27,"column":37},"end":{"line":33,"column":1}},"line":27},"10":{"name":"(anonymous_10)","decl":{"start":{"line":29,"column":33},"end":{"line":29,"column":34}},"loc":{"start":{"line":30,"column":4},"end":{"line":31,"column":83}},"line":30},"11":{"name":"(anonymous_11)","decl":{"start":{"line":31,"column":12},"end":{"line":31,"column":13}},"loc":{"start":{"line":31,"column":23},"end":{"line":31,"column":81}},"line":31},"12":{"name":"(anonymous_12)","decl":{"start":{"line":36,"column":29},"end":{"line":36,"column":30}},"loc":{"start":{"line":36,"column":41},"end":{"line":39,"column":1}},"line":36},"13":{"name":"(anonymous_13)","decl":{"start":{"line":42,"column":31},"end":{"line":42,"column":32}},"loc":{"start":{"line":42,"column":43},"end":{"line":45,"column":1}},"line":42},"14":{"name":"(anonymous_14)","decl":{"start":{"line":48,"column":30},"end":{"line":48,"column":31}},"loc":{"start":{"line":48,"column":42},"end":{"line":51,"column":1}},"line":48},"15":{"name":"(anonymous_15)","decl":{"start":{"line":54,"column":35},"end":{"line":54,"column":36}},"loc":{"start":{"line":54,"column":54},"end":{"line":57,"column":1}},"line":54},"16":{"name":"(anonymous_16)","decl":{"start":{"line":60,"column":36},"end":{"line":60,"column":37}},"loc":{"start":{"line":60,"column":48},"end":{"line":63,"column":1}},"line":60},"17":{"name":"(anonymous_17)","decl":{"start":{"line":65,"column":34},"end":{"line":65,"column":35}},"loc":{"start":{"line":65,"column":54},"end":{"line":69,"column":1}},"line":65},"18":{"name":"(anonymous_18)","decl":{"start":{"line":71,"column":32},"end":{"line":71,"column":33}},"loc":{"start":{"line":71,"column":42},"end":{"line":77,"column":1}},"line":71},"19":{"name":"(anonymous_19)","decl":{"start":{"line":73,"column":40},"end":{"line":73,"column":41}},"loc":{"start":{"line":74,"column":4},"end":{"line":75,"column":83}},"line":74},"20":{"name":"(anonymous_20)","decl":{"start":{"line":75,"column":12},"end":{"line":75,"column":13}},"loc":{"start":{"line":75,"column":23},"end":{"line":75,"column":81}},"line":75},"21":{"name":"(anonymous_21)","decl":{"start":{"line":79,"column":39},"end":{"line":79,"column":40}},"loc":{"start":{"line":79,"column":51},"end":{"line":85,"column":1}},"line":79},"22":{"name":"(anonymous_22)","decl":{"start":{"line":81,"column":42},"end":{"line":81,"column":43}},"loc":{"start":{"line":82,"column":4},"end":{"line":83,"column":83}},"line":82},"23":{"name":"(anonymous_23)","decl":{"start":{"line":83,"column":12},"end":{"line":83,"column":13}},"loc":{"start":{"line":83,"column":23},"end":{"line":83,"column":81}},"line":83}},"branchMap":{"0":{"loc":{"start":{"line":5,"column":23},"end":{"line":5,"column":81}},"type":"cond-expr","locations":[{"start":{"line":5,"column":37},"end":{"line":5,"column":58}},{"start":{"line":5,"column":61},"end":{"line":5,"column":81}}],"line":5},"1":{"loc":{"start":{"line":13,"column":23},"end":{"line":13,"column":81}},"type":"cond-expr","locations":[{"start":{"line":13,"column":37},"end":{"line":13,"column":58}},{"start":{"line":13,"column":61},"end":{"line":13,"column":81}}],"line":13},"2":{"loc":{"start":{"line":23,"column":23},"end":{"line":23,"column":81}},"type":"cond-expr","locations":[{"start":{"line":23,"column":37},"end":{"line":23,"column":58}},{"start":{"line":23,"column":61},"end":{"line":23,"column":81}}],"line":23},"3":{"loc":{"start":{"line":31,"column":23},"end":{"line":31,"column":81}},"type":"cond-expr","locations":[{"start":{"line":31,"column":37},"end":{"line":31,"column":58}},{"start":{"line":31,"column":61},"end":{"line":31,"column":81}}],"line":31},"4":{"loc":{"start":{"line":75,"column":23},"end":{"line":75,"column":81}},"type":"cond-expr","locations":[{"start":{"line":75,"column":37},"end":{"line":75,"column":58}},{"start":{"line":75,"column":61},"end":{"line":75,"column":81}}],"line":75},"5":{"loc":{"start":{"line":83,"column":23},"end":{"line":83,"column":81}},"type":"cond-expr","locations":[{"start":{"line":83,"column":37},"end":{"line":83,"column":58}},{"start":{"line":83,"column":61},"end":{"line":83,"column":81}}],"line":83}},"s":{"0":10,"1":14,"2":14,"3":13,"4":13,"5":10,"6":10,"7":12,"8":12,"9":12,"10":10,"11":10,"12":2,"13":2,"14":2,"15":10,"16":21,"17":21,"18":21,"19":21,"20":10,"21":10,"22":1,"23":1,"24":10,"25":10,"26":2,"27":1,"28":10,"29":10,"30":1,"31":1,"32":10,"33":10,"34":0,"35":0,"36":10,"37":10,"38":1,"39":1,"40":10,"41":0,"42":0,"43":0,"44":10,"45":0,"46":0,"47":0,"48":0,"49":10,"50":0,"51":0,"52":0,"53":0},"f":{"0":14,"1":13,"2":13,"3":12,"4":12,"5":12,"6":2,"7":2,"8":2,"9":21,"10":21,"11":21,"12":1,"13":2,"14":1,"15":0,"16":1,"17":0,"18":0,"19":0,"20":0,"21":0,"22":0,"23":0},"b":{"0":[13,0],"1":[12,0],"2":[2,0],"3":[21,0],"4":[0,0],"5":[0,0]},"_coverageSchema":"43e27e138ebf9cfc5966b082cf9a028302ed4184","hash":"df67a6cfab85b5bae8ed69564d89ec58aa637563"}
,"/home/jafet/projetos/sd-03-recipes-app-03/src/tests/utilitiesTest/mockFetch.js": {"path":"/home/jafet/projetos/sd-03-recipes-app-03/src/tests/utilitiesTest/mockFetch.js","statementMap":{"0":{"start":{"line":3,"column":18},"end":{"line":3,"column":23}}},"fnMap":{},"branchMap":{},"s":{"0":4},"f":{},"b":{},"_coverageSchema":"43e27e138ebf9cfc5966b082cf9a028302ed4184","hash":"2071791c86209ffdae4d49ec4fcdf2c656e282cd"}
,"/home/jafet/projetos/sd-03-recipes-app-03/src/tests/utilitiesTest/renderWithContext.js": {"path":"/home/jafet/projetos/sd-03-recipes-app-03/src/tests/utilitiesTest/renderWithContext.js","statementMap":{"0":{"start":{"line":9,"column":26},"end":{"line":28,"column":1}},"1":{"start":{"line":10,"column":25},"end":{"line":10,"column":32}},"2":{"start":{"line":11,"column":18},"end":{"line":11,"column":57}},"3":{"start":{"line":12,"column":2},"end":{"line":27,"column":4}}},"fnMap":{"0":{"name":"(anonymous_0)","decl":{"start":{"line":9,"column":26},"end":{"line":9,"column":27}},"loc":{"start":{"line":9,"column":65},"end":{"line":28,"column":1}},"line":9}},"branchMap":{"0":{"loc":{"start":{"line":9,"column":37},"end":{"line":9,"column":48}},"type":"default-arg","locations":[{"start":{"line":9,"column":45},"end":{"line":9,"column":48}}],"line":9},"1":{"loc":{"start":{"line":9,"column":50},"end":{"line":9,"column":60}},"type":"default-arg","locations":[{"start":{"line":9,"column":57},"end":{"line":9,"column":60}}],"line":9}},"s":{"0":10,"1":67,"2":67,"3":67},"f":{"0":67},"b":{"0":[8],"1":[50]},"_coverageSchema":"43e27e138ebf9cfc5966b082cf9a028302ed4184","hash":"4e51b9642c29c05ab72f62f4b65e460139f489d0"}
,"/home/jafet/projetos/sd-03-recipes-app-03/src/untils/destructureObject.js": {"path":"/home/jafet/projetos/sd-03-recipes-app-03/src/untils/destructureObject.js","statementMap":{"0":{"start":{"line":3,"column":23},"end":{"line":46,"column":1}},"1":{"start":{"line":4,"column":16},"end":{"line":4,"column":23}},"2":{"start":{"line":5,"column":13},"end":{"line":5,"column":15}},"3":{"start":{"line":6,"column":12},"end":{"line":6,"column":14}},"4":{"start":{"line":7,"column":12},"end":{"line":7,"column":14}},"5":{"start":{"line":8,"column":13},"end":{"line":8,"column":21}},"6":{"start":{"line":9,"column":20},"end":{"line":9,"column":31}},"7":{"start":{"line":10,"column":2},"end":{"line":17,"column":3}},"8":{"start":{"line":11,"column":4},"end":{"line":11,"column":21}},"9":{"start":{"line":12,"column":4},"end":{"line":12,"column":13}},"10":{"start":{"line":13,"column":4},"end":{"line":13,"column":13}},"11":{"start":{"line":14,"column":4},"end":{"line":14,"column":13}},"12":{"start":{"line":15,"column":4},"end":{"line":15,"column":20}},"13":{"start":{"line":16,"column":4},"end":{"line":16,"column":26}},"14":{"start":{"line":19,"column":28},"end":{"line":19,"column":64}},"15":{"start":{"line":20,"column":30},"end":{"line":20,"column":65}},"16":{"start":{"line":25,"column":6},"end":{"line":25,"column":10}},"17":{"start":{"line":27,"column":18},"end":{"line":43,"column":3}},"18":{"start":{"line":45,"column":2},"end":{"line":45,"column":17}}},"fnMap":{"0":{"name":"(anonymous_0)","decl":{"start":{"line":3,"column":23},"end":{"line":3,"column":24}},"loc":{"start":{"line":3,"column":33},"end":{"line":46,"column":1}},"line":3}},"branchMap":{"0":{"loc":{"start":{"line":10,"column":2},"end":{"line":17,"column":3}},"type":"if","locations":[{"start":{"line":10,"column":2},"end":{"line":17,"column":3}},{"start":{"line":10,"column":2},"end":{"line":17,"column":3}}],"line":10}},"s":{"0":10,"1":1119,"2":1119,"3":1119,"4":1119,"5":1119,"6":1119,"7":1119,"8":516,"9":516,"10":516,"11":516,"12":516,"13":516,"14":1119,"15":1119,"16":1119,"17":1119,"18":1119},"f":{"0":1119},"b":{"0":[516,603]},"_coverageSchema":"43e27e138ebf9cfc5966b082cf9a028302ed4184","hash":"4b4cc84f1df0ba41cd573b0c8d23a1eae3871e56"}
,"/home/jafet/projetos/sd-03-recipes-app-03/src/untils/ingredientsWithQuantity.js": {"path":"/home/jafet/projetos/sd-03-recipes-app-03/src/untils/ingredientsWithQuantity.js","statementMap":{"0":{"start":{"line":2,"column":32},"end":{"line":11,"column":1}},"1":{"start":{"line":3,"column":24},"end":{"line":3,"column":44}},"2":{"start":{"line":4,"column":2},"end":{"line":10,"column":9}},"3":{"start":{"line":5,"column":4},"end":{"line":8,"column":5}},"4":{"start":{"line":6,"column":6},"end":{"line":6,"column":67}},"5":{"start":{"line":7,"column":6},"end":{"line":7,"column":55}},"6":{"start":{"line":9,"column":4},"end":{"line":9,"column":15}}},"fnMap":{"0":{"name":"(anonymous_0)","decl":{"start":{"line":2,"column":32},"end":{"line":2,"column":33}},"loc":{"start":{"line":2,"column":65},"end":{"line":11,"column":1}},"line":2},"1":{"name":"(anonymous_1)","decl":{"start":{"line":4,"column":27},"end":{"line":4,"column":28}},"loc":{"start":{"line":4,"column":59},"end":{"line":10,"column":3}},"line":4}},"branchMap":{"0":{"loc":{"start":{"line":5,"column":4},"end":{"line":8,"column":5}},"type":"if","locations":[{"start":{"line":5,"column":4},"end":{"line":8,"column":5}},{"start":{"line":5,"column":4},"end":{"line":8,"column":5}}],"line":5},"1":{"loc":{"start":{"line":5,"column":8},"end":{"line":5,"column":56}},"type":"binary-expr","locations":[{"start":{"line":5,"column":8},"end":{"line":5,"column":29}},{"start":{"line":5,"column":33},"end":{"line":5,"column":56}}],"line":5},"2":{"loc":{"start":{"line":6,"column":29},"end":{"line":6,"column":66}},"type":"binary-expr","locations":[{"start":{"line":6,"column":29},"end":{"line":6,"column":49}},{"start":{"line":6,"column":53},"end":{"line":6,"column":66}}],"line":6}},"s":{"0":10,"1":1119,"2":1119,"3":18710,"4":7197,"5":7197,"6":18710},"f":{"0":1119,"1":18710},"b":{"0":[7197,11513],"1":[18710,14236],"2":[7197,130]},"_coverageSchema":"43e27e138ebf9cfc5966b082cf9a028302ed4184","hash":"9865f05632aea3d834f51b5230bd3c595abc93a4"}
}
