TN:
SF:/home/jafet/projetos/sd-03-recipes-app-03/src/App.js
FN:7,App
FNF:1
FNH:1
FNDA:5,App
DA:8,5
LF:1
LH:1
BRF:0
BRH:0
end_of_record
TN:
SF:/home/jafet/projetos/sd-03-recipes-app-03/src/Routes/Routes.js
FN:17,(anonymous_0)
FNF:1
FNH:1
FNDA:5,(anonymous_0)
DA:17,1
DA:18,5
LF:2
LH:2
BRF:0
BRH:0
end_of_record
TN:
SF:/home/jafet/projetos/sd-03-recipes-app-03/src/components/Categories/ListCategories.js
FN:8,(anonymous_0)
FN:10,(anonymous_1)
FN:10,(anonymous_2)
FN:13,(anonymous_3)
FN:21,(anonymous_4)
FN:39,(anonymous_5)
FN:53,(anonymous_6)
FN:56,(anonymous_7)
FNF:8
FNH:7
FNDA:3,(anonymous_0)
FNDA:3,(anonymous_1)
FNDA:0,(anonymous_2)
FNDA:5,(anonymous_3)
FNDA:4,(anonymous_4)
FNDA:71,(anonymous_5)
FNDA:216,(anonymous_6)
FNDA:4,(anonymous_7)
DA:8,5
DA:9,3
DA:10,3
DA:13,5
DA:14,5
DA:15,2
DA:16,2
DA:18,3
DA:21,5
DA:22,4
DA:23,4
DA:24,2
DA:25,1
DA:27,1
DA:28,1
DA:29,1
DA:31,3
DA:32,1
DA:34,2
DA:35,2
DA:36,2
DA:39,5
DA:40,71
DA:41,71
DA:42,71
DA:51,71
DA:54,216
DA:56,4
DA:66,5
LF:29
LH:29
BRDA:14,0,0,2
BRDA:14,0,1,3
BRDA:14,1,0,5
BRDA:14,1,1,3
BRDA:23,2,0,2
BRDA:23,2,1,2
BRDA:24,3,0,1
BRDA:24,3,1,1
BRDA:31,4,0,1
BRDA:31,4,1,2
BRF:10
BRH:10
end_of_record
TN:
SF:/home/jafet/projetos/sd-03-recipes-app-03/src/components/ContentHeader/ContentHeader.js
FN:7,(anonymous_0)
FNF:1
FNH:1
FNDA:62,(anonymous_0)
DA:7,3
DA:8,62
DA:10,62
DA:29,3
LF:4
LH:4
BRDA:8,0,0,59
BRDA:16,1,0,62
BRDA:16,1,1,59
BRF:3
BRH:3
end_of_record
TN:
SF:/home/jafet/projetos/sd-03-recipes-app-03/src/components/Favorite/FavoriteButton.js
FN:8,(anonymous_0)
FN:31,(anonymous_1)
FN:35,(anonymous_2)
FN:40,(anonymous_3)
FN:46,(anonymous_4)
FN:53,(anonymous_5)
FN:55,(anonymous_6)
FN:60,(anonymous_7)
FN:66,(anonymous_8)
FN:67,(anonymous_9)
FN:70,(anonymous_10)
FNF:11
FNH:11
FNDA:1,(anonymous_0)
FNDA:78,(anonymous_1)
FNDA:50,(anonymous_2)
FNDA:6,(anonymous_3)
FNDA:1,(anonymous_4)
FNDA:2,(anonymous_5)
FNDA:3,(anonymous_6)
FNDA:3,(anonymous_7)
FNDA:3,(anonymous_8)
FNDA:3,(anonymous_9)
FNDA:3,(anonymous_10)
DA:8,6
DA:9,1
DA:10,1
DA:20,0
DA:31,6
DA:32,78
DA:33,78
DA:34,78
DA:35,78
DA:36,50
DA:37,23
DA:39,27
DA:40,27
DA:41,4
DA:42,4
DA:46,78
DA:47,1
DA:48,1
DA:49,1
DA:50,1
DA:51,1
DA:53,78
DA:54,2
DA:55,3
DA:56,2
DA:57,2
DA:58,2
DA:60,78
DA:61,3
DA:62,1
DA:64,2
DA:66,3
DA:67,3
DA:69,78
DA:70,3
DA:81,6
DA:85,6
LF:37
LH:36
BRDA:9,0,0,1
BRDA:9,0,1,0
BRDA:36,1,0,23
BRDA:36,1,1,27
BRDA:40,2,0,4
BRDA:40,2,1,23
BRDA:61,3,0,1
BRDA:61,3,1,2
BRDA:73,4,0,14
BRDA:73,4,1,64
BRF:10
BRH:9
end_of_record
TN:
SF:/home/jafet/projetos/sd-03-recipes-app-03/src/components/Footer/Footer.js
FN:8,renderIconToRoute
FN:23,Footer
FNF:2
FNH:2
FNDA:192,renderIconToRoute
FNDA:64,Footer
DA:9,192
DA:24,64
LF:2
LH:2
BRF:0
BRH:0
end_of_record
TN:
SF:/home/jafet/projetos/sd-03-recipes-app-03/src/components/HeaderSearchBar/HeaderSearchBarContext.js
FN:9,(anonymous_0)
FNF:1
FNH:1
FNDA:72,(anonymous_0)
DA:5,10
DA:7,10
DA:9,10
DA:10,72
DA:11,72
DA:13,72
DA:15,72
DA:20,10
LF:8
LH:8
BRF:0
BRH:0
end_of_record
TN:
SF:/home/jafet/projetos/sd-03-recipes-app-03/src/components/HeaderSearchBar/searchButtonFunction.js
FN:9,(anonymous_0)
FN:18,(anonymous_1)
FN:37,(anonymous_2)
FNF:3
FNH:3
FNDA:4,(anonymous_0)
FNDA:4,(anonymous_1)
FNDA:4,(anonymous_2)
DA:3,7
DA:9,7
DA:10,4
DA:11,0
DA:13,4
DA:14,0
DA:18,7
DA:26,4
DA:27,4
DA:28,4
DA:29,4
DA:31,0
DA:33,4
DA:34,4
DA:37,7
DA:45,4
DA:46,0
DA:48,4
LF:18
LH:14
BRDA:10,0,0,0
BRDA:10,0,1,4
BRDA:10,1,0,4
BRDA:10,1,1,4
BRDA:13,2,0,0
BRDA:13,2,1,4
BRDA:13,3,0,4
BRDA:13,3,1,0
BRDA:27,4,0,4
BRDA:27,4,1,0
BRDA:27,5,0,4
BRDA:27,5,1,0
BRDA:28,6,0,4
BRDA:28,6,1,0
BRDA:45,7,0,0
BRDA:45,7,1,4
BRDA:45,8,0,4
BRDA:45,8,1,1
BRF:18
BRH:11
end_of_record
TN:
SF:/home/jafet/projetos/sd-03-recipes-app-03/src/components/Heading/Heading.js
FN:7,(anonymous_0)
FNF:1
FNH:1
FNDA:9,(anonymous_0)
DA:7,1
DA:8,9
DA:16,1
LF:3
LH:3
BRF:0
BRH:0
end_of_record
TN:
SF:/home/jafet/projetos/sd-03-recipes-app-03/src/components/Loading/Loading.js
FN:9,(anonymous_0)
FN:12,(anonymous_1)
FN:14,(anonymous_2)
FN:17,(anonymous_3)
FNF:4
FNH:4
FNDA:73,(anonymous_0)
FNDA:46,(anonymous_1)
FNDA:1,(anonymous_2)
FNDA:46,(anonymous_3)
DA:9,6
DA:10,73
DA:12,73
DA:13,46
DA:14,46
DA:15,1
DA:17,46
DA:19,73
LF:8
LH:8
BRF:0
BRH:0
end_of_record
TN:
SF:/home/jafet/projetos/sd-03-recipes-app-03/src/components/Recipes/RecipeCard/RecipeCard.js
FN:11,(anonymous_0)
FN:17,(anonymous_1)
FN:30,(anonymous_2)
FN:37,(anonymous_3)
FN:59,(anonymous_4)
FN:74,(anonymous_5)
FNF:6
FNH:6
FNDA:780,(anonymous_0)
FNDA:2,(anonymous_1)
FNDA:780,(anonymous_2)
FNDA:2,(anonymous_3)
FNDA:780,(anonymous_4)
FNDA:784,(anonymous_5)
DA:11,4
DA:12,780
DA:13,780
DA:17,2
DA:30,4
DA:31,780
DA:32,780
DA:37,2
DA:59,4
DA:60,780
DA:61,780
DA:74,4
DA:75,784
DA:76,784
DA:77,784
DA:78,780
DA:89,4
DA:93,4
LF:18
LH:18
BRDA:22,0,0,10
BRDA:22,0,1,770
BRDA:40,1,0,10
BRDA:40,1,1,770
BRDA:45,2,0,475
BRDA:45,2,1,305
BRDA:49,3,0,780
BRDA:49,3,1,10
BRDA:63,4,0,780
BRDA:63,4,1,10
BRDA:68,5,0,5
BRDA:68,5,1,5
BRDA:77,6,0,4
BRDA:77,6,1,780
BRDA:79,7,0,10
BRDA:79,7,1,770
BRF:16
BRH:16
end_of_record
TN:
SF:/home/jafet/projetos/sd-03-recipes-app-03/src/components/Recipes/RecipeList/RecipeList.js
FN:11,(anonymous_0)
FN:17,(anonymous_1)
FN:19,(anonymous_2)
FN:21,(anonymous_3)
FN:25,(anonymous_4)
FN:29,(anonymous_5)
FN:39,(anonymous_6)
FN:43,(anonymous_7)
FN:49,(anonymous_8)
FN:49,(anonymous_9)
FN:53,(anonymous_10)
FN:53,(anonymous_11)
FN:56,(anonymous_12)
FN:70,(anonymous_13)
FN:77,(anonymous_14)
FNF:15
FNH:13
FNDA:10,(anonymous_0)
FNDA:9,(anonymous_1)
FNDA:1,(anonymous_2)
FNDA:2,(anonymous_3)
FNDA:27,(anonymous_4)
FNDA:1,(anonymous_5)
FNDA:77,(anonymous_6)
FNDA:22,(anonymous_7)
FNDA:12,(anonymous_8)
FNDA:0,(anonymous_9)
FNDA:7,(anonymous_10)
FNDA:0,(anonymous_11)
FNDA:29,(anonymous_12)
FNDA:770,(anonymous_13)
FNDA:10,(anonymous_14)
DA:11,10
DA:17,4
DA:18,9
DA:19,9
DA:20,1
DA:21,2
DA:23,9
DA:26,27
DA:29,1
DA:39,4
DA:40,77
DA:41,77
DA:42,77
DA:43,77
DA:44,22
DA:45,3
DA:47,22
DA:48,12
DA:49,12
DA:51,22
DA:52,7
DA:53,7
DA:56,77
DA:57,29
DA:60,77
DA:71,770
DA:78,10
DA:90,4
LF:28
LH:28
BRDA:20,0,0,0
BRDA:20,0,1,1
BRDA:44,1,0,3
BRDA:44,1,1,19
BRDA:47,2,0,12
BRDA:47,2,1,10
BRDA:51,3,0,7
BRDA:51,3,1,15
BRDA:62,4,0,77
BRDA:62,4,1,68
BRDA:68,5,0,77
BRDA:68,5,1,9
BRDA:70,6,0,77
BRDA:70,6,1,68
BRDA:77,7,0,77
BRDA:77,7,1,9
BRF:16
BRH:15
end_of_record
TN:
SF:/home/jafet/projetos/sd-03-recipes-app-03/src/components/Share/ShareButton.js
FN:7,(anonymous_0)
FN:9,(anonymous_1)
FN:15,(anonymous_2)
FNF:3
FNH:1
FNDA:75,(anonymous_0)
FNDA:0,(anonymous_1)
FNDA:0,(anonymous_2)
DA:7,7
DA:8,75
DA:9,75
DA:10,0
DA:12,0
DA:14,75
DA:15,0
DA:25,7
DA:29,7
LF:9
LH:6
BRDA:17,0,0,13
BRDA:17,0,1,62
BRDA:20,1,0,75
BRDA:20,1,1,0
BRF:4
BRH:3
end_of_record
TN:
SF:/home/jafet/projetos/sd-03-recipes-app-03/src/pages/DetailsPage/RecipeButtonControl.js
FN:6,(anonymous_0)
FN:12,(anonymous_1)
FNF:2
FNH:2
FNDA:39,(anonymous_0)
FNDA:3,(anonymous_1)
DA:6,2
DA:7,39
DA:8,39
DA:10,39
DA:12,3
DA:13,2
DA:14,37
DA:19,2
DA:29,35
LF:9
LH:9
BRDA:10,0,0,2
BRDA:10,0,1,37
BRDA:11,1,0,39
BRDA:11,1,1,3
BRDA:14,2,0,2
BRDA:14,2,1,35
BRDA:15,3,0,37
BRDA:15,3,1,24
BRDA:15,3,2,2
BRF:9
BRH:9
end_of_record
TN:
SF:/home/jafet/projetos/sd-03-recipes-app-03/src/pages/DetailsPage/DetailsRecipePage/DetailsRecipeContent.js
FN:9,(anonymous_0)
FN:19,(anonymous_1)
FN:25,(anonymous_2)
FN:31,(anonymous_3)
FN:36,(anonymous_4)
FN:37,(anonymous_5)
FNF:6
FNH:5
FNDA:65,(anonymous_0)
FNDA:13,(anonymous_1)
FNDA:13,(anonymous_2)
FNDA:0,(anonymous_3)
FNDA:13,(anonymous_4)
FNDA:26,(anonymous_5)
DA:9,2
DA:10,65
DA:11,65
DA:13,65
DA:15,65
DA:16,65
DA:19,65
DA:20,13
DA:21,12
DA:22,12
DA:25,65
DA:26,13
DA:27,1
DA:28,1
DA:31,65
DA:32,0
DA:33,0
DA:36,65
DA:37,13
DA:38,26
DA:39,26
DA:40,13
DA:42,13
DA:45,13
DA:46,12
DA:47,12
DA:49,1
DA:50,1
DA:54,65
LF:29
LH:27
BRDA:20,0,0,1
BRDA:20,0,1,12
BRDA:26,1,0,12
BRDA:26,1,1,1
BRDA:37,2,0,13
BRDA:39,3,0,13
BRDA:39,3,1,13
BRDA:39,4,0,26
BRDA:39,4,1,14
BRDA:45,5,0,12
BRDA:45,5,1,1
BRF:11
BRH:11
end_of_record
TN:
SF:/home/jafet/projetos/sd-03-recipes-app-03/src/pages/DetailsPage/DetailsRecipePage/DetailsRecipesPage.js
FN:6,(anonymous_0)
FNF:1
FNH:1
FNDA:65,(anonymous_0)
DA:6,2
DA:7,65
DA:9,65
DA:10,39
DA:15,2
LF:5
LH:5
BRDA:9,0,0,26
BRDA:9,0,1,39
BRF:2
BRH:2
end_of_record
TN:
SF:/home/jafet/projetos/sd-03-recipes-app-03/src/pages/DetailsPage/DetailsRecipePage/Ingredients.js
FN:4,(anonymous_0)
FN:12,(anonymous_1)
FNF:2
FNH:2
FNDA:39,(anonymous_0)
FNDA:318,(anonymous_1)
DA:4,2
DA:5,39
DA:6,39
DA:8,39
DA:13,318
LF:5
LH:5
BRDA:6,0,0,13
BRF:1
BRH:1
end_of_record
TN:
SF:/home/jafet/projetos/sd-03-recipes-app-03/src/pages/DetailsPage/DetailsRecipePage/RecipeComponent.js
FN:10,(anonymous_0)
FNF:1
FNH:1
FNDA:39,(anonymous_0)
DA:10,2
DA:11,39
DA:12,39
DA:14,39
LF:4
LH:4
BRDA:23,0,0,24
BRDA:23,0,1,15
BRF:2
BRH:2
end_of_record
TN:
SF:/home/jafet/projetos/sd-03-recipes-app-03/src/pages/DetailsPage/DetailsRecipePage/RecommendedCard.js
FN:8,(anonymous_0)
FN:13,(anonymous_1)
FNF:2
FNH:2
FNDA:78,(anonymous_0)
FNDA:78,(anonymous_1)
DA:8,2
DA:9,78
DA:10,78
DA:11,78
DA:13,78
DA:14,78
DA:15,72
DA:18,78
DA:42,2
DA:47,2
LF:10
LH:10
BRDA:14,0,0,6
BRDA:14,0,1,72
BRDA:25,1,0,78
BRDA:25,1,1,6
BRDA:28,2,0,6
BRDA:28,2,1,72
BRF:6
BRH:6
end_of_record
TN:
SF:/home/jafet/projetos/sd-03-recipes-app-03/src/pages/DetailsPage/DetailsRecipePage/RecommendedContainerComponent.js
FN:6,(anonymous_0)
FN:13,(anonymous_1)
FNF:2
FNH:2
FNDA:39,(anonymous_0)
FNDA:78,(anonymous_1)
DA:6,2
DA:7,39
DA:9,39
DA:14,78
LF:4
LH:4
BRF:0
BRH:0
end_of_record
TN:
SF:/home/jafet/projetos/sd-03-recipes-app-03/src/pages/DoneRecipes/DoneRecipesList.js
FN:11,(anonymous_0)
FN:17,(anonymous_1)
FN:19,(anonymous_2)
FN:21,(anonymous_3)
FN:25,(anonymous_4)
FN:29,(anonymous_5)
FN:39,(anonymous_6)
FN:43,(anonymous_7)
FN:56,(anonymous_8)
FN:69,(anonymous_9)
FN:76,(anonymous_10)
FNF:11
FNH:11
FNDA:2,(anonymous_0)
FNDA:2,(anonymous_1)
FNDA:1,(anonymous_2)
FNDA:1,(anonymous_3)
FNDA:6,(anonymous_4)
FNDA:1,(anonymous_5)
FNDA:3,(anonymous_6)
FNDA:1,(anonymous_7)
FNDA:1,(anonymous_8)
FNDA:1,(anonymous_9)
FNDA:2,(anonymous_10)
DA:11,2
DA:17,2
DA:18,2
DA:19,2
DA:20,1
DA:21,1
DA:23,2
DA:26,6
DA:29,1
DA:39,2
DA:40,3
DA:41,3
DA:42,3
DA:43,3
DA:44,1
DA:45,1
DA:56,3
DA:57,1
DA:59,3
DA:70,1
DA:77,2
DA:89,2
LF:22
LH:22
BRDA:20,0,0,0
BRDA:20,0,1,1
BRDA:44,1,0,1
BRDA:44,1,1,0
BRDA:61,2,0,3
BRDA:61,2,1,1
BRDA:67,3,0,3
BRDA:67,3,1,2
BRDA:69,4,0,3
BRDA:69,4,1,1
BRDA:76,5,0,3
BRDA:76,5,1,2
BRF:12
BRH:10
end_of_record
TN:
SF:/home/jafet/projetos/sd-03-recipes-app-03/src/pages/DrinkMainPage/Drinks.js
FN:9,(anonymous_0)
FN:14,(anonymous_1)
FNF:2
FNH:2
FNDA:24,(anonymous_0)
FNDA:7,(anonymous_1)
DA:9,2
DA:10,24
DA:11,24
DA:12,24
DA:14,24
DA:15,7
DA:18,24
DA:20,17
DA:21,17
DA:29,0
LF:10
LH:9
BRDA:11,0,0,0
BRDA:18,1,0,7
BRDA:18,1,1,17
BRDA:20,2,0,17
BRDA:20,2,1,0
BRDA:24,3,0,0
BRDA:24,3,1,17
BRDA:32,4,0,0
BRDA:32,4,1,0
BRF:9
BRH:4
end_of_record
TN:
SF:/home/jafet/projetos/sd-03-recipes-app-03/src/pages/ExplorerPages/Explorer.js
FN:7,Explorar
FNF:1
FNH:1
FNDA:2,Explorar
DA:8,2
LF:1
LH:1
BRF:0
BRH:0
end_of_record
TN:
SF:/home/jafet/projetos/sd-03-recipes-app-03/src/pages/ExplorerPages/ExplorerByIngredients.js
FN:13,(anonymous_0)
FN:29,(anonymous_1)
FN:41,renderCards
FN:44,(anonymous_3)
FN:52,(anonymous_4)
FN:78,ExplorerByIngredients
FN:84,(anonymous_6)
FNF:7
FNH:5
FNDA:2,(anonymous_0)
FNDA:0,(anonymous_1)
FNDA:3,renderCards
FNDA:3,(anonymous_3)
FNDA:0,(anonymous_4)
FNDA:8,ExplorerByIngredients
FNDA:2,(anonymous_6)
DA:13,2
DA:14,2
DA:15,1
DA:16,1
DA:17,1
DA:18,1
DA:19,1
DA:20,1
DA:21,1
DA:22,1
DA:23,1
DA:24,1
DA:25,1
DA:29,2
DA:30,0
DA:31,0
DA:32,0
DA:33,0
DA:35,0
DA:36,0
DA:37,0
DA:42,3
DA:45,3
DA:52,0
DA:79,8
DA:80,8
DA:81,8
DA:82,8
DA:83,8
DA:84,8
DA:85,2
DA:88,8
DA:90,3
LF:33
LH:25
BRDA:14,0,0,1
BRDA:14,0,1,1
BRDA:20,1,0,1
BRDA:20,1,1,0
BRDA:30,2,0,0
BRDA:30,2,1,0
BRDA:45,3,0,3
BRDA:45,3,1,3
BRDA:52,4,0,0
BRDA:52,4,1,0
BRDA:58,5,0,3
BRDA:58,5,1,3
BRDA:59,6,0,3
BRDA:59,6,1,3
BRDA:62,7,0,3
BRDA:62,7,1,3
BRDA:88,8,0,5
BRDA:88,8,1,3
BRF:18
BRH:13
end_of_record
TN:
SF:/home/jafet/projetos/sd-03-recipes-app-03/src/pages/ExplorerPages/ExplorerByOrigem.js
FN:10,(anonymous_0)
FN:12,(anonymous_1)
FN:15,(anonymous_2)
FN:25,renderCards
FN:27,(anonymous_4)
FN:60,ExplorerByArea
FN:65,(anonymous_6)
FN:69,(anonymous_7)
FN:81,(anonymous_8)
FN:85,(anonymous_9)
FNF:10
FNH:9
FNDA:1,(anonymous_0)
FNDA:1,(anonymous_1)
FNDA:1,(anonymous_2)
FNDA:2,renderCards
FNDA:1,(anonymous_4)
FNDA:3,ExplorerByArea
FNDA:1,(anonymous_6)
FNDA:1,(anonymous_7)
FNDA:0,(anonymous_8)
FNDA:2,(anonymous_9)
DA:10,2
DA:11,1
DA:12,1
DA:15,2
DA:16,1
DA:17,1
DA:18,1
DA:20,0
DA:21,0
DA:26,2
DA:28,1
DA:61,3
DA:62,3
DA:63,3
DA:65,3
DA:66,1
DA:69,3
DA:70,1
DA:73,3
DA:74,2
DA:81,0
DA:86,2
LF:22
LH:19
BRDA:16,0,0,1
BRDA:16,0,1,0
BRDA:27,1,0,2
BRDA:27,1,1,1
BRDA:28,2,0,1
BRDA:28,2,1,1
BRDA:73,3,0,1
BRDA:73,3,1,2
BRF:8
BRH:7
end_of_record
TN:
SF:/home/jafet/projetos/sd-03-recipes-app-03/src/pages/ExplorerPages/ExplorerDrinkOrFood.js
FN:10,(anonymous_0)
FN:22,buttonFoodOrDrink
FN:36,(anonymous_2)
FN:64,ExplorerDrinkOrFoods
FN:67,(anonymous_4)
FNF:5
FNH:5
FNDA:3,(anonymous_0)
FNDA:7,buttonFoodOrDrink
FNDA:4,(anonymous_2)
FNDA:4,ExplorerDrinkOrFoods
FNDA:3,(anonymous_4)
DA:10,2
DA:11,3
DA:12,2
DA:13,1
DA:14,1
DA:15,1
DA:16,1
DA:17,0
DA:18,0
DA:23,7
DA:36,2
DA:37,4
DA:38,3
DA:51,1
DA:65,4
DA:66,4
DA:67,4
DA:68,3
DA:71,4
DA:72,3
DA:83,1
LF:21
LH:19
BRDA:11,0,0,2
BRDA:11,0,1,1
BRDA:15,1,0,1
BRDA:15,1,1,0
BRDA:37,2,0,3
BRDA:37,2,1,1
BRDA:71,3,0,3
BRDA:71,3,1,1
BRF:8
BRH:7
end_of_record
TN:
SF:/home/jafet/projetos/sd-03-recipes-app-03/src/pages/ExplorerPages/NotFound.js
FN:3,(anonymous_0)
FNF:1
FNH:0
FNDA:0,(anonymous_0)
DA:3,1
LF:1
LH:1
BRF:0
BRH:0
end_of_record
TN:
SF:/home/jafet/projetos/sd-03-recipes-app-03/src/pages/FavoriteRecipes/FavoriteRecipes.js
FN:6,(anonymous_0)
FN:9,(anonymous_1)
FN:14,(anonymous_2)
FNF:3
FNH:3
FNDA:7,(anonymous_0)
FNDA:4,(anonymous_1)
FNDA:3,(anonymous_2)
DA:6,2
DA:7,7
DA:8,7
DA:9,7
DA:10,4
DA:11,3
DA:14,7
DA:15,3
DA:16,1
DA:19,7
LF:10
LH:10
BRDA:10,0,0,3
BRDA:10,0,1,1
BRDA:15,1,0,1
BRDA:15,1,1,2
BRF:4
BRH:4
end_of_record
TN:
SF:/home/jafet/projetos/sd-03-recipes-app-03/src/pages/FoodMainPage/Foods.js
FN:9,(anonymous_0)
FN:14,(anonymous_1)
FNF:2
FNH:2
FNDA:39,(anonymous_0)
FNDA:13,(anonymous_1)
DA:9,2
DA:10,39
DA:11,39
DA:12,39
DA:14,39
DA:15,13
DA:18,39
DA:20,26
DA:21,26
DA:29,0
LF:10
LH:9
BRDA:11,0,0,0
BRDA:12,1,0,0
BRDA:18,2,0,13
BRDA:18,2,1,26
BRDA:20,3,0,26
BRDA:20,3,1,0
BRDA:24,4,0,0
BRDA:24,4,1,26
BRDA:32,5,0,0
BRDA:32,5,1,0
BRF:10
BRH:4
end_of_record
TN:
SF:/home/jafet/projetos/sd-03-recipes-app-03/src/pages/FoodMainPage/Context/FoodContext.js
FNF:0
FNH:0
DA:3,10
LF:1
LH:1
BRF:0
BRH:0
end_of_record
TN:
SF:/home/jafet/projetos/sd-03-recipes-app-03/src/pages/FoodMainPage/Context/FoodProvider.js
FN:7,(anonymous_0)
FN:14,(anonymous_1)
FN:17,(anonymous_2)
FN:19,(anonymous_3)
FN:21,(anonymous_4)
FN:23,(anonymous_5)
FN:26,(anonymous_6)
FN:28,(anonymous_7)
FN:30,(anonymous_8)
FNF:9
FNH:7
FNDA:118,(anonymous_0)
FNDA:12,(anonymous_1)
FNDA:12,(anonymous_2)
FNDA:13,(anonymous_3)
FNDA:0,(anonymous_4)
FNDA:7,(anonymous_5)
FNDA:7,(anonymous_6)
FNDA:7,(anonymous_7)
FNDA:0,(anonymous_8)
DA:7,10
DA:8,118
DA:9,118
DA:10,118
DA:11,118
DA:12,118
DA:14,118
DA:15,12
DA:16,12
DA:17,12
DA:19,118
DA:20,13
DA:21,0
DA:23,118
DA:24,7
DA:25,7
DA:26,7
DA:28,118
DA:29,7
DA:30,0
DA:32,118
DA:45,118
DA:52,10
LF:23
LH:21
BRF:0
BRH:0
end_of_record
TN:
SF:/home/jafet/projetos/sd-03-recipes-app-03/src/pages/Login/Login.js
FN:7,(anonymous_0)
FN:11,(anonymous_1)
FN:14,(anonymous_2)
FN:17,(anonymous_3)
FN:19,(anonymous_4)
FN:22,(anonymous_5)
FN:34,(anonymous_6)
FN:36,(anonymous_7)
FN:41,(anonymous_8)
FNF:9
FNH:9
FNDA:9,(anonymous_0)
FNDA:3,(anonymous_1)
FNDA:3,(anonymous_2)
FNDA:3,(anonymous_3)
FNDA:3,(anonymous_4)
FNDA:1,(anonymous_5)
FNDA:3,(anonymous_6)
FNDA:3,(anonymous_7)
FNDA:1,(anonymous_8)
DA:7,1
DA:8,9
DA:9,9
DA:11,9
DA:12,3
DA:13,3
DA:14,3
DA:17,9
DA:18,3
DA:19,3
DA:22,9
DA:23,1
DA:24,1
DA:25,1
DA:28,9
DA:34,3
DA:36,3
DA:41,1
LF:18
LH:18
BRDA:13,0,0,3
BRDA:13,0,1,0
BRDA:18,1,0,2
BRDA:18,1,1,1
BRDA:42,2,0,9
BRDA:42,2,1,4
BRF:6
BRH:5
end_of_record
TN:
SF:/home/jafet/projetos/sd-03-recipes-app-03/src/pages/RecipesInProgress/RecipeInProgressProvider.js
FN:7,(anonymous_0)
FN:12,(anonymous_1)
FN:13,(anonymous_2)
FN:14,(anonymous_3)
FN:16,(anonymous_4)
FNF:5
FNH:5
FNDA:108,(anonymous_0)
FNDA:10,(anonymous_1)
FNDA:13,(anonymous_2)
FNDA:13,(anonymous_3)
FNDA:325,(anonymous_4)
DA:5,10
DA:7,10
DA:8,108
DA:9,108
DA:10,108
DA:12,108
DA:13,108
DA:14,108
DA:15,13
DA:16,325
DA:17,13
DA:20,108
DA:29,108
DA:36,10
LF:14
LH:14
BRF:0
BRH:0
end_of_record
TN:
SF:/home/jafet/projetos/sd-03-recipes-app-03/src/pages/RecipesInProgress/RecipesInProgressPage/IngredientsCheckbox.js
FN:5,(anonymous_0)
FN:12,(anonymous_1)
FN:14,(anonymous_2)
FN:15,(anonymous_3)
FN:29,(anonymous_4)
FN:32,(anonymous_5)
FN:35,(anonymous_6)
FN:42,(anonymous_7)
FN:44,(anonymous_8)
FN:63,(anonymous_9)
FNF:10
FNH:10
FNDA:39,(anonymous_0)
FNDA:39,(anonymous_1)
FNDA:169,(anonymous_2)
FNDA:91,(anonymous_3)
FNDA:198,(anonymous_4)
FNDA:120,(anonymous_5)
FNDA:36,(anonymous_6)
FNDA:198,(anonymous_7)
FNDA:536,(anonymous_8)
FNDA:39,(anonymous_9)
DA:5,2
DA:6,39
DA:7,13
DA:9,26
DA:12,2
DA:13,39
DA:14,169
DA:15,91
DA:16,13
DA:20,13
DA:22,26
DA:26,26
DA:29,2
DA:30,198
DA:31,198
DA:32,198
DA:33,120
DA:35,36
DA:37,3
DA:38,3
DA:42,198
DA:43,198
DA:44,536
DA:46,68
DA:48,130
DA:51,198
DA:64,39
DA:65,39
DA:66,39
DA:79,2
LF:30
LH:30
BRDA:6,0,0,13
BRDA:6,0,1,26
BRDA:14,1,0,13
BRDA:14,1,1,26
BRDA:33,2,0,3
BRDA:33,2,1,117
BRDA:34,3,0,120
BRDA:34,3,1,120
BRDA:43,4,0,68
BRDA:43,4,1,130
BRF:10
BRH:10
end_of_record
TN:
SF:/home/jafet/projetos/sd-03-recipes-app-03/src/pages/RecipesInProgress/RecipesInProgressPage/RecipeInProgressComponent.js
FN:14,(anonymous_0)
FN:32,(anonymous_1)
FN:36,(anonymous_2)
FN:46,(anonymous_3)
FN:66,(anonymous_4)
FNF:5
FNH:5
FNDA:1,(anonymous_0)
FNDA:24,(anonymous_1)
FNDA:42,(anonymous_2)
FNDA:172,(anonymous_3)
FNDA:1,(anonymous_4)
DA:8,2
DA:9,2
DA:10,2
DA:11,2
DA:12,2
DA:14,2
DA:15,1
DA:16,1
DA:18,1
DA:19,0
DA:21,1
DA:24,1
DA:27,1
DA:28,1
DA:29,1
DA:32,2
DA:33,24
DA:34,24
DA:35,24
DA:36,24
DA:37,42
DA:38,42
DA:39,40
DA:41,24
DA:47,172
DA:66,1
LF:26
LH:25
BRDA:15,0,0,1
BRDA:16,1,0,0
BRDA:18,2,0,0
BRDA:18,2,1,1
BRDA:18,3,0,1
BRDA:18,3,1,1
BRDA:28,4,0,0
BRDA:28,4,1,1
BRDA:35,5,0,10
BRDA:38,6,0,2
BRDA:38,6,1,40
BRF:11
BRH:8
end_of_record
TN:
SF:/home/jafet/projetos/sd-03-recipes-app-03/src/pages/RecipesInProgress/RecipesInProgressPage/RecipesInProgressContent.js
FN:8,(anonymous_0)
FN:25,(anonymous_1)
FN:32,(anonymous_2)
FN:37,(anonymous_3)
FN:42,(anonymous_4)
FN:47,(anonymous_5)
FN:48,(anonymous_6)
FNF:7
FNH:6
FNDA:10,(anonymous_0)
FNDA:40,(anonymous_1)
FNDA:9,(anonymous_2)
FNDA:1,(anonymous_3)
FNDA:0,(anonymous_4)
FNDA:10,(anonymous_5)
FNDA:10,(anonymous_6)
DA:8,2
DA:9,10
DA:10,1
DA:11,1
DA:12,1
DA:14,10
DA:15,10
DA:22,10
DA:25,2
DA:26,40
DA:27,40
DA:28,40
DA:29,40
DA:30,40
DA:32,40
DA:33,9
DA:34,9
DA:37,40
DA:38,1
DA:39,1
DA:42,40
DA:43,0
DA:44,0
DA:47,40
DA:48,10
DA:49,10
DA:50,10
DA:51,9
DA:53,1
DA:55,10
DA:56,9
DA:57,9
DA:59,1
DA:60,1
DA:64,40
LF:35
LH:33
BRDA:9,0,0,1
BRDA:9,0,1,9
BRDA:50,1,0,9
BRDA:50,1,1,1
BRDA:55,2,0,9
BRDA:55,2,1,1
BRF:6
BRH:6
end_of_record
TN:
SF:/home/jafet/projetos/sd-03-recipes-app-03/src/pages/RecipesInProgress/RecipesInProgressPage/RecipesInProgressPage.js
FN:6,(anonymous_0)
FNF:1
FNH:1
FNDA:40,(anonymous_0)
DA:6,2
DA:7,40
DA:9,40
DA:11,20
DA:16,2
LF:5
LH:5
BRDA:9,0,0,20
BRDA:9,0,1,20
BRF:2
BRH:2
end_of_record
TN:
SF:/home/jafet/projetos/sd-03-recipes-app-03/src/pages/UserProfile/Profile.js
FN:8,(anonymous_0)
FN:11,(anonymous_1)
FN:17,(anonymous_2)
FN:31,(anonymous_3)
FN:37,(anonymous_4)
FN:44,(anonymous_5)
FNF:6
FNH:6
FNDA:20,(anonymous_0)
FNDA:13,(anonymous_1)
FNDA:1,(anonymous_2)
FNDA:1,(anonymous_3)
FNDA:1,(anonymous_4)
FNDA:1,(anonymous_5)
DA:8,2
DA:9,20
DA:10,20
DA:11,20
DA:12,13
DA:13,12
DA:17,20
DA:18,1
DA:19,1
DA:22,20
DA:23,15
DA:31,1
DA:37,1
DA:44,1
LF:14
LH:14
BRDA:12,0,0,12
BRDA:12,0,1,1
BRDA:22,1,0,5
BRDA:22,1,1,15
BRF:4
BRH:4
end_of_record
TN:
SF:/home/jafet/projetos/sd-03-recipes-app-03/src/services/searchBarAPI.js
FN:1,(anonymous_0)
FN:3,(anonymous_1)
FN:5,(anonymous_2)
FN:9,(anonymous_3)
FN:11,(anonymous_4)
FN:13,(anonymous_5)
FN:17,(anonymous_6)
FN:19,(anonymous_7)
FN:21,(anonymous_8)
FNF:9
FNH:9
FNDA:2,(anonymous_0)
FNDA:2,(anonymous_1)
FNDA:2,(anonymous_2)
FNDA:1,(anonymous_3)
FNDA:1,(anonymous_4)
FNDA:1,(anonymous_5)
FNDA:1,(anonymous_6)
FNDA:1,(anonymous_7)
FNDA:1,(anonymous_8)
DA:1,7
DA:2,2
DA:3,2
DA:4,2
DA:5,2
DA:9,7
DA:10,1
DA:11,1
DA:12,1
DA:13,1
DA:17,7
DA:18,1
DA:19,1
DA:20,1
DA:21,1
LF:15
LH:15
BRDA:5,0,0,2
BRDA:5,0,1,0
BRDA:13,1,0,1
BRDA:13,1,1,0
BRDA:21,2,0,1
BRDA:21,2,1,0
BRF:6
BRH:3
end_of_record
TN:
SF:/home/jafet/projetos/sd-03-recipes-app-03/src/services/theCockTailAPI.js
FN:1,(anonymous_0)
FN:3,(anonymous_1)
FN:5,(anonymous_2)
FN:10,(anonymous_3)
FN:11,(anonymous_4)
FN:13,(anonymous_5)
FN:18,(anonymous_6)
FN:19,(anonymous_7)
FN:21,(anonymous_8)
FN:25,(anonymous_9)
FN:27,(anonymous_10)
FN:29,(anonymous_11)
FN:34,(anonymous_12)
FN:40,(anonymous_13)
FN:46,(anonymous_14)
FN:48,(anonymous_15)
FN:49,(anonymous_16)
FN:53,(anonymous_17)
FN:55,(anonymous_18)
FN:56,(anonymous_19)
FN:60,(anonymous_20)
FN:62,(anonymous_21)
FN:63,(anonymous_22)
FNF:23
FNH:14
FNDA:19,(anonymous_0)
FNDA:19,(anonymous_1)
FNDA:19,(anonymous_2)
FNDA:7,(anonymous_3)
FNDA:7,(anonymous_4)
FNDA:7,(anonymous_5)
FNDA:1,(anonymous_6)
FNDA:1,(anonymous_7)
FNDA:1,(anonymous_8)
FNDA:2,(anonymous_9)
FNDA:2,(anonymous_10)
FNDA:2,(anonymous_11)
FNDA:1,(anonymous_12)
FNDA:1,(anonymous_13)
FNDA:0,(anonymous_14)
FNDA:0,(anonymous_15)
FNDA:0,(anonymous_16)
FNDA:0,(anonymous_17)
FNDA:0,(anonymous_18)
FNDA:0,(anonymous_19)
FNDA:0,(anonymous_20)
FNDA:0,(anonymous_21)
FNDA:0,(anonymous_22)
DA:1,10
DA:2,19
DA:3,19
DA:4,19
DA:5,19
DA:9,10
DA:10,10
DA:11,7
DA:12,7
DA:13,7
DA:17,10
DA:18,10
DA:19,1
DA:20,1
DA:21,1
DA:25,10
DA:26,2
DA:27,2
DA:28,2
DA:29,2
DA:33,10
DA:34,10
DA:35,1
DA:36,0
DA:39,10
DA:40,10
DA:41,1
DA:42,1
DA:45,10
DA:46,10
DA:47,0
DA:48,0
DA:49,0
DA:52,10
DA:53,10
DA:54,0
DA:55,0
DA:56,0
DA:59,10
DA:60,10
DA:61,0
DA:62,0
DA:63,0
LF:43
LH:33
BRDA:5,0,0,19
BRDA:5,0,1,0
BRDA:13,1,0,7
BRDA:13,1,1,0
BRDA:21,2,0,1
BRDA:21,2,1,0
BRDA:29,3,0,2
BRDA:29,3,1,0
BRDA:49,4,0,0
BRDA:49,4,1,0
BRDA:56,5,0,0
BRDA:56,5,1,0
BRDA:63,6,0,0
BRDA:63,6,1,0
BRF:14
BRH:4
end_of_record
TN:
SF:/home/jafet/projetos/sd-03-recipes-app-03/src/services/theMealAPI.js
FN:1,(anonymous_0)
FN:3,(anonymous_1)
FN:5,(anonymous_2)
FN:10,(anonymous_3)
FN:11,(anonymous_4)
FN:13,(anonymous_5)
FN:20,(anonymous_6)
FN:21,(anonymous_7)
FN:23,(anonymous_8)
FN:27,(anonymous_9)
FN:29,(anonymous_10)
FN:31,(anonymous_11)
FN:36,(anonymous_12)
FN:42,(anonymous_13)
FN:48,(anonymous_14)
FN:54,(anonymous_15)
FN:60,(anonymous_16)
FN:65,(anonymous_17)
FN:71,(anonymous_18)
FN:73,(anonymous_19)
FN:75,(anonymous_20)
FN:79,(anonymous_21)
FN:81,(anonymous_22)
FN:83,(anonymous_23)
FNF:24
FNH:16
FNDA:14,(anonymous_0)
FNDA:13,(anonymous_1)
FNDA:13,(anonymous_2)
FNDA:12,(anonymous_3)
FNDA:12,(anonymous_4)
FNDA:12,(anonymous_5)
FNDA:2,(anonymous_6)
FNDA:2,(anonymous_7)
FNDA:2,(anonymous_8)
FNDA:21,(anonymous_9)
FNDA:21,(anonymous_10)
FNDA:21,(anonymous_11)
FNDA:1,(anonymous_12)
FNDA:2,(anonymous_13)
FNDA:1,(anonymous_14)
FNDA:0,(anonymous_15)
FNDA:1,(anonymous_16)
FNDA:0,(anonymous_17)
FNDA:0,(anonymous_18)
FNDA:0,(anonymous_19)
FNDA:0,(anonymous_20)
FNDA:0,(anonymous_21)
FNDA:0,(anonymous_22)
FNDA:0,(anonymous_23)
DA:1,10
DA:2,14
DA:3,14
DA:4,13
DA:5,13
DA:9,10
DA:10,10
DA:11,12
DA:12,12
DA:13,12
DA:19,10
DA:20,10
DA:21,2
DA:22,2
DA:23,2
DA:27,10
DA:28,21
DA:29,21
DA:30,21
DA:31,21
DA:35,10
DA:36,10
DA:37,1
DA:38,1
DA:41,10
DA:42,10
DA:43,2
DA:44,1
DA:47,10
DA:48,10
DA:49,1
DA:50,1
DA:53,10
DA:54,10
DA:55,0
DA:56,0
DA:59,10
DA:60,10
DA:61,1
DA:62,1
DA:65,10
DA:66,0
DA:67,0
DA:68,0
DA:71,10
DA:72,0
DA:73,0
DA:74,0
DA:75,0
DA:79,10
DA:80,0
DA:81,0
DA:82,0
DA:83,0
LF:54
LH:41
BRDA:5,0,0,13
BRDA:5,0,1,0
BRDA:13,1,0,12
BRDA:13,1,1,0
BRDA:23,2,0,2
BRDA:23,2,1,0
BRDA:31,3,0,21
BRDA:31,3,1,0
BRDA:75,4,0,0
BRDA:75,4,1,0
BRDA:83,5,0,0
BRDA:83,5,1,0
BRF:12
BRH:4
end_of_record
TN:
SF:/home/jafet/projetos/sd-03-recipes-app-03/src/tests/utilitiesTest/mockFetch.js
FNF:0
FNH:0
DA:3,4
LF:1
LH:1
BRF:0
BRH:0
end_of_record
TN:
SF:/home/jafet/projetos/sd-03-recipes-app-03/src/tests/utilitiesTest/renderWithContext.js
FN:9,(anonymous_0)
FNF:1
FNH:1
FNDA:67,(anonymous_0)
DA:9,10
DA:10,67
DA:11,67
DA:12,67
LF:4
LH:4
BRDA:9,0,0,8
BRDA:9,1,0,50
BRF:2
BRH:2
end_of_record
TN:
SF:/home/jafet/projetos/sd-03-recipes-app-03/src/untils/destructureObject.js
FN:3,(anonymous_0)
FNF:1
FNH:1
FNDA:1119,(anonymous_0)
DA:3,10
DA:4,1119
DA:5,1119
DA:6,1119
DA:7,1119
DA:8,1119
DA:9,1119
DA:10,1119
DA:11,516
DA:12,516
DA:13,516
DA:14,516
DA:15,516
DA:16,516
DA:19,1119
DA:20,1119
DA:25,1119
DA:27,1119
DA:45,1119
LF:19
LH:19
BRDA:10,0,0,516
BRDA:10,0,1,603
BRF:2
BRH:2
end_of_record
TN:
SF:/home/jafet/projetos/sd-03-recipes-app-03/src/untils/ingredientsWithQuantity.js
FN:2,(anonymous_0)
FN:4,(anonymous_1)
FNF:2
FNH:2
FNDA:1119,(anonymous_0)
FNDA:18710,(anonymous_1)
DA:2,10
DA:3,1119
DA:4,1119
DA:5,18710
DA:6,7197
DA:7,7197
DA:9,18710
LF:7
LH:7
BRDA:5,0,0,7197
BRDA:5,0,1,11513
BRDA:5,1,0,18710
BRDA:5,1,1,14236
BRDA:6,2,0,7197
BRDA:6,2,1,130
BRF:6
BRH:6
end_of_record
